{"level":"ERROR","location":"[__init_connection:1675] data_ws","message":"No module named 'pyotp'","timestamp":"2026-01-29 13:25:43,716+0530","service":"FyersDataSocket","exception":"Traceback (most recent call last):\n  File \"C:\\Users\\kulje\\OneDrive\\Documents\\Baby Stock Screener\\backend\\venv\\Lib\\site-packages\\fyers_apiv3\\FyersWebsocket\\data_ws.py\", line 272, in access_token_to_hsmtoken\n    self.On_error(\n  File \"C:\\Users\\kulje\\OneDrive\\Documents\\Baby Stock Screener\\backend\\venv\\Lib\\site-packages\\fyers_apiv3\\FyersWebsocket\\data_ws.py\", line 1500, in On_error\n    self.OnError(message)\n  File \"C:\\Users\\kulje\\OneDrive\\Documents\\Baby Stock Screener\\backend\\app\\services\\stream_hub.py\", line 142, in on_error\n    from ..utils import auth_helper\n  File \"C:\\Users\\kulje\\OneDrive\\Documents\\Baby Stock Screener\\backend\\app\\utils\\auth_helper.py\", line 2, in <module>\n    import pyotp\nModuleNotFoundError: No module named 'pyotp'\n\nDuring handling of the above exception, another exception occurred:\n\nTraceback (most recent call last):\n  File \"C:\\Users\\kulje\\OneDrive\\Documents\\Baby Stock Screener\\backend\\venv\\Lib\\site-packages\\fyers_apiv3\\FyersWebsocket\\data_ws.py\", line 1657, in __init_connection\n    if  self.access_token_to_hsmtoken() and self.__valid_token :\n        ^^^^^^^^^^^^^^^^^^^^^^^^^^^^^^^\n  File \"C:\\Users\\kulje\\OneDrive\\Documents\\Baby Stock Screener\\backend\\venv\\Lib\\site-packages\\fyers_apiv3\\FyersWebsocket\\data_ws.py\", line 287, in access_token_to_hsmtoken\n    self.On_error(\n  File \"C:\\Users\\kulje\\OneDrive\\Documents\\Baby Stock Screener\\backend\\venv\\Lib\\site-packages\\fyers_apiv3\\FyersWebsocket\\data_ws.py\", line 1500, in On_error\n    self.OnError(message)\n  File \"C:\\Users\\kulje\\OneDrive\\Documents\\Baby Stock Screener\\backend\\app\\services\\stream_hub.py\", line 142, in on_error\n    from ..utils import auth_helper\n  File \"C:\\Users\\kulje\\OneDrive\\Documents\\Baby Stock Screener\\backend\\app\\utils\\auth_helper.py\", line 2, in <module>\n    import pyotp\nModuleNotFoundError: No module named 'pyotp'","exception_name":"ModuleNotFoundError"}
{"level":"ERROR","location":"[__init_connection:1675] data_ws","message":"No module named 'pyotp'","timestamp":"2026-01-29 13:26:03,170+0530","service":"FyersDataSocket","exception":"Traceback (most recent call last):\n  File \"C:\\Users\\kulje\\OneDrive\\Documents\\Baby Stock Screener\\backend\\venv\\Lib\\site-packages\\fyers_apiv3\\FyersWebsocket\\data_ws.py\", line 272, in access_token_to_hsmtoken\n    self.On_error(\n  File \"C:\\Users\\kulje\\OneDrive\\Documents\\Baby Stock Screener\\backend\\venv\\Lib\\site-packages\\fyers_apiv3\\FyersWebsocket\\data_ws.py\", line 1500, in On_error\n    self.OnError(message)\n  File \"C:\\Users\\kulje\\OneDrive\\Documents\\Baby Stock Screener\\backend\\app\\services\\stream_hub.py\", line 142, in on_error\n    from ..utils import auth_helper\n  File \"C:\\Users\\kulje\\OneDrive\\Documents\\Baby Stock Screener\\backend\\app\\utils\\auth_helper.py\", line 2, in <module>\n    import pyotp\nModuleNotFoundError: No module named 'pyotp'\n\nDuring handling of the above exception, another exception occurred:\n\nTraceback (most recent call last):\n  File \"C:\\Users\\kulje\\OneDrive\\Documents\\Baby Stock Screener\\backend\\venv\\Lib\\site-packages\\fyers_apiv3\\FyersWebsocket\\data_ws.py\", line 1657, in __init_connection\n    if  self.access_token_to_hsmtoken() and self.__valid_token :\n        ^^^^^^^^^^^^^^^^^^^^^^^^^^^^^^^\n  File \"C:\\Users\\kulje\\OneDrive\\Documents\\Baby Stock Screener\\backend\\venv\\Lib\\site-packages\\fyers_apiv3\\FyersWebsocket\\data_ws.py\", line 287, in access_token_to_hsmtoken\n    self.On_error(\n  File \"C:\\Users\\kulje\\OneDrive\\Documents\\Baby Stock Screener\\backend\\venv\\Lib\\site-packages\\fyers_apiv3\\FyersWebsocket\\data_ws.py\", line 1500, in On_error\n    self.OnError(message)\n  File \"C:\\Users\\kulje\\OneDrive\\Documents\\Baby Stock Screener\\backend\\app\\services\\stream_hub.py\", line 142, in on_error\n    from ..utils import auth_helper\n  File \"C:\\Users\\kulje\\OneDrive\\Documents\\Baby Stock Screener\\backend\\app\\utils\\auth_helper.py\", line 2, in <module>\n    import pyotp\nModuleNotFoundError: No module named 'pyotp'","exception_name":"ModuleNotFoundError"}
{"level":"ERROR","location":"[__init_connection:1675] data_ws","message":"No module named 'pyotp'","timestamp":"2026-01-29 13:26:20,530+0530","service":"FyersDataSocket","exception":"Traceback (most recent call last):\n  File \"C:\\Users\\kulje\\OneDrive\\Documents\\Baby Stock Screener\\backend\\venv\\Lib\\site-packages\\fyers_apiv3\\FyersWebsocket\\data_ws.py\", line 272, in access_token_to_hsmtoken\n    self.On_error(\n  File \"C:\\Users\\kulje\\OneDrive\\Documents\\Baby Stock Screener\\backend\\venv\\Lib\\site-packages\\fyers_apiv3\\FyersWebsocket\\data_ws.py\", line 1500, in On_error\n    self.OnError(message)\n  File \"C:\\Users\\kulje\\OneDrive\\Documents\\Baby Stock Screener\\backend\\app\\services\\stream_hub.py\", line 142, in on_error\n    from ..utils import auth_helper\n  File \"C:\\Users\\kulje\\OneDrive\\Documents\\Baby Stock Screener\\backend\\app\\utils\\auth_helper.py\", line 2, in <module>\n    import pyotp\nModuleNotFoundError: No module named 'pyotp'\n\nDuring handling of the above exception, another exception occurred:\n\nTraceback (most recent call last):\n  File \"C:\\Users\\kulje\\OneDrive\\Documents\\Baby Stock Screener\\backend\\venv\\Lib\\site-packages\\fyers_apiv3\\FyersWebsocket\\data_ws.py\", line 1657, in __init_connection\n    if  self.access_token_to_hsmtoken() and self.__valid_token :\n        ^^^^^^^^^^^^^^^^^^^^^^^^^^^^^^^\n  File \"C:\\Users\\kulje\\OneDrive\\Documents\\Baby Stock Screener\\backend\\venv\\Lib\\site-packages\\fyers_apiv3\\FyersWebsocket\\data_ws.py\", line 287, in access_token_to_hsmtoken\n    self.On_error(\n  File \"C:\\Users\\kulje\\OneDrive\\Documents\\Baby Stock Screener\\backend\\venv\\Lib\\site-packages\\fyers_apiv3\\FyersWebsocket\\data_ws.py\", line 1500, in On_error\n    self.OnError(message)\n  File \"C:\\Users\\kulje\\OneDrive\\Documents\\Baby Stock Screener\\backend\\app\\services\\stream_hub.py\", line 142, in on_error\n    from ..utils import auth_helper\n  File \"C:\\Users\\kulje\\OneDrive\\Documents\\Baby Stock Screener\\backend\\app\\utils\\auth_helper.py\", line 2, in <module>\n    import pyotp\nModuleNotFoundError: No module named 'pyotp'","exception_name":"ModuleNotFoundError"}
{"level":"ERROR","location":"[__init_connection:1675] data_ws","message":"No module named 'pyotp'","timestamp":"2026-01-29 13:26:38,638+0530","service":"FyersDataSocket","exception":"Traceback (most recent call last):\n  File \"C:\\Users\\kulje\\OneDrive\\Documents\\Baby Stock Screener\\backend\\venv\\Lib\\site-packages\\fyers_apiv3\\FyersWebsocket\\data_ws.py\", line 272, in access_token_to_hsmtoken\n    self.On_error(\n  File \"C:\\Users\\kulje\\OneDrive\\Documents\\Baby Stock Screener\\backend\\venv\\Lib\\site-packages\\fyers_apiv3\\FyersWebsocket\\data_ws.py\", line 1500, in On_error\n    self.OnError(message)\n  File \"C:\\Users\\kulje\\OneDrive\\Documents\\Baby Stock Screener\\backend\\app\\services\\stream_hub.py\", line 142, in on_error\n    from ..utils import auth_helper\n  File \"C:\\Users\\kulje\\OneDrive\\Documents\\Baby Stock Screener\\backend\\app\\utils\\auth_helper.py\", line 2, in <module>\n    import pyotp\nModuleNotFoundError: No module named 'pyotp'\n\nDuring handling of the above exception, another exception occurred:\n\nTraceback (most recent call last):\n  File \"C:\\Users\\kulje\\OneDrive\\Documents\\Baby Stock Screener\\backend\\venv\\Lib\\site-packages\\fyers_apiv3\\FyersWebsocket\\data_ws.py\", line 1657, in __init_connection\n    if  self.access_token_to_hsmtoken() and self.__valid_token :\n        ^^^^^^^^^^^^^^^^^^^^^^^^^^^^^^^\n  File \"C:\\Users\\kulje\\OneDrive\\Documents\\Baby Stock Screener\\backend\\venv\\Lib\\site-packages\\fyers_apiv3\\FyersWebsocket\\data_ws.py\", line 287, in access_token_to_hsmtoken\n    self.On_error(\n  File \"C:\\Users\\kulje\\OneDrive\\Documents\\Baby Stock Screener\\backend\\venv\\Lib\\site-packages\\fyers_apiv3\\FyersWebsocket\\data_ws.py\", line 1500, in On_error\n    self.OnError(message)\n  File \"C:\\Users\\kulje\\OneDrive\\Documents\\Baby Stock Screener\\backend\\app\\services\\stream_hub.py\", line 142, in on_error\n    from ..utils import auth_helper\n  File \"C:\\Users\\kulje\\OneDrive\\Documents\\Baby Stock Screener\\backend\\app\\utils\\auth_helper.py\", line 2, in <module>\n    import pyotp\nModuleNotFoundError: No module named 'pyotp'","exception_name":"ModuleNotFoundError"}
{"level":"ERROR","location":"[__init_connection:1675] data_ws","message":"No module named 'pyotp'","timestamp":"2026-01-29 13:26:56,037+0530","service":"FyersDataSocket","exception":"Traceback (most recent call last):\n  File \"C:\\Users\\kulje\\OneDrive\\Documents\\Baby Stock Screener\\backend\\venv\\Lib\\site-packages\\fyers_apiv3\\FyersWebsocket\\data_ws.py\", line 272, in access_token_to_hsmtoken\n    self.On_error(\n  File \"C:\\Users\\kulje\\OneDrive\\Documents\\Baby Stock Screener\\backend\\venv\\Lib\\site-packages\\fyers_apiv3\\FyersWebsocket\\data_ws.py\", line 1500, in On_error\n    self.OnError(message)\n  File \"C:\\Users\\kulje\\OneDrive\\Documents\\Baby Stock Screener\\backend\\app\\services\\stream_hub.py\", line 142, in on_error\n    from ..utils import auth_helper\n  File \"C:\\Users\\kulje\\OneDrive\\Documents\\Baby Stock Screener\\backend\\app\\utils\\auth_helper.py\", line 2, in <module>\n    import pyotp\nModuleNotFoundError: No module named 'pyotp'\n\nDuring handling of the above exception, another exception occurred:\n\nTraceback (most recent call last):\n  File \"C:\\Users\\kulje\\OneDrive\\Documents\\Baby Stock Screener\\backend\\venv\\Lib\\site-packages\\fyers_apiv3\\FyersWebsocket\\data_ws.py\", line 1657, in __init_connection\n    if  self.access_token_to_hsmtoken() and self.__valid_token :\n        ^^^^^^^^^^^^^^^^^^^^^^^^^^^^^^^\n  File \"C:\\Users\\kulje\\OneDrive\\Documents\\Baby Stock Screener\\backend\\venv\\Lib\\site-packages\\fyers_apiv3\\FyersWebsocket\\data_ws.py\", line 287, in access_token_to_hsmtoken\n    self.On_error(\n  File \"C:\\Users\\kulje\\OneDrive\\Documents\\Baby Stock Screener\\backend\\venv\\Lib\\site-packages\\fyers_apiv3\\FyersWebsocket\\data_ws.py\", line 1500, in On_error\n    self.OnError(message)\n  File \"C:\\Users\\kulje\\OneDrive\\Documents\\Baby Stock Screener\\backend\\app\\services\\stream_hub.py\", line 142, in on_error\n    from ..utils import auth_helper\n  File \"C:\\Users\\kulje\\OneDrive\\Documents\\Baby Stock Screener\\backend\\app\\utils\\auth_helper.py\", line 2, in <module>\n    import pyotp\nModuleNotFoundError: No module named 'pyotp'","exception_name":"ModuleNotFoundError"}
{"level":"ERROR","location":"[__init_connection:1675] data_ws","message":"No module named 'pyotp'","timestamp":"2026-01-29 13:27:14,127+0530","service":"FyersDataSocket","exception":"Traceback (most recent call last):\n  File \"C:\\Users\\kulje\\OneDrive\\Documents\\Baby Stock Screener\\backend\\venv\\Lib\\site-packages\\fyers_apiv3\\FyersWebsocket\\data_ws.py\", line 272, in access_token_to_hsmtoken\n    self.On_error(\n  File \"C:\\Users\\kulje\\OneDrive\\Documents\\Baby Stock Screener\\backend\\venv\\Lib\\site-packages\\fyers_apiv3\\FyersWebsocket\\data_ws.py\", line 1500, in On_error\n    self.OnError(message)\n  File \"C:\\Users\\kulje\\OneDrive\\Documents\\Baby Stock Screener\\backend\\app\\services\\stream_hub.py\", line 142, in on_error\n    from ..utils import auth_helper\n  File \"C:\\Users\\kulje\\OneDrive\\Documents\\Baby Stock Screener\\backend\\app\\utils\\auth_helper.py\", line 2, in <module>\n    import pyotp\nModuleNotFoundError: No module named 'pyotp'\n\nDuring handling of the above exception, another exception occurred:\n\nTraceback (most recent call last):\n  File \"C:\\Users\\kulje\\OneDrive\\Documents\\Baby Stock Screener\\backend\\venv\\Lib\\site-packages\\fyers_apiv3\\FyersWebsocket\\data_ws.py\", line 1657, in __init_connection\n    if  self.access_token_to_hsmtoken() and self.__valid_token :\n        ^^^^^^^^^^^^^^^^^^^^^^^^^^^^^^^\n  File \"C:\\Users\\kulje\\OneDrive\\Documents\\Baby Stock Screener\\backend\\venv\\Lib\\site-packages\\fyers_apiv3\\FyersWebsocket\\data_ws.py\", line 287, in access_token_to_hsmtoken\n    self.On_error(\n  File \"C:\\Users\\kulje\\OneDrive\\Documents\\Baby Stock Screener\\backend\\venv\\Lib\\site-packages\\fyers_apiv3\\FyersWebsocket\\data_ws.py\", line 1500, in On_error\n    self.OnError(message)\n  File \"C:\\Users\\kulje\\OneDrive\\Documents\\Baby Stock Screener\\backend\\app\\services\\stream_hub.py\", line 142, in on_error\n    from ..utils import auth_helper\n  File \"C:\\Users\\kulje\\OneDrive\\Documents\\Baby Stock Screener\\backend\\app\\utils\\auth_helper.py\", line 2, in <module>\n    import pyotp\nModuleNotFoundError: No module named 'pyotp'","exception_name":"ModuleNotFoundError"}
{"level":"ERROR","location":"[__init_connection:1675] data_ws","message":"No module named 'pyotp'","timestamp":"2026-01-29 13:27:31,264+0530","service":"FyersDataSocket","exception":"Traceback (most recent call last):\n  File \"C:\\Users\\kulje\\OneDrive\\Documents\\Baby Stock Screener\\backend\\venv\\Lib\\site-packages\\fyers_apiv3\\FyersWebsocket\\data_ws.py\", line 272, in access_token_to_hsmtoken\n    self.On_error(\n  File \"C:\\Users\\kulje\\OneDrive\\Documents\\Baby Stock Screener\\backend\\venv\\Lib\\site-packages\\fyers_apiv3\\FyersWebsocket\\data_ws.py\", line 1500, in On_error\n    self.OnError(message)\n  File \"C:\\Users\\kulje\\OneDrive\\Documents\\Baby Stock Screener\\backend\\app\\services\\stream_hub.py\", line 142, in on_error\n    from ..utils import auth_helper\n  File \"C:\\Users\\kulje\\OneDrive\\Documents\\Baby Stock Screener\\backend\\app\\utils\\auth_helper.py\", line 2, in <module>\n    import pyotp\nModuleNotFoundError: No module named 'pyotp'\n\nDuring handling of the above exception, another exception occurred:\n\nTraceback (most recent call last):\n  File \"C:\\Users\\kulje\\OneDrive\\Documents\\Baby Stock Screener\\backend\\venv\\Lib\\site-packages\\fyers_apiv3\\FyersWebsocket\\data_ws.py\", line 1657, in __init_connection\n    if  self.access_token_to_hsmtoken() and self.__valid_token :\n        ^^^^^^^^^^^^^^^^^^^^^^^^^^^^^^^\n  File \"C:\\Users\\kulje\\OneDrive\\Documents\\Baby Stock Screener\\backend\\venv\\Lib\\site-packages\\fyers_apiv3\\FyersWebsocket\\data_ws.py\", line 287, in access_token_to_hsmtoken\n    self.On_error(\n  File \"C:\\Users\\kulje\\OneDrive\\Documents\\Baby Stock Screener\\backend\\venv\\Lib\\site-packages\\fyers_apiv3\\FyersWebsocket\\data_ws.py\", line 1500, in On_error\n    self.OnError(message)\n  File \"C:\\Users\\kulje\\OneDrive\\Documents\\Baby Stock Screener\\backend\\app\\services\\stream_hub.py\", line 142, in on_error\n    from ..utils import auth_helper\n  File \"C:\\Users\\kulje\\OneDrive\\Documents\\Baby Stock Screener\\backend\\app\\utils\\auth_helper.py\", line 2, in <module>\n    import pyotp\nModuleNotFoundError: No module named 'pyotp'","exception_name":"ModuleNotFoundError"}
{"level":"ERROR","location":"[__init_connection:1675] data_ws","message":"No module named 'pyotp'","timestamp":"2026-01-29 13:27:46,484+0530","service":"FyersDataSocket","exception":"Traceback (most recent call last):\n  File \"C:\\Users\\kulje\\OneDrive\\Documents\\Baby Stock Screener\\backend\\venv\\Lib\\site-packages\\fyers_apiv3\\FyersWebsocket\\data_ws.py\", line 272, in access_token_to_hsmtoken\n    self.On_error(\n  File \"C:\\Users\\kulje\\OneDrive\\Documents\\Baby Stock Screener\\backend\\venv\\Lib\\site-packages\\fyers_apiv3\\FyersWebsocket\\data_ws.py\", line 1500, in On_error\n    self.OnError(message)\n  File \"C:\\Users\\kulje\\OneDrive\\Documents\\Baby Stock Screener\\backend\\app\\services\\stream_hub.py\", line 142, in on_error\n    from ..utils import auth_helper\n  File \"C:\\Users\\kulje\\OneDrive\\Documents\\Baby Stock Screener\\backend\\app\\utils\\auth_helper.py\", line 2, in <module>\n    import pyotp\nModuleNotFoundError: No module named 'pyotp'\n\nDuring handling of the above exception, another exception occurred:\n\nTraceback (most recent call last):\n  File \"C:\\Users\\kulje\\OneDrive\\Documents\\Baby Stock Screener\\backend\\venv\\Lib\\site-packages\\fyers_apiv3\\FyersWebsocket\\data_ws.py\", line 1657, in __init_connection\n    if  self.access_token_to_hsmtoken() and self.__valid_token :\n        ^^^^^^^^^^^^^^^^^^^^^^^^^^^^^^^\n  File \"C:\\Users\\kulje\\OneDrive\\Documents\\Baby Stock Screener\\backend\\venv\\Lib\\site-packages\\fyers_apiv3\\FyersWebsocket\\data_ws.py\", line 287, in access_token_to_hsmtoken\n    self.On_error(\n  File \"C:\\Users\\kulje\\OneDrive\\Documents\\Baby Stock Screener\\backend\\venv\\Lib\\site-packages\\fyers_apiv3\\FyersWebsocket\\data_ws.py\", line 1500, in On_error\n    self.OnError(message)\n  File \"C:\\Users\\kulje\\OneDrive\\Documents\\Baby Stock Screener\\backend\\app\\services\\stream_hub.py\", line 142, in on_error\n    from ..utils import auth_helper\n  File \"C:\\Users\\kulje\\OneDrive\\Documents\\Baby Stock Screener\\backend\\app\\utils\\auth_helper.py\", line 2, in <module>\n    import pyotp\nModuleNotFoundError: No module named 'pyotp'","exception_name":"ModuleNotFoundError"}
{"level":"ERROR","location":"[__init_connection:1675] data_ws","message":"No module named 'pyotp'","timestamp":"2026-01-29 13:28:05,233+0530","service":"FyersDataSocket","exception":"Traceback (most recent call last):\n  File \"C:\\Users\\kulje\\OneDrive\\Documents\\Baby Stock Screener\\backend\\venv\\Lib\\site-packages\\fyers_apiv3\\FyersWebsocket\\data_ws.py\", line 272, in access_token_to_hsmtoken\n    self.On_error(\n  File \"C:\\Users\\kulje\\OneDrive\\Documents\\Baby Stock Screener\\backend\\venv\\Lib\\site-packages\\fyers_apiv3\\FyersWebsocket\\data_ws.py\", line 1500, in On_error\n    self.OnError(message)\n  File \"C:\\Users\\kulje\\OneDrive\\Documents\\Baby Stock Screener\\backend\\app\\services\\stream_hub.py\", line 142, in on_error\n    from ..utils import auth_helper\n  File \"C:\\Users\\kulje\\OneDrive\\Documents\\Baby Stock Screener\\backend\\app\\utils\\auth_helper.py\", line 2, in <module>\n    import pyotp\nModuleNotFoundError: No module named 'pyotp'\n\nDuring handling of the above exception, another exception occurred:\n\nTraceback (most recent call last):\n  File \"C:\\Users\\kulje\\OneDrive\\Documents\\Baby Stock Screener\\backend\\venv\\Lib\\site-packages\\fyers_apiv3\\FyersWebsocket\\data_ws.py\", line 1657, in __init_connection\n    if  self.access_token_to_hsmtoken() and self.__valid_token :\n        ^^^^^^^^^^^^^^^^^^^^^^^^^^^^^^^\n  File \"C:\\Users\\kulje\\OneDrive\\Documents\\Baby Stock Screener\\backend\\venv\\Lib\\site-packages\\fyers_apiv3\\FyersWebsocket\\data_ws.py\", line 287, in access_token_to_hsmtoken\n    self.On_error(\n  File \"C:\\Users\\kulje\\OneDrive\\Documents\\Baby Stock Screener\\backend\\venv\\Lib\\site-packages\\fyers_apiv3\\FyersWebsocket\\data_ws.py\", line 1500, in On_error\n    self.OnError(message)\n  File \"C:\\Users\\kulje\\OneDrive\\Documents\\Baby Stock Screener\\backend\\app\\services\\stream_hub.py\", line 142, in on_error\n    from ..utils import auth_helper\n  File \"C:\\Users\\kulje\\OneDrive\\Documents\\Baby Stock Screener\\backend\\app\\utils\\auth_helper.py\", line 2, in <module>\n    import pyotp\nModuleNotFoundError: No module named 'pyotp'","exception_name":"ModuleNotFoundError"}
{"level":"ERROR","location":"[__init_connection:1675] data_ws","message":"No module named 'pyotp'","timestamp":"2026-01-29 13:28:24,786+0530","service":"FyersDataSocket","exception":"Traceback (most recent call last):\n  File \"C:\\Users\\kulje\\OneDrive\\Documents\\Baby Stock Screener\\backend\\venv\\Lib\\site-packages\\fyers_apiv3\\FyersWebsocket\\data_ws.py\", line 272, in access_token_to_hsmtoken\n    self.On_error(\n  File \"C:\\Users\\kulje\\OneDrive\\Documents\\Baby Stock Screener\\backend\\venv\\Lib\\site-packages\\fyers_apiv3\\FyersWebsocket\\data_ws.py\", line 1500, in On_error\n    self.OnError(message)\n  File \"C:\\Users\\kulje\\OneDrive\\Documents\\Baby Stock Screener\\backend\\app\\services\\stream_hub.py\", line 142, in on_error\n    from ..utils import auth_helper\n  File \"C:\\Users\\kulje\\OneDrive\\Documents\\Baby Stock Screener\\backend\\app\\utils\\auth_helper.py\", line 2, in <module>\n    import pyotp\nModuleNotFoundError: No module named 'pyotp'\n\nDuring handling of the above exception, another exception occurred:\n\nTraceback (most recent call last):\n  File \"C:\\Users\\kulje\\OneDrive\\Documents\\Baby Stock Screener\\backend\\venv\\Lib\\site-packages\\fyers_apiv3\\FyersWebsocket\\data_ws.py\", line 1657, in __init_connection\n    if  self.access_token_to_hsmtoken() and self.__valid_token :\n        ^^^^^^^^^^^^^^^^^^^^^^^^^^^^^^^\n  File \"C:\\Users\\kulje\\OneDrive\\Documents\\Baby Stock Screener\\backend\\venv\\Lib\\site-packages\\fyers_apiv3\\FyersWebsocket\\data_ws.py\", line 287, in access_token_to_hsmtoken\n    self.On_error(\n  File \"C:\\Users\\kulje\\OneDrive\\Documents\\Baby Stock Screener\\backend\\venv\\Lib\\site-packages\\fyers_apiv3\\FyersWebsocket\\data_ws.py\", line 1500, in On_error\n    self.OnError(message)\n  File \"C:\\Users\\kulje\\OneDrive\\Documents\\Baby Stock Screener\\backend\\app\\services\\stream_hub.py\", line 142, in on_error\n    from ..utils import auth_helper\n  File \"C:\\Users\\kulje\\OneDrive\\Documents\\Baby Stock Screener\\backend\\app\\utils\\auth_helper.py\", line 2, in <module>\n    import pyotp\nModuleNotFoundError: No module named 'pyotp'","exception_name":"ModuleNotFoundError"}
{"level":"ERROR","location":"[__init_connection:1675] data_ws","message":"No module named 'pyotp'","timestamp":"2026-01-29 13:28:40,424+0530","service":"FyersDataSocket","exception":"Traceback (most recent call last):\n  File \"C:\\Users\\kulje\\OneDrive\\Documents\\Baby Stock Screener\\backend\\venv\\Lib\\site-packages\\fyers_apiv3\\FyersWebsocket\\data_ws.py\", line 272, in access_token_to_hsmtoken\n    self.On_error(\n  File \"C:\\Users\\kulje\\OneDrive\\Documents\\Baby Stock Screener\\backend\\venv\\Lib\\site-packages\\fyers_apiv3\\FyersWebsocket\\data_ws.py\", line 1500, in On_error\n    self.OnError(message)\n  File \"C:\\Users\\kulje\\OneDrive\\Documents\\Baby Stock Screener\\backend\\app\\services\\stream_hub.py\", line 142, in on_error\n    from ..utils import auth_helper\n  File \"C:\\Users\\kulje\\OneDrive\\Documents\\Baby Stock Screener\\backend\\app\\utils\\auth_helper.py\", line 2, in <module>\n    import pyotp\nModuleNotFoundError: No module named 'pyotp'\n\nDuring handling of the above exception, another exception occurred:\n\nTraceback (most recent call last):\n  File \"C:\\Users\\kulje\\OneDrive\\Documents\\Baby Stock Screener\\backend\\venv\\Lib\\site-packages\\fyers_apiv3\\FyersWebsocket\\data_ws.py\", line 1657, in __init_connection\n    if  self.access_token_to_hsmtoken() and self.__valid_token :\n        ^^^^^^^^^^^^^^^^^^^^^^^^^^^^^^^\n  File \"C:\\Users\\kulje\\OneDrive\\Documents\\Baby Stock Screener\\backend\\venv\\Lib\\site-packages\\fyers_apiv3\\FyersWebsocket\\data_ws.py\", line 287, in access_token_to_hsmtoken\n    self.On_error(\n  File \"C:\\Users\\kulje\\OneDrive\\Documents\\Baby Stock Screener\\backend\\venv\\Lib\\site-packages\\fyers_apiv3\\FyersWebsocket\\data_ws.py\", line 1500, in On_error\n    self.OnError(message)\n  File \"C:\\Users\\kulje\\OneDrive\\Documents\\Baby Stock Screener\\backend\\app\\services\\stream_hub.py\", line 142, in on_error\n    from ..utils import auth_helper\n  File \"C:\\Users\\kulje\\OneDrive\\Documents\\Baby Stock Screener\\backend\\app\\utils\\auth_helper.py\", line 2, in <module>\n    import pyotp\nModuleNotFoundError: No module named 'pyotp'","exception_name":"ModuleNotFoundError"}
{"level":"ERROR","location":"[__init_connection:1675] data_ws","message":"No module named 'pyotp'","timestamp":"2026-01-29 13:28:58,543+0530","service":"FyersDataSocket","exception":"Traceback (most recent call last):\n  File \"C:\\Users\\kulje\\OneDrive\\Documents\\Baby Stock Screener\\backend\\venv\\Lib\\site-packages\\fyers_apiv3\\FyersWebsocket\\data_ws.py\", line 272, in access_token_to_hsmtoken\n    self.On_error(\n  File \"C:\\Users\\kulje\\OneDrive\\Documents\\Baby Stock Screener\\backend\\venv\\Lib\\site-packages\\fyers_apiv3\\FyersWebsocket\\data_ws.py\", line 1500, in On_error\n    self.OnError(message)\n  File \"C:\\Users\\kulje\\OneDrive\\Documents\\Baby Stock Screener\\backend\\app\\services\\stream_hub.py\", line 142, in on_error\n    from ..utils import auth_helper\n  File \"C:\\Users\\kulje\\OneDrive\\Documents\\Baby Stock Screener\\backend\\app\\utils\\auth_helper.py\", line 2, in <module>\n    import pyotp\nModuleNotFoundError: No module named 'pyotp'\n\nDuring handling of the above exception, another exception occurred:\n\nTraceback (most recent call last):\n  File \"C:\\Users\\kulje\\OneDrive\\Documents\\Baby Stock Screener\\backend\\venv\\Lib\\site-packages\\fyers_apiv3\\FyersWebsocket\\data_ws.py\", line 1657, in __init_connection\n    if  self.access_token_to_hsmtoken() and self.__valid_token :\n        ^^^^^^^^^^^^^^^^^^^^^^^^^^^^^^^\n  File \"C:\\Users\\kulje\\OneDrive\\Documents\\Baby Stock Screener\\backend\\venv\\Lib\\site-packages\\fyers_apiv3\\FyersWebsocket\\data_ws.py\", line 287, in access_token_to_hsmtoken\n    self.On_error(\n  File \"C:\\Users\\kulje\\OneDrive\\Documents\\Baby Stock Screener\\backend\\venv\\Lib\\site-packages\\fyers_apiv3\\FyersWebsocket\\data_ws.py\", line 1500, in On_error\n    self.OnError(message)\n  File \"C:\\Users\\kulje\\OneDrive\\Documents\\Baby Stock Screener\\backend\\app\\services\\stream_hub.py\", line 142, in on_error\n    from ..utils import auth_helper\n  File \"C:\\Users\\kulje\\OneDrive\\Documents\\Baby Stock Screener\\backend\\app\\utils\\auth_helper.py\", line 2, in <module>\n    import pyotp\nModuleNotFoundError: No module named 'pyotp'","exception_name":"ModuleNotFoundError"}
{"level":"ERROR","location":"[__init_connection:1675] data_ws","message":"No module named 'pyotp'","timestamp":"2026-01-29 13:29:17,834+0530","service":"FyersDataSocket","exception":"Traceback (most recent call last):\n  File \"C:\\Users\\kulje\\OneDrive\\Documents\\Baby Stock Screener\\backend\\venv\\Lib\\site-packages\\fyers_apiv3\\FyersWebsocket\\data_ws.py\", line 272, in access_token_to_hsmtoken\n    self.On_error(\n  File \"C:\\Users\\kulje\\OneDrive\\Documents\\Baby Stock Screener\\backend\\venv\\Lib\\site-packages\\fyers_apiv3\\FyersWebsocket\\data_ws.py\", line 1500, in On_error\n    self.OnError(message)\n  File \"C:\\Users\\kulje\\OneDrive\\Documents\\Baby Stock Screener\\backend\\app\\services\\stream_hub.py\", line 142, in on_error\n    from ..utils import auth_helper\n  File \"C:\\Users\\kulje\\OneDrive\\Documents\\Baby Stock Screener\\backend\\app\\utils\\auth_helper.py\", line 2, in <module>\n    import pyotp\nModuleNotFoundError: No module named 'pyotp'\n\nDuring handling of the above exception, another exception occurred:\n\nTraceback (most recent call last):\n  File \"C:\\Users\\kulje\\OneDrive\\Documents\\Baby Stock Screener\\backend\\venv\\Lib\\site-packages\\fyers_apiv3\\FyersWebsocket\\data_ws.py\", line 1657, in __init_connection\n    if  self.access_token_to_hsmtoken() and self.__valid_token :\n        ^^^^^^^^^^^^^^^^^^^^^^^^^^^^^^^\n  File \"C:\\Users\\kulje\\OneDrive\\Documents\\Baby Stock Screener\\backend\\venv\\Lib\\site-packages\\fyers_apiv3\\FyersWebsocket\\data_ws.py\", line 287, in access_token_to_hsmtoken\n    self.On_error(\n  File \"C:\\Users\\kulje\\OneDrive\\Documents\\Baby Stock Screener\\backend\\venv\\Lib\\site-packages\\fyers_apiv3\\FyersWebsocket\\data_ws.py\", line 1500, in On_error\n    self.OnError(message)\n  File \"C:\\Users\\kulje\\OneDrive\\Documents\\Baby Stock Screener\\backend\\app\\services\\stream_hub.py\", line 142, in on_error\n    from ..utils import auth_helper\n  File \"C:\\Users\\kulje\\OneDrive\\Documents\\Baby Stock Screener\\backend\\app\\utils\\auth_helper.py\", line 2, in <module>\n    import pyotp\nModuleNotFoundError: No module named 'pyotp'","exception_name":"ModuleNotFoundError"}
{"level":"ERROR","location":"[__init_connection:1675] data_ws","message":"No module named 'pyotp'","timestamp":"2026-01-29 13:29:37,173+0530","service":"FyersDataSocket","exception":"Traceback (most recent call last):\n  File \"C:\\Users\\kulje\\OneDrive\\Documents\\Baby Stock Screener\\backend\\venv\\Lib\\site-packages\\fyers_apiv3\\FyersWebsocket\\data_ws.py\", line 272, in access_token_to_hsmtoken\n    self.On_error(\n  File \"C:\\Users\\kulje\\OneDrive\\Documents\\Baby Stock Screener\\backend\\venv\\Lib\\site-packages\\fyers_apiv3\\FyersWebsocket\\data_ws.py\", line 1500, in On_error\n    self.OnError(message)\n  File \"C:\\Users\\kulje\\OneDrive\\Documents\\Baby Stock Screener\\backend\\app\\services\\stream_hub.py\", line 142, in on_error\n    from ..utils import auth_helper\n  File \"C:\\Users\\kulje\\OneDrive\\Documents\\Baby Stock Screener\\backend\\app\\utils\\auth_helper.py\", line 2, in <module>\n    import pyotp\nModuleNotFoundError: No module named 'pyotp'\n\nDuring handling of the above exception, another exception occurred:\n\nTraceback (most recent call last):\n  File \"C:\\Users\\kulje\\OneDrive\\Documents\\Baby Stock Screener\\backend\\venv\\Lib\\site-packages\\fyers_apiv3\\FyersWebsocket\\data_ws.py\", line 1657, in __init_connection\n    if  self.access_token_to_hsmtoken() and self.__valid_token :\n        ^^^^^^^^^^^^^^^^^^^^^^^^^^^^^^^\n  File \"C:\\Users\\kulje\\OneDrive\\Documents\\Baby Stock Screener\\backend\\venv\\Lib\\site-packages\\fyers_apiv3\\FyersWebsocket\\data_ws.py\", line 287, in access_token_to_hsmtoken\n    self.On_error(\n  File \"C:\\Users\\kulje\\OneDrive\\Documents\\Baby Stock Screener\\backend\\venv\\Lib\\site-packages\\fyers_apiv3\\FyersWebsocket\\data_ws.py\", line 1500, in On_error\n    self.OnError(message)\n  File \"C:\\Users\\kulje\\OneDrive\\Documents\\Baby Stock Screener\\backend\\app\\services\\stream_hub.py\", line 142, in on_error\n    from ..utils import auth_helper\n  File \"C:\\Users\\kulje\\OneDrive\\Documents\\Baby Stock Screener\\backend\\app\\utils\\auth_helper.py\", line 2, in <module>\n    import pyotp\nModuleNotFoundError: No module named 'pyotp'","exception_name":"ModuleNotFoundError"}
{"level":"ERROR","location":"[__init_connection:1675] data_ws","message":"No module named 'pyotp'","timestamp":"2026-01-29 13:29:55,320+0530","service":"FyersDataSocket","exception":"Traceback (most recent call last):\n  File \"C:\\Users\\kulje\\OneDrive\\Documents\\Baby Stock Screener\\backend\\venv\\Lib\\site-packages\\fyers_apiv3\\FyersWebsocket\\data_ws.py\", line 272, in access_token_to_hsmtoken\n    self.On_error(\n  File \"C:\\Users\\kulje\\OneDrive\\Documents\\Baby Stock Screener\\backend\\venv\\Lib\\site-packages\\fyers_apiv3\\FyersWebsocket\\data_ws.py\", line 1500, in On_error\n    self.OnError(message)\n  File \"C:\\Users\\kulje\\OneDrive\\Documents\\Baby Stock Screener\\backend\\app\\services\\stream_hub.py\", line 142, in on_error\n    from ..utils import auth_helper\n  File \"C:\\Users\\kulje\\OneDrive\\Documents\\Baby Stock Screener\\backend\\app\\utils\\auth_helper.py\", line 2, in <module>\n    import pyotp\nModuleNotFoundError: No module named 'pyotp'\n\nDuring handling of the above exception, another exception occurred:\n\nTraceback (most recent call last):\n  File \"C:\\Users\\kulje\\OneDrive\\Documents\\Baby Stock Screener\\backend\\venv\\Lib\\site-packages\\fyers_apiv3\\FyersWebsocket\\data_ws.py\", line 1657, in __init_connection\n    if  self.access_token_to_hsmtoken() and self.__valid_token :\n        ^^^^^^^^^^^^^^^^^^^^^^^^^^^^^^^\n  File \"C:\\Users\\kulje\\OneDrive\\Documents\\Baby Stock Screener\\backend\\venv\\Lib\\site-packages\\fyers_apiv3\\FyersWebsocket\\data_ws.py\", line 287, in access_token_to_hsmtoken\n    self.On_error(\n  File \"C:\\Users\\kulje\\OneDrive\\Documents\\Baby Stock Screener\\backend\\venv\\Lib\\site-packages\\fyers_apiv3\\FyersWebsocket\\data_ws.py\", line 1500, in On_error\n    self.OnError(message)\n  File \"C:\\Users\\kulje\\OneDrive\\Documents\\Baby Stock Screener\\backend\\app\\services\\stream_hub.py\", line 142, in on_error\n    from ..utils import auth_helper\n  File \"C:\\Users\\kulje\\OneDrive\\Documents\\Baby Stock Screener\\backend\\app\\utils\\auth_helper.py\", line 2, in <module>\n    import pyotp\nModuleNotFoundError: No module named 'pyotp'","exception_name":"ModuleNotFoundError"}
{"level":"ERROR","location":"[__init_connection:1675] data_ws","message":"No module named 'pyotp'","timestamp":"2026-01-29 13:30:13,132+0530","service":"FyersDataSocket","exception":"Traceback (most recent call last):\n  File \"C:\\Users\\kulje\\OneDrive\\Documents\\Baby Stock Screener\\backend\\venv\\Lib\\site-packages\\fyers_apiv3\\FyersWebsocket\\data_ws.py\", line 272, in access_token_to_hsmtoken\n    self.On_error(\n  File \"C:\\Users\\kulje\\OneDrive\\Documents\\Baby Stock Screener\\backend\\venv\\Lib\\site-packages\\fyers_apiv3\\FyersWebsocket\\data_ws.py\", line 1500, in On_error\n    self.OnError(message)\n  File \"C:\\Users\\kulje\\OneDrive\\Documents\\Baby Stock Screener\\backend\\app\\services\\stream_hub.py\", line 142, in on_error\n    from ..utils import auth_helper\n  File \"C:\\Users\\kulje\\OneDrive\\Documents\\Baby Stock Screener\\backend\\app\\utils\\auth_helper.py\", line 2, in <module>\n    import pyotp\nModuleNotFoundError: No module named 'pyotp'\n\nDuring handling of the above exception, another exception occurred:\n\nTraceback (most recent call last):\n  File \"C:\\Users\\kulje\\OneDrive\\Documents\\Baby Stock Screener\\backend\\venv\\Lib\\site-packages\\fyers_apiv3\\FyersWebsocket\\data_ws.py\", line 1657, in __init_connection\n    if  self.access_token_to_hsmtoken() and self.__valid_token :\n        ^^^^^^^^^^^^^^^^^^^^^^^^^^^^^^^\n  File \"C:\\Users\\kulje\\OneDrive\\Documents\\Baby Stock Screener\\backend\\venv\\Lib\\site-packages\\fyers_apiv3\\FyersWebsocket\\data_ws.py\", line 287, in access_token_to_hsmtoken\n    self.On_error(\n  File \"C:\\Users\\kulje\\OneDrive\\Documents\\Baby Stock Screener\\backend\\venv\\Lib\\site-packages\\fyers_apiv3\\FyersWebsocket\\data_ws.py\", line 1500, in On_error\n    self.OnError(message)\n  File \"C:\\Users\\kulje\\OneDrive\\Documents\\Baby Stock Screener\\backend\\app\\services\\stream_hub.py\", line 142, in on_error\n    from ..utils import auth_helper\n  File \"C:\\Users\\kulje\\OneDrive\\Documents\\Baby Stock Screener\\backend\\app\\utils\\auth_helper.py\", line 2, in <module>\n    import pyotp\nModuleNotFoundError: No module named 'pyotp'","exception_name":"ModuleNotFoundError"}
{"level":"ERROR","location":"[__init_connection:1675] data_ws","message":"No module named 'pyotp'","timestamp":"2026-01-29 13:30:31,246+0530","service":"FyersDataSocket","exception":"Traceback (most recent call last):\n  File \"C:\\Users\\kulje\\OneDrive\\Documents\\Baby Stock Screener\\backend\\venv\\Lib\\site-packages\\fyers_apiv3\\FyersWebsocket\\data_ws.py\", line 272, in access_token_to_hsmtoken\n    self.On_error(\n  File \"C:\\Users\\kulje\\OneDrive\\Documents\\Baby Stock Screener\\backend\\venv\\Lib\\site-packages\\fyers_apiv3\\FyersWebsocket\\data_ws.py\", line 1500, in On_error\n    self.OnError(message)\n  File \"C:\\Users\\kulje\\OneDrive\\Documents\\Baby Stock Screener\\backend\\app\\services\\stream_hub.py\", line 142, in on_error\n    from ..utils import auth_helper\n  File \"C:\\Users\\kulje\\OneDrive\\Documents\\Baby Stock Screener\\backend\\app\\utils\\auth_helper.py\", line 2, in <module>\n    import pyotp\nModuleNotFoundError: No module named 'pyotp'\n\nDuring handling of the above exception, another exception occurred:\n\nTraceback (most recent call last):\n  File \"C:\\Users\\kulje\\OneDrive\\Documents\\Baby Stock Screener\\backend\\venv\\Lib\\site-packages\\fyers_apiv3\\FyersWebsocket\\data_ws.py\", line 1657, in __init_connection\n    if  self.access_token_to_hsmtoken() and self.__valid_token :\n        ^^^^^^^^^^^^^^^^^^^^^^^^^^^^^^^\n  File \"C:\\Users\\kulje\\OneDrive\\Documents\\Baby Stock Screener\\backend\\venv\\Lib\\site-packages\\fyers_apiv3\\FyersWebsocket\\data_ws.py\", line 287, in access_token_to_hsmtoken\n    self.On_error(\n  File \"C:\\Users\\kulje\\OneDrive\\Documents\\Baby Stock Screener\\backend\\venv\\Lib\\site-packages\\fyers_apiv3\\FyersWebsocket\\data_ws.py\", line 1500, in On_error\n    self.OnError(message)\n  File \"C:\\Users\\kulje\\OneDrive\\Documents\\Baby Stock Screener\\backend\\app\\services\\stream_hub.py\", line 142, in on_error\n    from ..utils import auth_helper\n  File \"C:\\Users\\kulje\\OneDrive\\Documents\\Baby Stock Screener\\backend\\app\\utils\\auth_helper.py\", line 2, in <module>\n    import pyotp\nModuleNotFoundError: No module named 'pyotp'","exception_name":"ModuleNotFoundError"}
{"level":"ERROR","location":"[__init_connection:1675] data_ws","message":"No module named 'pyotp'","timestamp":"2026-01-29 13:30:49,109+0530","service":"FyersDataSocket","exception":"Traceback (most recent call last):\n  File \"C:\\Users\\kulje\\OneDrive\\Documents\\Baby Stock Screener\\backend\\venv\\Lib\\site-packages\\fyers_apiv3\\FyersWebsocket\\data_ws.py\", line 272, in access_token_to_hsmtoken\n    self.On_error(\n  File \"C:\\Users\\kulje\\OneDrive\\Documents\\Baby Stock Screener\\backend\\venv\\Lib\\site-packages\\fyers_apiv3\\FyersWebsocket\\data_ws.py\", line 1500, in On_error\n    self.OnError(message)\n  File \"C:\\Users\\kulje\\OneDrive\\Documents\\Baby Stock Screener\\backend\\app\\services\\stream_hub.py\", line 142, in on_error\n    from ..utils import auth_helper\n  File \"C:\\Users\\kulje\\OneDrive\\Documents\\Baby Stock Screener\\backend\\app\\utils\\auth_helper.py\", line 2, in <module>\n    import pyotp\nModuleNotFoundError: No module named 'pyotp'\n\nDuring handling of the above exception, another exception occurred:\n\nTraceback (most recent call last):\n  File \"C:\\Users\\kulje\\OneDrive\\Documents\\Baby Stock Screener\\backend\\venv\\Lib\\site-packages\\fyers_apiv3\\FyersWebsocket\\data_ws.py\", line 1657, in __init_connection\n    if  self.access_token_to_hsmtoken() and self.__valid_token :\n        ^^^^^^^^^^^^^^^^^^^^^^^^^^^^^^^\n  File \"C:\\Users\\kulje\\OneDrive\\Documents\\Baby Stock Screener\\backend\\venv\\Lib\\site-packages\\fyers_apiv3\\FyersWebsocket\\data_ws.py\", line 287, in access_token_to_hsmtoken\n    self.On_error(\n  File \"C:\\Users\\kulje\\OneDrive\\Documents\\Baby Stock Screener\\backend\\venv\\Lib\\site-packages\\fyers_apiv3\\FyersWebsocket\\data_ws.py\", line 1500, in On_error\n    self.OnError(message)\n  File \"C:\\Users\\kulje\\OneDrive\\Documents\\Baby Stock Screener\\backend\\app\\services\\stream_hub.py\", line 142, in on_error\n    from ..utils import auth_helper\n  File \"C:\\Users\\kulje\\OneDrive\\Documents\\Baby Stock Screener\\backend\\app\\utils\\auth_helper.py\", line 2, in <module>\n    import pyotp\nModuleNotFoundError: No module named 'pyotp'","exception_name":"ModuleNotFoundError"}
{"level":"ERROR","location":"[__init_connection:1675] data_ws","message":"No module named 'pyotp'","timestamp":"2026-01-29 13:31:07,704+0530","service":"FyersDataSocket","exception":"Traceback (most recent call last):\n  File \"C:\\Users\\kulje\\OneDrive\\Documents\\Baby Stock Screener\\backend\\venv\\Lib\\site-packages\\fyers_apiv3\\FyersWebsocket\\data_ws.py\", line 272, in access_token_to_hsmtoken\n    self.On_error(\n  File \"C:\\Users\\kulje\\OneDrive\\Documents\\Baby Stock Screener\\backend\\venv\\Lib\\site-packages\\fyers_apiv3\\FyersWebsocket\\data_ws.py\", line 1500, in On_error\n    self.OnError(message)\n  File \"C:\\Users\\kulje\\OneDrive\\Documents\\Baby Stock Screener\\backend\\app\\services\\stream_hub.py\", line 142, in on_error\n    from ..utils import auth_helper\n  File \"C:\\Users\\kulje\\OneDrive\\Documents\\Baby Stock Screener\\backend\\app\\utils\\auth_helper.py\", line 2, in <module>\n    import pyotp\nModuleNotFoundError: No module named 'pyotp'\n\nDuring handling of the above exception, another exception occurred:\n\nTraceback (most recent call last):\n  File \"C:\\Users\\kulje\\OneDrive\\Documents\\Baby Stock Screener\\backend\\venv\\Lib\\site-packages\\fyers_apiv3\\FyersWebsocket\\data_ws.py\", line 1657, in __init_connection\n    if  self.access_token_to_hsmtoken() and self.__valid_token :\n        ^^^^^^^^^^^^^^^^^^^^^^^^^^^^^^^\n  File \"C:\\Users\\kulje\\OneDrive\\Documents\\Baby Stock Screener\\backend\\venv\\Lib\\site-packages\\fyers_apiv3\\FyersWebsocket\\data_ws.py\", line 287, in access_token_to_hsmtoken\n    self.On_error(\n  File \"C:\\Users\\kulje\\OneDrive\\Documents\\Baby Stock Screener\\backend\\venv\\Lib\\site-packages\\fyers_apiv3\\FyersWebsocket\\data_ws.py\", line 1500, in On_error\n    self.OnError(message)\n  File \"C:\\Users\\kulje\\OneDrive\\Documents\\Baby Stock Screener\\backend\\app\\services\\stream_hub.py\", line 142, in on_error\n    from ..utils import auth_helper\n  File \"C:\\Users\\kulje\\OneDrive\\Documents\\Baby Stock Screener\\backend\\app\\utils\\auth_helper.py\", line 2, in <module>\n    import pyotp\nModuleNotFoundError: No module named 'pyotp'","exception_name":"ModuleNotFoundError"}
{"level":"ERROR","location":"[__init_connection:1675] data_ws","message":"No module named 'pyotp'","timestamp":"2026-01-29 13:31:22,690+0530","service":"FyersDataSocket","exception":"Traceback (most recent call last):\n  File \"C:\\Users\\kulje\\OneDrive\\Documents\\Baby Stock Screener\\backend\\venv\\Lib\\site-packages\\fyers_apiv3\\FyersWebsocket\\data_ws.py\", line 272, in access_token_to_hsmtoken\n    self.On_error(\n  File \"C:\\Users\\kulje\\OneDrive\\Documents\\Baby Stock Screener\\backend\\venv\\Lib\\site-packages\\fyers_apiv3\\FyersWebsocket\\data_ws.py\", line 1500, in On_error\n    self.OnError(message)\n  File \"C:\\Users\\kulje\\OneDrive\\Documents\\Baby Stock Screener\\backend\\app\\services\\stream_hub.py\", line 142, in on_error\n    from ..utils import auth_helper\n  File \"C:\\Users\\kulje\\OneDrive\\Documents\\Baby Stock Screener\\backend\\app\\utils\\auth_helper.py\", line 2, in <module>\n    import pyotp\nModuleNotFoundError: No module named 'pyotp'\n\nDuring handling of the above exception, another exception occurred:\n\nTraceback (most recent call last):\n  File \"C:\\Users\\kulje\\OneDrive\\Documents\\Baby Stock Screener\\backend\\venv\\Lib\\site-packages\\fyers_apiv3\\FyersWebsocket\\data_ws.py\", line 1657, in __init_connection\n    if  self.access_token_to_hsmtoken() and self.__valid_token :\n        ^^^^^^^^^^^^^^^^^^^^^^^^^^^^^^^\n  File \"C:\\Users\\kulje\\OneDrive\\Documents\\Baby Stock Screener\\backend\\venv\\Lib\\site-packages\\fyers_apiv3\\FyersWebsocket\\data_ws.py\", line 287, in access_token_to_hsmtoken\n    self.On_error(\n  File \"C:\\Users\\kulje\\OneDrive\\Documents\\Baby Stock Screener\\backend\\venv\\Lib\\site-packages\\fyers_apiv3\\FyersWebsocket\\data_ws.py\", line 1500, in On_error\n    self.OnError(message)\n  File \"C:\\Users\\kulje\\OneDrive\\Documents\\Baby Stock Screener\\backend\\app\\services\\stream_hub.py\", line 142, in on_error\n    from ..utils import auth_helper\n  File \"C:\\Users\\kulje\\OneDrive\\Documents\\Baby Stock Screener\\backend\\app\\utils\\auth_helper.py\", line 2, in <module>\n    import pyotp\nModuleNotFoundError: No module named 'pyotp'","exception_name":"ModuleNotFoundError"}
{"level":"ERROR","location":"[__init_connection:1675] data_ws","message":"No module named 'pyotp'","timestamp":"2026-01-29 13:31:38,236+0530","service":"FyersDataSocket","exception":"Traceback (most recent call last):\n  File \"C:\\Users\\kulje\\OneDrive\\Documents\\Baby Stock Screener\\backend\\venv\\Lib\\site-packages\\fyers_apiv3\\FyersWebsocket\\data_ws.py\", line 272, in access_token_to_hsmtoken\n    self.On_error(\n  File \"C:\\Users\\kulje\\OneDrive\\Documents\\Baby Stock Screener\\backend\\venv\\Lib\\site-packages\\fyers_apiv3\\FyersWebsocket\\data_ws.py\", line 1500, in On_error\n    self.OnError(message)\n  File \"C:\\Users\\kulje\\OneDrive\\Documents\\Baby Stock Screener\\backend\\app\\services\\stream_hub.py\", line 142, in on_error\n    from ..utils import auth_helper\n  File \"C:\\Users\\kulje\\OneDrive\\Documents\\Baby Stock Screener\\backend\\app\\utils\\auth_helper.py\", line 2, in <module>\n    import pyotp\nModuleNotFoundError: No module named 'pyotp'\n\nDuring handling of the above exception, another exception occurred:\n\nTraceback (most recent call last):\n  File \"C:\\Users\\kulje\\OneDrive\\Documents\\Baby Stock Screener\\backend\\venv\\Lib\\site-packages\\fyers_apiv3\\FyersWebsocket\\data_ws.py\", line 1657, in __init_connection\n    if  self.access_token_to_hsmtoken() and self.__valid_token :\n        ^^^^^^^^^^^^^^^^^^^^^^^^^^^^^^^\n  File \"C:\\Users\\kulje\\OneDrive\\Documents\\Baby Stock Screener\\backend\\venv\\Lib\\site-packages\\fyers_apiv3\\FyersWebsocket\\data_ws.py\", line 287, in access_token_to_hsmtoken\n    self.On_error(\n  File \"C:\\Users\\kulje\\OneDrive\\Documents\\Baby Stock Screener\\backend\\venv\\Lib\\site-packages\\fyers_apiv3\\FyersWebsocket\\data_ws.py\", line 1500, in On_error\n    self.OnError(message)\n  File \"C:\\Users\\kulje\\OneDrive\\Documents\\Baby Stock Screener\\backend\\app\\services\\stream_hub.py\", line 142, in on_error\n    from ..utils import auth_helper\n  File \"C:\\Users\\kulje\\OneDrive\\Documents\\Baby Stock Screener\\backend\\app\\utils\\auth_helper.py\", line 2, in <module>\n    import pyotp\nModuleNotFoundError: No module named 'pyotp'","exception_name":"ModuleNotFoundError"}
{"level":"ERROR","location":"[__init_connection:1675] data_ws","message":"No module named 'pyotp'","timestamp":"2026-01-29 13:31:56,032+0530","service":"FyersDataSocket","exception":"Traceback (most recent call last):\n  File \"C:\\Users\\kulje\\OneDrive\\Documents\\Baby Stock Screener\\backend\\venv\\Lib\\site-packages\\fyers_apiv3\\FyersWebsocket\\data_ws.py\", line 272, in access_token_to_hsmtoken\n    self.On_error(\n  File \"C:\\Users\\kulje\\OneDrive\\Documents\\Baby Stock Screener\\backend\\venv\\Lib\\site-packages\\fyers_apiv3\\FyersWebsocket\\data_ws.py\", line 1500, in On_error\n    self.OnError(message)\n  File \"C:\\Users\\kulje\\OneDrive\\Documents\\Baby Stock Screener\\backend\\app\\services\\stream_hub.py\", line 142, in on_error\n    from ..utils import auth_helper\n  File \"C:\\Users\\kulje\\OneDrive\\Documents\\Baby Stock Screener\\backend\\app\\utils\\auth_helper.py\", line 2, in <module>\n    import pyotp\nModuleNotFoundError: No module named 'pyotp'\n\nDuring handling of the above exception, another exception occurred:\n\nTraceback (most recent call last):\n  File \"C:\\Users\\kulje\\OneDrive\\Documents\\Baby Stock Screener\\backend\\venv\\Lib\\site-packages\\fyers_apiv3\\FyersWebsocket\\data_ws.py\", line 1657, in __init_connection\n    if  self.access_token_to_hsmtoken() and self.__valid_token :\n        ^^^^^^^^^^^^^^^^^^^^^^^^^^^^^^^\n  File \"C:\\Users\\kulje\\OneDrive\\Documents\\Baby Stock Screener\\backend\\venv\\Lib\\site-packages\\fyers_apiv3\\FyersWebsocket\\data_ws.py\", line 287, in access_token_to_hsmtoken\n    self.On_error(\n  File \"C:\\Users\\kulje\\OneDrive\\Documents\\Baby Stock Screener\\backend\\venv\\Lib\\site-packages\\fyers_apiv3\\FyersWebsocket\\data_ws.py\", line 1500, in On_error\n    self.OnError(message)\n  File \"C:\\Users\\kulje\\OneDrive\\Documents\\Baby Stock Screener\\backend\\app\\services\\stream_hub.py\", line 142, in on_error\n    from ..utils import auth_helper\n  File \"C:\\Users\\kulje\\OneDrive\\Documents\\Baby Stock Screener\\backend\\app\\utils\\auth_helper.py\", line 2, in <module>\n    import pyotp\nModuleNotFoundError: No module named 'pyotp'","exception_name":"ModuleNotFoundError"}
{"level":"ERROR","location":"[__init_connection:1675] data_ws","message":"No module named 'pyotp'","timestamp":"2026-01-29 13:32:14,143+0530","service":"FyersDataSocket","exception":"Traceback (most recent call last):\n  File \"C:\\Users\\kulje\\OneDrive\\Documents\\Baby Stock Screener\\backend\\venv\\Lib\\site-packages\\fyers_apiv3\\FyersWebsocket\\data_ws.py\", line 272, in access_token_to_hsmtoken\n    self.On_error(\n  File \"C:\\Users\\kulje\\OneDrive\\Documents\\Baby Stock Screener\\backend\\venv\\Lib\\site-packages\\fyers_apiv3\\FyersWebsocket\\data_ws.py\", line 1500, in On_error\n    self.OnError(message)\n  File \"C:\\Users\\kulje\\OneDrive\\Documents\\Baby Stock Screener\\backend\\app\\services\\stream_hub.py\", line 142, in on_error\n    from ..utils import auth_helper\n  File \"C:\\Users\\kulje\\OneDrive\\Documents\\Baby Stock Screener\\backend\\app\\utils\\auth_helper.py\", line 2, in <module>\n    import pyotp\nModuleNotFoundError: No module named 'pyotp'\n\nDuring handling of the above exception, another exception occurred:\n\nTraceback (most recent call last):\n  File \"C:\\Users\\kulje\\OneDrive\\Documents\\Baby Stock Screener\\backend\\venv\\Lib\\site-packages\\fyers_apiv3\\FyersWebsocket\\data_ws.py\", line 1657, in __init_connection\n    if  self.access_token_to_hsmtoken() and self.__valid_token :\n        ^^^^^^^^^^^^^^^^^^^^^^^^^^^^^^^\n  File \"C:\\Users\\kulje\\OneDrive\\Documents\\Baby Stock Screener\\backend\\venv\\Lib\\site-packages\\fyers_apiv3\\FyersWebsocket\\data_ws.py\", line 287, in access_token_to_hsmtoken\n    self.On_error(\n  File \"C:\\Users\\kulje\\OneDrive\\Documents\\Baby Stock Screener\\backend\\venv\\Lib\\site-packages\\fyers_apiv3\\FyersWebsocket\\data_ws.py\", line 1500, in On_error\n    self.OnError(message)\n  File \"C:\\Users\\kulje\\OneDrive\\Documents\\Baby Stock Screener\\backend\\app\\services\\stream_hub.py\", line 142, in on_error\n    from ..utils import auth_helper\n  File \"C:\\Users\\kulje\\OneDrive\\Documents\\Baby Stock Screener\\backend\\app\\utils\\auth_helper.py\", line 2, in <module>\n    import pyotp\nModuleNotFoundError: No module named 'pyotp'","exception_name":"ModuleNotFoundError"}
{"level":"ERROR","location":"[__init_connection:1675] data_ws","message":"No module named 'pyotp'","timestamp":"2026-01-29 13:32:29,312+0530","service":"FyersDataSocket","exception":"Traceback (most recent call last):\n  File \"C:\\Users\\kulje\\OneDrive\\Documents\\Baby Stock Screener\\backend\\venv\\Lib\\site-packages\\fyers_apiv3\\FyersWebsocket\\data_ws.py\", line 272, in access_token_to_hsmtoken\n    self.On_error(\n  File \"C:\\Users\\kulje\\OneDrive\\Documents\\Baby Stock Screener\\backend\\venv\\Lib\\site-packages\\fyers_apiv3\\FyersWebsocket\\data_ws.py\", line 1500, in On_error\n    self.OnError(message)\n  File \"C:\\Users\\kulje\\OneDrive\\Documents\\Baby Stock Screener\\backend\\app\\services\\stream_hub.py\", line 142, in on_error\n    from ..utils import auth_helper\n  File \"C:\\Users\\kulje\\OneDrive\\Documents\\Baby Stock Screener\\backend\\app\\utils\\auth_helper.py\", line 2, in <module>\n    import pyotp\nModuleNotFoundError: No module named 'pyotp'\n\nDuring handling of the above exception, another exception occurred:\n\nTraceback (most recent call last):\n  File \"C:\\Users\\kulje\\OneDrive\\Documents\\Baby Stock Screener\\backend\\venv\\Lib\\site-packages\\fyers_apiv3\\FyersWebsocket\\data_ws.py\", line 1657, in __init_connection\n    if  self.access_token_to_hsmtoken() and self.__valid_token :\n        ^^^^^^^^^^^^^^^^^^^^^^^^^^^^^^^\n  File \"C:\\Users\\kulje\\OneDrive\\Documents\\Baby Stock Screener\\backend\\venv\\Lib\\site-packages\\fyers_apiv3\\FyersWebsocket\\data_ws.py\", line 287, in access_token_to_hsmtoken\n    self.On_error(\n  File \"C:\\Users\\kulje\\OneDrive\\Documents\\Baby Stock Screener\\backend\\venv\\Lib\\site-packages\\fyers_apiv3\\FyersWebsocket\\data_ws.py\", line 1500, in On_error\n    self.OnError(message)\n  File \"C:\\Users\\kulje\\OneDrive\\Documents\\Baby Stock Screener\\backend\\app\\services\\stream_hub.py\", line 142, in on_error\n    from ..utils import auth_helper\n  File \"C:\\Users\\kulje\\OneDrive\\Documents\\Baby Stock Screener\\backend\\app\\utils\\auth_helper.py\", line 2, in <module>\n    import pyotp\nModuleNotFoundError: No module named 'pyotp'","exception_name":"ModuleNotFoundError"}
{"level":"ERROR","location":"[__init_connection:1675] data_ws","message":"No module named 'pyotp'","timestamp":"2026-01-29 13:32:46,654+0530","service":"FyersDataSocket","exception":"Traceback (most recent call last):\n  File \"C:\\Users\\kulje\\OneDrive\\Documents\\Baby Stock Screener\\backend\\venv\\Lib\\site-packages\\fyers_apiv3\\FyersWebsocket\\data_ws.py\", line 272, in access_token_to_hsmtoken\n    self.On_error(\n  File \"C:\\Users\\kulje\\OneDrive\\Documents\\Baby Stock Screener\\backend\\venv\\Lib\\site-packages\\fyers_apiv3\\FyersWebsocket\\data_ws.py\", line 1500, in On_error\n    self.OnError(message)\n  File \"C:\\Users\\kulje\\OneDrive\\Documents\\Baby Stock Screener\\backend\\app\\services\\stream_hub.py\", line 142, in on_error\n    from ..utils import auth_helper\n  File \"C:\\Users\\kulje\\OneDrive\\Documents\\Baby Stock Screener\\backend\\app\\utils\\auth_helper.py\", line 2, in <module>\n    import pyotp\nModuleNotFoundError: No module named 'pyotp'\n\nDuring handling of the above exception, another exception occurred:\n\nTraceback (most recent call last):\n  File \"C:\\Users\\kulje\\OneDrive\\Documents\\Baby Stock Screener\\backend\\venv\\Lib\\site-packages\\fyers_apiv3\\FyersWebsocket\\data_ws.py\", line 1657, in __init_connection\n    if  self.access_token_to_hsmtoken() and self.__valid_token :\n        ^^^^^^^^^^^^^^^^^^^^^^^^^^^^^^^\n  File \"C:\\Users\\kulje\\OneDrive\\Documents\\Baby Stock Screener\\backend\\venv\\Lib\\site-packages\\fyers_apiv3\\FyersWebsocket\\data_ws.py\", line 287, in access_token_to_hsmtoken\n    self.On_error(\n  File \"C:\\Users\\kulje\\OneDrive\\Documents\\Baby Stock Screener\\backend\\venv\\Lib\\site-packages\\fyers_apiv3\\FyersWebsocket\\data_ws.py\", line 1500, in On_error\n    self.OnError(message)\n  File \"C:\\Users\\kulje\\OneDrive\\Documents\\Baby Stock Screener\\backend\\app\\services\\stream_hub.py\", line 142, in on_error\n    from ..utils import auth_helper\n  File \"C:\\Users\\kulje\\OneDrive\\Documents\\Baby Stock Screener\\backend\\app\\utils\\auth_helper.py\", line 2, in <module>\n    import pyotp\nModuleNotFoundError: No module named 'pyotp'","exception_name":"ModuleNotFoundError"}
{"level":"ERROR","location":"[__init_connection:1675] data_ws","message":"No module named 'pyotp'","timestamp":"2026-01-29 13:33:04,523+0530","service":"FyersDataSocket","exception":"Traceback (most recent call last):\n  File \"C:\\Users\\kulje\\OneDrive\\Documents\\Baby Stock Screener\\backend\\venv\\Lib\\site-packages\\fyers_apiv3\\FyersWebsocket\\data_ws.py\", line 272, in access_token_to_hsmtoken\n    self.On_error(\n  File \"C:\\Users\\kulje\\OneDrive\\Documents\\Baby Stock Screener\\backend\\venv\\Lib\\site-packages\\fyers_apiv3\\FyersWebsocket\\data_ws.py\", line 1500, in On_error\n    self.OnError(message)\n  File \"C:\\Users\\kulje\\OneDrive\\Documents\\Baby Stock Screener\\backend\\app\\services\\stream_hub.py\", line 142, in on_error\n    from ..utils import auth_helper\n  File \"C:\\Users\\kulje\\OneDrive\\Documents\\Baby Stock Screener\\backend\\app\\utils\\auth_helper.py\", line 2, in <module>\n    import pyotp\nModuleNotFoundError: No module named 'pyotp'\n\nDuring handling of the above exception, another exception occurred:\n\nTraceback (most recent call last):\n  File \"C:\\Users\\kulje\\OneDrive\\Documents\\Baby Stock Screener\\backend\\venv\\Lib\\site-packages\\fyers_apiv3\\FyersWebsocket\\data_ws.py\", line 1657, in __init_connection\n    if  self.access_token_to_hsmtoken() and self.__valid_token :\n        ^^^^^^^^^^^^^^^^^^^^^^^^^^^^^^^\n  File \"C:\\Users\\kulje\\OneDrive\\Documents\\Baby Stock Screener\\backend\\venv\\Lib\\site-packages\\fyers_apiv3\\FyersWebsocket\\data_ws.py\", line 287, in access_token_to_hsmtoken\n    self.On_error(\n  File \"C:\\Users\\kulje\\OneDrive\\Documents\\Baby Stock Screener\\backend\\venv\\Lib\\site-packages\\fyers_apiv3\\FyersWebsocket\\data_ws.py\", line 1500, in On_error\n    self.OnError(message)\n  File \"C:\\Users\\kulje\\OneDrive\\Documents\\Baby Stock Screener\\backend\\app\\services\\stream_hub.py\", line 142, in on_error\n    from ..utils import auth_helper\n  File \"C:\\Users\\kulje\\OneDrive\\Documents\\Baby Stock Screener\\backend\\app\\utils\\auth_helper.py\", line 2, in <module>\n    import pyotp\nModuleNotFoundError: No module named 'pyotp'","exception_name":"ModuleNotFoundError"}
{"level":"ERROR","location":"[__init_connection:1675] data_ws","message":"No module named 'pyotp'","timestamp":"2026-01-29 13:33:22,694+0530","service":"FyersDataSocket","exception":"Traceback (most recent call last):\n  File \"C:\\Users\\kulje\\OneDrive\\Documents\\Baby Stock Screener\\backend\\venv\\Lib\\site-packages\\fyers_apiv3\\FyersWebsocket\\data_ws.py\", line 272, in access_token_to_hsmtoken\n    self.On_error(\n  File \"C:\\Users\\kulje\\OneDrive\\Documents\\Baby Stock Screener\\backend\\venv\\Lib\\site-packages\\fyers_apiv3\\FyersWebsocket\\data_ws.py\", line 1500, in On_error\n    self.OnError(message)\n  File \"C:\\Users\\kulje\\OneDrive\\Documents\\Baby Stock Screener\\backend\\app\\services\\stream_hub.py\", line 142, in on_error\n    from ..utils import auth_helper\n  File \"C:\\Users\\kulje\\OneDrive\\Documents\\Baby Stock Screener\\backend\\app\\utils\\auth_helper.py\", line 2, in <module>\n    import pyotp\nModuleNotFoundError: No module named 'pyotp'\n\nDuring handling of the above exception, another exception occurred:\n\nTraceback (most recent call last):\n  File \"C:\\Users\\kulje\\OneDrive\\Documents\\Baby Stock Screener\\backend\\venv\\Lib\\site-packages\\fyers_apiv3\\FyersWebsocket\\data_ws.py\", line 1657, in __init_connection\n    if  self.access_token_to_hsmtoken() and self.__valid_token :\n        ^^^^^^^^^^^^^^^^^^^^^^^^^^^^^^^\n  File \"C:\\Users\\kulje\\OneDrive\\Documents\\Baby Stock Screener\\backend\\venv\\Lib\\site-packages\\fyers_apiv3\\FyersWebsocket\\data_ws.py\", line 287, in access_token_to_hsmtoken\n    self.On_error(\n  File \"C:\\Users\\kulje\\OneDrive\\Documents\\Baby Stock Screener\\backend\\venv\\Lib\\site-packages\\fyers_apiv3\\FyersWebsocket\\data_ws.py\", line 1500, in On_error\n    self.OnError(message)\n  File \"C:\\Users\\kulje\\OneDrive\\Documents\\Baby Stock Screener\\backend\\app\\services\\stream_hub.py\", line 142, in on_error\n    from ..utils import auth_helper\n  File \"C:\\Users\\kulje\\OneDrive\\Documents\\Baby Stock Screener\\backend\\app\\utils\\auth_helper.py\", line 2, in <module>\n    import pyotp\nModuleNotFoundError: No module named 'pyotp'","exception_name":"ModuleNotFoundError"}
{"level":"ERROR","location":"[__init_connection:1675] data_ws","message":"No module named 'pyotp'","timestamp":"2026-01-29 13:33:42,374+0530","service":"FyersDataSocket","exception":"Traceback (most recent call last):\n  File \"C:\\Users\\kulje\\OneDrive\\Documents\\Baby Stock Screener\\backend\\venv\\Lib\\site-packages\\fyers_apiv3\\FyersWebsocket\\data_ws.py\", line 272, in access_token_to_hsmtoken\n    self.On_error(\n  File \"C:\\Users\\kulje\\OneDrive\\Documents\\Baby Stock Screener\\backend\\venv\\Lib\\site-packages\\fyers_apiv3\\FyersWebsocket\\data_ws.py\", line 1500, in On_error\n    self.OnError(message)\n  File \"C:\\Users\\kulje\\OneDrive\\Documents\\Baby Stock Screener\\backend\\app\\services\\stream_hub.py\", line 142, in on_error\n    from ..utils import auth_helper\n  File \"C:\\Users\\kulje\\OneDrive\\Documents\\Baby Stock Screener\\backend\\app\\utils\\auth_helper.py\", line 2, in <module>\n    import pyotp\nModuleNotFoundError: No module named 'pyotp'\n\nDuring handling of the above exception, another exception occurred:\n\nTraceback (most recent call last):\n  File \"C:\\Users\\kulje\\OneDrive\\Documents\\Baby Stock Screener\\backend\\venv\\Lib\\site-packages\\fyers_apiv3\\FyersWebsocket\\data_ws.py\", line 1657, in __init_connection\n    if  self.access_token_to_hsmtoken() and self.__valid_token :\n        ^^^^^^^^^^^^^^^^^^^^^^^^^^^^^^^\n  File \"C:\\Users\\kulje\\OneDrive\\Documents\\Baby Stock Screener\\backend\\venv\\Lib\\site-packages\\fyers_apiv3\\FyersWebsocket\\data_ws.py\", line 287, in access_token_to_hsmtoken\n    self.On_error(\n  File \"C:\\Users\\kulje\\OneDrive\\Documents\\Baby Stock Screener\\backend\\venv\\Lib\\site-packages\\fyers_apiv3\\FyersWebsocket\\data_ws.py\", line 1500, in On_error\n    self.OnError(message)\n  File \"C:\\Users\\kulje\\OneDrive\\Documents\\Baby Stock Screener\\backend\\app\\services\\stream_hub.py\", line 142, in on_error\n    from ..utils import auth_helper\n  File \"C:\\Users\\kulje\\OneDrive\\Documents\\Baby Stock Screener\\backend\\app\\utils\\auth_helper.py\", line 2, in <module>\n    import pyotp\nModuleNotFoundError: No module named 'pyotp'","exception_name":"ModuleNotFoundError"}
{"level":"ERROR","location":"[__init_connection:1675] data_ws","message":"No module named 'pyotp'","timestamp":"2026-01-29 13:33:57,421+0530","service":"FyersDataSocket","exception":"Traceback (most recent call last):\n  File \"C:\\Users\\kulje\\OneDrive\\Documents\\Baby Stock Screener\\backend\\venv\\Lib\\site-packages\\fyers_apiv3\\FyersWebsocket\\data_ws.py\", line 272, in access_token_to_hsmtoken\n    self.On_error(\n  File \"C:\\Users\\kulje\\OneDrive\\Documents\\Baby Stock Screener\\backend\\venv\\Lib\\site-packages\\fyers_apiv3\\FyersWebsocket\\data_ws.py\", line 1500, in On_error\n    self.OnError(message)\n  File \"C:\\Users\\kulje\\OneDrive\\Documents\\Baby Stock Screener\\backend\\app\\services\\stream_hub.py\", line 142, in on_error\n    from ..utils import auth_helper\n  File \"C:\\Users\\kulje\\OneDrive\\Documents\\Baby Stock Screener\\backend\\app\\utils\\auth_helper.py\", line 2, in <module>\n    import pyotp\nModuleNotFoundError: No module named 'pyotp'\n\nDuring handling of the above exception, another exception occurred:\n\nTraceback (most recent call last):\n  File \"C:\\Users\\kulje\\OneDrive\\Documents\\Baby Stock Screener\\backend\\venv\\Lib\\site-packages\\fyers_apiv3\\FyersWebsocket\\data_ws.py\", line 1657, in __init_connection\n    if  self.access_token_to_hsmtoken() and self.__valid_token :\n        ^^^^^^^^^^^^^^^^^^^^^^^^^^^^^^^\n  File \"C:\\Users\\kulje\\OneDrive\\Documents\\Baby Stock Screener\\backend\\venv\\Lib\\site-packages\\fyers_apiv3\\FyersWebsocket\\data_ws.py\", line 287, in access_token_to_hsmtoken\n    self.On_error(\n  File \"C:\\Users\\kulje\\OneDrive\\Documents\\Baby Stock Screener\\backend\\venv\\Lib\\site-packages\\fyers_apiv3\\FyersWebsocket\\data_ws.py\", line 1500, in On_error\n    self.OnError(message)\n  File \"C:\\Users\\kulje\\OneDrive\\Documents\\Baby Stock Screener\\backend\\app\\services\\stream_hub.py\", line 142, in on_error\n    from ..utils import auth_helper\n  File \"C:\\Users\\kulje\\OneDrive\\Documents\\Baby Stock Screener\\backend\\app\\utils\\auth_helper.py\", line 2, in <module>\n    import pyotp\nModuleNotFoundError: No module named 'pyotp'","exception_name":"ModuleNotFoundError"}
{"level":"ERROR","location":"[__init_connection:1675] data_ws","message":"No module named 'pyotp'","timestamp":"2026-01-29 13:34:14,706+0530","service":"FyersDataSocket","exception":"Traceback (most recent call last):\n  File \"C:\\Users\\kulje\\OneDrive\\Documents\\Baby Stock Screener\\backend\\venv\\Lib\\site-packages\\fyers_apiv3\\FyersWebsocket\\data_ws.py\", line 272, in access_token_to_hsmtoken\n    self.On_error(\n  File \"C:\\Users\\kulje\\OneDrive\\Documents\\Baby Stock Screener\\backend\\venv\\Lib\\site-packages\\fyers_apiv3\\FyersWebsocket\\data_ws.py\", line 1500, in On_error\n    self.OnError(message)\n  File \"C:\\Users\\kulje\\OneDrive\\Documents\\Baby Stock Screener\\backend\\app\\services\\stream_hub.py\", line 142, in on_error\n    from ..utils import auth_helper\n  File \"C:\\Users\\kulje\\OneDrive\\Documents\\Baby Stock Screener\\backend\\app\\utils\\auth_helper.py\", line 2, in <module>\n    import pyotp\nModuleNotFoundError: No module named 'pyotp'\n\nDuring handling of the above exception, another exception occurred:\n\nTraceback (most recent call last):\n  File \"C:\\Users\\kulje\\OneDrive\\Documents\\Baby Stock Screener\\backend\\venv\\Lib\\site-packages\\fyers_apiv3\\FyersWebsocket\\data_ws.py\", line 1657, in __init_connection\n    if  self.access_token_to_hsmtoken() and self.__valid_token :\n        ^^^^^^^^^^^^^^^^^^^^^^^^^^^^^^^\n  File \"C:\\Users\\kulje\\OneDrive\\Documents\\Baby Stock Screener\\backend\\venv\\Lib\\site-packages\\fyers_apiv3\\FyersWebsocket\\data_ws.py\", line 287, in access_token_to_hsmtoken\n    self.On_error(\n  File \"C:\\Users\\kulje\\OneDrive\\Documents\\Baby Stock Screener\\backend\\venv\\Lib\\site-packages\\fyers_apiv3\\FyersWebsocket\\data_ws.py\", line 1500, in On_error\n    self.OnError(message)\n  File \"C:\\Users\\kulje\\OneDrive\\Documents\\Baby Stock Screener\\backend\\app\\services\\stream_hub.py\", line 142, in on_error\n    from ..utils import auth_helper\n  File \"C:\\Users\\kulje\\OneDrive\\Documents\\Baby Stock Screener\\backend\\app\\utils\\auth_helper.py\", line 2, in <module>\n    import pyotp\nModuleNotFoundError: No module named 'pyotp'","exception_name":"ModuleNotFoundError"}
{"level":"ERROR","location":"[__init_connection:1675] data_ws","message":"No module named 'pyotp'","timestamp":"2026-01-29 13:34:30,320+0530","service":"FyersDataSocket","exception":"Traceback (most recent call last):\n  File \"C:\\Users\\kulje\\OneDrive\\Documents\\Baby Stock Screener\\backend\\venv\\Lib\\site-packages\\fyers_apiv3\\FyersWebsocket\\data_ws.py\", line 272, in access_token_to_hsmtoken\n    self.On_error(\n  File \"C:\\Users\\kulje\\OneDrive\\Documents\\Baby Stock Screener\\backend\\venv\\Lib\\site-packages\\fyers_apiv3\\FyersWebsocket\\data_ws.py\", line 1500, in On_error\n    self.OnError(message)\n  File \"C:\\Users\\kulje\\OneDrive\\Documents\\Baby Stock Screener\\backend\\app\\services\\stream_hub.py\", line 142, in on_error\n    from ..utils import auth_helper\n  File \"C:\\Users\\kulje\\OneDrive\\Documents\\Baby Stock Screener\\backend\\app\\utils\\auth_helper.py\", line 2, in <module>\n    import pyotp\nModuleNotFoundError: No module named 'pyotp'\n\nDuring handling of the above exception, another exception occurred:\n\nTraceback (most recent call last):\n  File \"C:\\Users\\kulje\\OneDrive\\Documents\\Baby Stock Screener\\backend\\venv\\Lib\\site-packages\\fyers_apiv3\\FyersWebsocket\\data_ws.py\", line 1657, in __init_connection\n    if  self.access_token_to_hsmtoken() and self.__valid_token :\n        ^^^^^^^^^^^^^^^^^^^^^^^^^^^^^^^\n  File \"C:\\Users\\kulje\\OneDrive\\Documents\\Baby Stock Screener\\backend\\venv\\Lib\\site-packages\\fyers_apiv3\\FyersWebsocket\\data_ws.py\", line 287, in access_token_to_hsmtoken\n    self.On_error(\n  File \"C:\\Users\\kulje\\OneDrive\\Documents\\Baby Stock Screener\\backend\\venv\\Lib\\site-packages\\fyers_apiv3\\FyersWebsocket\\data_ws.py\", line 1500, in On_error\n    self.OnError(message)\n  File \"C:\\Users\\kulje\\OneDrive\\Documents\\Baby Stock Screener\\backend\\app\\services\\stream_hub.py\", line 142, in on_error\n    from ..utils import auth_helper\n  File \"C:\\Users\\kulje\\OneDrive\\Documents\\Baby Stock Screener\\backend\\app\\utils\\auth_helper.py\", line 2, in <module>\n    import pyotp\nModuleNotFoundError: No module named 'pyotp'","exception_name":"ModuleNotFoundError"}
{"level":"ERROR","location":"[__init_connection:1675] data_ws","message":"No module named 'pyotp'","timestamp":"2026-01-29 13:35:06,217+0530","service":"FyersDataSocket","exception":"Traceback (most recent call last):\n  File \"C:\\Users\\kulje\\OneDrive\\Documents\\Baby Stock Screener\\backend\\venv\\Lib\\site-packages\\fyers_apiv3\\FyersWebsocket\\data_ws.py\", line 272, in access_token_to_hsmtoken\n    self.On_error(\n  File \"C:\\Users\\kulje\\OneDrive\\Documents\\Baby Stock Screener\\backend\\venv\\Lib\\site-packages\\fyers_apiv3\\FyersWebsocket\\data_ws.py\", line 1500, in On_error\n    self.OnError(message)\n  File \"C:\\Users\\kulje\\OneDrive\\Documents\\Baby Stock Screener\\backend\\app\\services\\stream_hub.py\", line 142, in on_error\n    from ..utils import auth_helper\n  File \"C:\\Users\\kulje\\OneDrive\\Documents\\Baby Stock Screener\\backend\\app\\utils\\auth_helper.py\", line 2, in <module>\n    import pyotp\nModuleNotFoundError: No module named 'pyotp'\n\nDuring handling of the above exception, another exception occurred:\n\nTraceback (most recent call last):\n  File \"C:\\Users\\kulje\\OneDrive\\Documents\\Baby Stock Screener\\backend\\venv\\Lib\\site-packages\\fyers_apiv3\\FyersWebsocket\\data_ws.py\", line 1657, in __init_connection\n    if  self.access_token_to_hsmtoken() and self.__valid_token :\n        ^^^^^^^^^^^^^^^^^^^^^^^^^^^^^^^\n  File \"C:\\Users\\kulje\\OneDrive\\Documents\\Baby Stock Screener\\backend\\venv\\Lib\\site-packages\\fyers_apiv3\\FyersWebsocket\\data_ws.py\", line 287, in access_token_to_hsmtoken\n    self.On_error(\n  File \"C:\\Users\\kulje\\OneDrive\\Documents\\Baby Stock Screener\\backend\\venv\\Lib\\site-packages\\fyers_apiv3\\FyersWebsocket\\data_ws.py\", line 1500, in On_error\n    self.OnError(message)\n  File \"C:\\Users\\kulje\\OneDrive\\Documents\\Baby Stock Screener\\backend\\app\\services\\stream_hub.py\", line 142, in on_error\n    from ..utils import auth_helper\n  File \"C:\\Users\\kulje\\OneDrive\\Documents\\Baby Stock Screener\\backend\\app\\utils\\auth_helper.py\", line 2, in <module>\n    import pyotp\nModuleNotFoundError: No module named 'pyotp'","exception_name":"ModuleNotFoundError"}
{"level":"ERROR","location":"[__init_connection:1675] data_ws","message":"No module named 'pyotp'","timestamp":"2026-01-29 13:35:25,048+0530","service":"FyersDataSocket","exception":"Traceback (most recent call last):\n  File \"C:\\Users\\kulje\\OneDrive\\Documents\\Baby Stock Screener\\backend\\venv\\Lib\\site-packages\\fyers_apiv3\\FyersWebsocket\\data_ws.py\", line 272, in access_token_to_hsmtoken\n    self.On_error(\n  File \"C:\\Users\\kulje\\OneDrive\\Documents\\Baby Stock Screener\\backend\\venv\\Lib\\site-packages\\fyers_apiv3\\FyersWebsocket\\data_ws.py\", line 1500, in On_error\n    self.OnError(message)\n  File \"C:\\Users\\kulje\\OneDrive\\Documents\\Baby Stock Screener\\backend\\app\\services\\stream_hub.py\", line 142, in on_error\n    from ..utils import auth_helper\n  File \"C:\\Users\\kulje\\OneDrive\\Documents\\Baby Stock Screener\\backend\\app\\utils\\auth_helper.py\", line 2, in <module>\n    import pyotp\nModuleNotFoundError: No module named 'pyotp'\n\nDuring handling of the above exception, another exception occurred:\n\nTraceback (most recent call last):\n  File \"C:\\Users\\kulje\\OneDrive\\Documents\\Baby Stock Screener\\backend\\venv\\Lib\\site-packages\\fyers_apiv3\\FyersWebsocket\\data_ws.py\", line 1657, in __init_connection\n    if  self.access_token_to_hsmtoken() and self.__valid_token :\n        ^^^^^^^^^^^^^^^^^^^^^^^^^^^^^^^\n  File \"C:\\Users\\kulje\\OneDrive\\Documents\\Baby Stock Screener\\backend\\venv\\Lib\\site-packages\\fyers_apiv3\\FyersWebsocket\\data_ws.py\", line 287, in access_token_to_hsmtoken\n    self.On_error(\n  File \"C:\\Users\\kulje\\OneDrive\\Documents\\Baby Stock Screener\\backend\\venv\\Lib\\site-packages\\fyers_apiv3\\FyersWebsocket\\data_ws.py\", line 1500, in On_error\n    self.OnError(message)\n  File \"C:\\Users\\kulje\\OneDrive\\Documents\\Baby Stock Screener\\backend\\app\\services\\stream_hub.py\", line 142, in on_error\n    from ..utils import auth_helper\n  File \"C:\\Users\\kulje\\OneDrive\\Documents\\Baby Stock Screener\\backend\\app\\utils\\auth_helper.py\", line 2, in <module>\n    import pyotp\nModuleNotFoundError: No module named 'pyotp'","exception_name":"ModuleNotFoundError"}
{"level":"ERROR","location":"[__init_connection:1675] data_ws","message":"No module named 'pyotp'","timestamp":"2026-01-29 13:35:44,808+0530","service":"FyersDataSocket","exception":"Traceback (most recent call last):\n  File \"C:\\Users\\kulje\\OneDrive\\Documents\\Baby Stock Screener\\backend\\venv\\Lib\\site-packages\\fyers_apiv3\\FyersWebsocket\\data_ws.py\", line 272, in access_token_to_hsmtoken\n    self.On_error(\n  File \"C:\\Users\\kulje\\OneDrive\\Documents\\Baby Stock Screener\\backend\\venv\\Lib\\site-packages\\fyers_apiv3\\FyersWebsocket\\data_ws.py\", line 1500, in On_error\n    self.OnError(message)\n  File \"C:\\Users\\kulje\\OneDrive\\Documents\\Baby Stock Screener\\backend\\app\\services\\stream_hub.py\", line 142, in on_error\n    from ..utils import auth_helper\n  File \"C:\\Users\\kulje\\OneDrive\\Documents\\Baby Stock Screener\\backend\\app\\utils\\auth_helper.py\", line 2, in <module>\n    import pyotp\nModuleNotFoundError: No module named 'pyotp'\n\nDuring handling of the above exception, another exception occurred:\n\nTraceback (most recent call last):\n  File \"C:\\Users\\kulje\\OneDrive\\Documents\\Baby Stock Screener\\backend\\venv\\Lib\\site-packages\\fyers_apiv3\\FyersWebsocket\\data_ws.py\", line 1657, in __init_connection\n    if  self.access_token_to_hsmtoken() and self.__valid_token :\n        ^^^^^^^^^^^^^^^^^^^^^^^^^^^^^^^\n  File \"C:\\Users\\kulje\\OneDrive\\Documents\\Baby Stock Screener\\backend\\venv\\Lib\\site-packages\\fyers_apiv3\\FyersWebsocket\\data_ws.py\", line 287, in access_token_to_hsmtoken\n    self.On_error(\n  File \"C:\\Users\\kulje\\OneDrive\\Documents\\Baby Stock Screener\\backend\\venv\\Lib\\site-packages\\fyers_apiv3\\FyersWebsocket\\data_ws.py\", line 1500, in On_error\n    self.OnError(message)\n  File \"C:\\Users\\kulje\\OneDrive\\Documents\\Baby Stock Screener\\backend\\app\\services\\stream_hub.py\", line 142, in on_error\n    from ..utils import auth_helper\n  File \"C:\\Users\\kulje\\OneDrive\\Documents\\Baby Stock Screener\\backend\\app\\utils\\auth_helper.py\", line 2, in <module>\n    import pyotp\nModuleNotFoundError: No module named 'pyotp'","exception_name":"ModuleNotFoundError"}
{"level":"ERROR","location":"[__init_connection:1675] data_ws","message":"No module named 'pyotp'","timestamp":"2026-01-29 13:37:14,451+0530","service":"FyersDataSocket","exception":"Traceback (most recent call last):\n  File \"C:\\Users\\kulje\\OneDrive\\Documents\\Baby Stock Screener\\backend\\venv\\Lib\\site-packages\\fyers_apiv3\\FyersWebsocket\\data_ws.py\", line 272, in access_token_to_hsmtoken\n    self.On_error(\n  File \"C:\\Users\\kulje\\OneDrive\\Documents\\Baby Stock Screener\\backend\\venv\\Lib\\site-packages\\fyers_apiv3\\FyersWebsocket\\data_ws.py\", line 1500, in On_error\n    self.OnError(message)\n  File \"C:\\Users\\kulje\\OneDrive\\Documents\\Baby Stock Screener\\backend\\app\\services\\stream_hub.py\", line 142, in on_error\n    from ..utils import auth_helper\n  File \"C:\\Users\\kulje\\OneDrive\\Documents\\Baby Stock Screener\\backend\\app\\utils\\auth_helper.py\", line 2, in <module>\n    import pyotp\nModuleNotFoundError: No module named 'pyotp'\n\nDuring handling of the above exception, another exception occurred:\n\nTraceback (most recent call last):\n  File \"C:\\Users\\kulje\\OneDrive\\Documents\\Baby Stock Screener\\backend\\venv\\Lib\\site-packages\\fyers_apiv3\\FyersWebsocket\\data_ws.py\", line 1657, in __init_connection\n    if  self.access_token_to_hsmtoken() and self.__valid_token :\n        ^^^^^^^^^^^^^^^^^^^^^^^^^^^^^^^\n  File \"C:\\Users\\kulje\\OneDrive\\Documents\\Baby Stock Screener\\backend\\venv\\Lib\\site-packages\\fyers_apiv3\\FyersWebsocket\\data_ws.py\", line 287, in access_token_to_hsmtoken\n    self.On_error(\n  File \"C:\\Users\\kulje\\OneDrive\\Documents\\Baby Stock Screener\\backend\\venv\\Lib\\site-packages\\fyers_apiv3\\FyersWebsocket\\data_ws.py\", line 1500, in On_error\n    self.OnError(message)\n  File \"C:\\Users\\kulje\\OneDrive\\Documents\\Baby Stock Screener\\backend\\app\\services\\stream_hub.py\", line 142, in on_error\n    from ..utils import auth_helper\n  File \"C:\\Users\\kulje\\OneDrive\\Documents\\Baby Stock Screener\\backend\\app\\utils\\auth_helper.py\", line 2, in <module>\n    import pyotp\nModuleNotFoundError: No module named 'pyotp'","exception_name":"ModuleNotFoundError"}
{"level":"ERROR","location":"[__init_connection:1675] data_ws","message":"No module named 'pyotp'","timestamp":"2026-01-29 13:37:34,131+0530","service":"FyersDataSocket","exception":"Traceback (most recent call last):\n  File \"C:\\Users\\kulje\\OneDrive\\Documents\\Baby Stock Screener\\backend\\venv\\Lib\\site-packages\\fyers_apiv3\\FyersWebsocket\\data_ws.py\", line 272, in access_token_to_hsmtoken\n    self.On_error(\n  File \"C:\\Users\\kulje\\OneDrive\\Documents\\Baby Stock Screener\\backend\\venv\\Lib\\site-packages\\fyers_apiv3\\FyersWebsocket\\data_ws.py\", line 1500, in On_error\n    self.OnError(message)\n  File \"C:\\Users\\kulje\\OneDrive\\Documents\\Baby Stock Screener\\backend\\app\\services\\stream_hub.py\", line 142, in on_error\n    from ..utils import auth_helper\n  File \"C:\\Users\\kulje\\OneDrive\\Documents\\Baby Stock Screener\\backend\\app\\utils\\auth_helper.py\", line 2, in <module>\n    import pyotp\nModuleNotFoundError: No module named 'pyotp'\n\nDuring handling of the above exception, another exception occurred:\n\nTraceback (most recent call last):\n  File \"C:\\Users\\kulje\\OneDrive\\Documents\\Baby Stock Screener\\backend\\venv\\Lib\\site-packages\\fyers_apiv3\\FyersWebsocket\\data_ws.py\", line 1657, in __init_connection\n    if  self.access_token_to_hsmtoken() and self.__valid_token :\n        ^^^^^^^^^^^^^^^^^^^^^^^^^^^^^^^\n  File \"C:\\Users\\kulje\\OneDrive\\Documents\\Baby Stock Screener\\backend\\venv\\Lib\\site-packages\\fyers_apiv3\\FyersWebsocket\\data_ws.py\", line 287, in access_token_to_hsmtoken\n    self.On_error(\n  File \"C:\\Users\\kulje\\OneDrive\\Documents\\Baby Stock Screener\\backend\\venv\\Lib\\site-packages\\fyers_apiv3\\FyersWebsocket\\data_ws.py\", line 1500, in On_error\n    self.OnError(message)\n  File \"C:\\Users\\kulje\\OneDrive\\Documents\\Baby Stock Screener\\backend\\app\\services\\stream_hub.py\", line 142, in on_error\n    from ..utils import auth_helper\n  File \"C:\\Users\\kulje\\OneDrive\\Documents\\Baby Stock Screener\\backend\\app\\utils\\auth_helper.py\", line 2, in <module>\n    import pyotp\nModuleNotFoundError: No module named 'pyotp'","exception_name":"ModuleNotFoundError"}
{"level":"ERROR","location":"[__init_connection:1675] data_ws","message":"No module named 'pyotp'","timestamp":"2026-01-29 13:37:51,537+0530","service":"FyersDataSocket","exception":"Traceback (most recent call last):\n  File \"C:\\Users\\kulje\\OneDrive\\Documents\\Baby Stock Screener\\backend\\venv\\Lib\\site-packages\\fyers_apiv3\\FyersWebsocket\\data_ws.py\", line 272, in access_token_to_hsmtoken\n    self.On_error(\n  File \"C:\\Users\\kulje\\OneDrive\\Documents\\Baby Stock Screener\\backend\\venv\\Lib\\site-packages\\fyers_apiv3\\FyersWebsocket\\data_ws.py\", line 1500, in On_error\n    self.OnError(message)\n  File \"C:\\Users\\kulje\\OneDrive\\Documents\\Baby Stock Screener\\backend\\app\\services\\stream_hub.py\", line 142, in on_error\n    from ..utils import auth_helper\n  File \"C:\\Users\\kulje\\OneDrive\\Documents\\Baby Stock Screener\\backend\\app\\utils\\auth_helper.py\", line 2, in <module>\n    import pyotp\nModuleNotFoundError: No module named 'pyotp'\n\nDuring handling of the above exception, another exception occurred:\n\nTraceback (most recent call last):\n  File \"C:\\Users\\kulje\\OneDrive\\Documents\\Baby Stock Screener\\backend\\venv\\Lib\\site-packages\\fyers_apiv3\\FyersWebsocket\\data_ws.py\", line 1657, in __init_connection\n    if  self.access_token_to_hsmtoken() and self.__valid_token :\n        ^^^^^^^^^^^^^^^^^^^^^^^^^^^^^^^\n  File \"C:\\Users\\kulje\\OneDrive\\Documents\\Baby Stock Screener\\backend\\venv\\Lib\\site-packages\\fyers_apiv3\\FyersWebsocket\\data_ws.py\", line 287, in access_token_to_hsmtoken\n    self.On_error(\n  File \"C:\\Users\\kulje\\OneDrive\\Documents\\Baby Stock Screener\\backend\\venv\\Lib\\site-packages\\fyers_apiv3\\FyersWebsocket\\data_ws.py\", line 1500, in On_error\n    self.OnError(message)\n  File \"C:\\Users\\kulje\\OneDrive\\Documents\\Baby Stock Screener\\backend\\app\\services\\stream_hub.py\", line 142, in on_error\n    from ..utils import auth_helper\n  File \"C:\\Users\\kulje\\OneDrive\\Documents\\Baby Stock Screener\\backend\\app\\utils\\auth_helper.py\", line 2, in <module>\n    import pyotp\nModuleNotFoundError: No module named 'pyotp'","exception_name":"ModuleNotFoundError"}
