{"level":"ERROR","location":"[__init_connection:1675] data_ws","message":"No module named 'pyotp'","timestamp":"2026-01-29 13:25:43,716+0530","service":"FyersDataSocket","exception":"Traceback (most recent call last):\n  File \"C:\\Users\\kulje\\OneDrive\\Documents\\Baby Stock Screener\\backend\\venv\\Lib\\site-packages\\fyers_apiv3\\FyersWebsocket\\data_ws.py\", line 272, in access_token_to_hsmtoken\n    self.On_error(\n  File \"C:\\Users\\kulje\\OneDrive\\Documents\\Baby Stock Screener\\backend\\venv\\Lib\\site-packages\\fyers_apiv3\\FyersWebsocket\\data_ws.py\", line 1500, in On_error\n    self.OnError(message)\n  File \"C:\\Users\\kulje\\OneDrive\\Documents\\Baby Stock Screener\\backend\\app\\services\\stream_hub.py\", line 142, in on_error\n    from ..utils import auth_helper\n  File \"C:\\Users\\kulje\\OneDrive\\Documents\\Baby Stock Screener\\backend\\app\\utils\\auth_helper.py\", line 2, in <module>\n    import pyotp\nModuleNotFoundError: No module named 'pyotp'\n\nDuring handling of the above exception, another exception occurred:\n\nTraceback (most recent call last):\n  File \"C:\\Users\\kulje\\OneDrive\\Documents\\Baby Stock Screener\\backend\\venv\\Lib\\site-packages\\fyers_apiv3\\FyersWebsocket\\data_ws.py\", line 1657, in __init_connection\n    if  self.access_token_to_hsmtoken() and self.__valid_token :\n        ^^^^^^^^^^^^^^^^^^^^^^^^^^^^^^^\n  File \"C:\\Users\\kulje\\OneDrive\\Documents\\Baby Stock Screener\\backend\\venv\\Lib\\site-packages\\fyers_apiv3\\FyersWebsocket\\data_ws.py\", line 287, in access_token_to_hsmtoken\n    self.On_error(\n  File \"C:\\Users\\kulje\\OneDrive\\Documents\\Baby Stock Screener\\backend\\venv\\Lib\\site-packages\\fyers_apiv3\\FyersWebsocket\\data_ws.py\", line 1500, in On_error\n    self.OnError(message)\n  File \"C:\\Users\\kulje\\OneDrive\\Documents\\Baby Stock Screener\\backend\\app\\services\\stream_hub.py\", line 142, in on_error\n    from ..utils import auth_helper\n  File \"C:\\Users\\kulje\\OneDrive\\Documents\\Baby Stock Screener\\backend\\app\\utils\\auth_helper.py\", line 2, in <module>\n    import pyotp\nModuleNotFoundError: No module named 'pyotp'","exception_name":"ModuleNotFoundError"}
{"level":"ERROR","location":"[__init_connection:1675] data_ws","message":"No module named 'pyotp'","timestamp":"2026-01-29 13:26:03,170+0530","service":"FyersDataSocket","exception":"Traceback (most recent call last):\n  File \"C:\\Users\\kulje\\OneDrive\\Documents\\Baby Stock Screener\\backend\\venv\\Lib\\site-packages\\fyers_apiv3\\FyersWebsocket\\data_ws.py\", line 272, in access_token_to_hsmtoken\n    self.On_error(\n  File \"C:\\Users\\kulje\\OneDrive\\Documents\\Baby Stock Screener\\backend\\venv\\Lib\\site-packages\\fyers_apiv3\\FyersWebsocket\\data_ws.py\", line 1500, in On_error\n    self.OnError(message)\n  File \"C:\\Users\\kulje\\OneDrive\\Documents\\Baby Stock Screener\\backend\\app\\services\\stream_hub.py\", line 142, in on_error\n    from ..utils import auth_helper\n  File \"C:\\Users\\kulje\\OneDrive\\Documents\\Baby Stock Screener\\backend\\app\\utils\\auth_helper.py\", line 2, in <module>\n    import pyotp\nModuleNotFoundError: No module named 'pyotp'\n\nDuring handling of the above exception, another exception occurred:\n\nTraceback (most recent call last):\n  File \"C:\\Users\\kulje\\OneDrive\\Documents\\Baby Stock Screener\\backend\\venv\\Lib\\site-packages\\fyers_apiv3\\FyersWebsocket\\data_ws.py\", line 1657, in __init_connection\n    if  self.access_token_to_hsmtoken() and self.__valid_token :\n        ^^^^^^^^^^^^^^^^^^^^^^^^^^^^^^^\n  File \"C:\\Users\\kulje\\OneDrive\\Documents\\Baby Stock Screener\\backend\\venv\\Lib\\site-packages\\fyers_apiv3\\FyersWebsocket\\data_ws.py\", line 287, in access_token_to_hsmtoken\n    self.On_error(\n  File \"C:\\Users\\kulje\\OneDrive\\Documents\\Baby Stock Screener\\backend\\venv\\Lib\\site-packages\\fyers_apiv3\\FyersWebsocket\\data_ws.py\", line 1500, in On_error\n    self.OnError(message)\n  File \"C:\\Users\\kulje\\OneDrive\\Documents\\Baby Stock Screener\\backend\\app\\services\\stream_hub.py\", line 142, in on_error\n    from ..utils import auth_helper\n  File \"C:\\Users\\kulje\\OneDrive\\Documents\\Baby Stock Screener\\backend\\app\\utils\\auth_helper.py\", line 2, in <module>\n    import pyotp\nModuleNotFoundError: No module named 'pyotp'","exception_name":"ModuleNotFoundError"}
{"level":"ERROR","location":"[__init_connection:1675] data_ws","message":"No module named 'pyotp'","timestamp":"2026-01-29 13:26:20,530+0530","service":"FyersDataSocket","exception":"Traceback (most recent call last):\n  File \"C:\\Users\\kulje\\OneDrive\\Documents\\Baby Stock Screener\\backend\\venv\\Lib\\site-packages\\fyers_apiv3\\FyersWebsocket\\data_ws.py\", line 272, in access_token_to_hsmtoken\n    self.On_error(\n  File \"C:\\Users\\kulje\\OneDrive\\Documents\\Baby Stock Screener\\backend\\venv\\Lib\\site-packages\\fyers_apiv3\\FyersWebsocket\\data_ws.py\", line 1500, in On_error\n    self.OnError(message)\n  File \"C:\\Users\\kulje\\OneDrive\\Documents\\Baby Stock Screener\\backend\\app\\services\\stream_hub.py\", line 142, in on_error\n    from ..utils import auth_helper\n  File \"C:\\Users\\kulje\\OneDrive\\Documents\\Baby Stock Screener\\backend\\app\\utils\\auth_helper.py\", line 2, in <module>\n    import pyotp\nModuleNotFoundError: No module named 'pyotp'\n\nDuring handling of the above exception, another exception occurred:\n\nTraceback (most recent call last):\n  File \"C:\\Users\\kulje\\OneDrive\\Documents\\Baby Stock Screener\\backend\\venv\\Lib\\site-packages\\fyers_apiv3\\FyersWebsocket\\data_ws.py\", line 1657, in __init_connection\n    if  self.access_token_to_hsmtoken() and self.__valid_token :\n        ^^^^^^^^^^^^^^^^^^^^^^^^^^^^^^^\n  File \"C:\\Users\\kulje\\OneDrive\\Documents\\Baby Stock Screener\\backend\\venv\\Lib\\site-packages\\fyers_apiv3\\FyersWebsocket\\data_ws.py\", line 287, in access_token_to_hsmtoken\n    self.On_error(\n  File \"C:\\Users\\kulje\\OneDrive\\Documents\\Baby Stock Screener\\backend\\venv\\Lib\\site-packages\\fyers_apiv3\\FyersWebsocket\\data_ws.py\", line 1500, in On_error\n    self.OnError(message)\n  File \"C:\\Users\\kulje\\OneDrive\\Documents\\Baby Stock Screener\\backend\\app\\services\\stream_hub.py\", line 142, in on_error\n    from ..utils import auth_helper\n  File \"C:\\Users\\kulje\\OneDrive\\Documents\\Baby Stock Screener\\backend\\app\\utils\\auth_helper.py\", line 2, in <module>\n    import pyotp\nModuleNotFoundError: No module named 'pyotp'","exception_name":"ModuleNotFoundError"}
{"level":"ERROR","location":"[__init_connection:1675] data_ws","message":"No module named 'pyotp'","timestamp":"2026-01-29 13:26:38,638+0530","service":"FyersDataSocket","exception":"Traceback (most recent call last):\n  File \"C:\\Users\\kulje\\OneDrive\\Documents\\Baby Stock Screener\\backend\\venv\\Lib\\site-packages\\fyers_apiv3\\FyersWebsocket\\data_ws.py\", line 272, in access_token_to_hsmtoken\n    self.On_error(\n  File \"C:\\Users\\kulje\\OneDrive\\Documents\\Baby Stock Screener\\backend\\venv\\Lib\\site-packages\\fyers_apiv3\\FyersWebsocket\\data_ws.py\", line 1500, in On_error\n    self.OnError(message)\n  File \"C:\\Users\\kulje\\OneDrive\\Documents\\Baby Stock Screener\\backend\\app\\services\\stream_hub.py\", line 142, in on_error\n    from ..utils import auth_helper\n  File \"C:\\Users\\kulje\\OneDrive\\Documents\\Baby Stock Screener\\backend\\app\\utils\\auth_helper.py\", line 2, in <module>\n    import pyotp\nModuleNotFoundError: No module named 'pyotp'\n\nDuring handling of the above exception, another exception occurred:\n\nTraceback (most recent call last):\n  File \"C:\\Users\\kulje\\OneDrive\\Documents\\Baby Stock Screener\\backend\\venv\\Lib\\site-packages\\fyers_apiv3\\FyersWebsocket\\data_ws.py\", line 1657, in __init_connection\n    if  self.access_token_to_hsmtoken() and self.__valid_token :\n        ^^^^^^^^^^^^^^^^^^^^^^^^^^^^^^^\n  File \"C:\\Users\\kulje\\OneDrive\\Documents\\Baby Stock Screener\\backend\\venv\\Lib\\site-packages\\fyers_apiv3\\FyersWebsocket\\data_ws.py\", line 287, in access_token_to_hsmtoken\n    self.On_error(\n  File \"C:\\Users\\kulje\\OneDrive\\Documents\\Baby Stock Screener\\backend\\venv\\Lib\\site-packages\\fyers_apiv3\\FyersWebsocket\\data_ws.py\", line 1500, in On_error\n    self.OnError(message)\n  File \"C:\\Users\\kulje\\OneDrive\\Documents\\Baby Stock Screener\\backend\\app\\services\\stream_hub.py\", line 142, in on_error\n    from ..utils import auth_helper\n  File \"C:\\Users\\kulje\\OneDrive\\Documents\\Baby Stock Screener\\backend\\app\\utils\\auth_helper.py\", line 2, in <module>\n    import pyotp\nModuleNotFoundError: No module named 'pyotp'","exception_name":"ModuleNotFoundError"}
{"level":"ERROR","location":"[__init_connection:1675] data_ws","message":"No module named 'pyotp'","timestamp":"2026-01-29 13:26:56,037+0530","service":"FyersDataSocket","exception":"Traceback (most recent call last):\n  File \"C:\\Users\\kulje\\OneDrive\\Documents\\Baby Stock Screener\\backend\\venv\\Lib\\site-packages\\fyers_apiv3\\FyersWebsocket\\data_ws.py\", line 272, in access_token_to_hsmtoken\n    self.On_error(\n  File \"C:\\Users\\kulje\\OneDrive\\Documents\\Baby Stock Screener\\backend\\venv\\Lib\\site-packages\\fyers_apiv3\\FyersWebsocket\\data_ws.py\", line 1500, in On_error\n    self.OnError(message)\n  File \"C:\\Users\\kulje\\OneDrive\\Documents\\Baby Stock Screener\\backend\\app\\services\\stream_hub.py\", line 142, in on_error\n    from ..utils import auth_helper\n  File \"C:\\Users\\kulje\\OneDrive\\Documents\\Baby Stock Screener\\backend\\app\\utils\\auth_helper.py\", line 2, in <module>\n    import pyotp\nModuleNotFoundError: No module named 'pyotp'\n\nDuring handling of the above exception, another exception occurred:\n\nTraceback (most recent call last):\n  File \"C:\\Users\\kulje\\OneDrive\\Documents\\Baby Stock Screener\\backend\\venv\\Lib\\site-packages\\fyers_apiv3\\FyersWebsocket\\data_ws.py\", line 1657, in __init_connection\n    if  self.access_token_to_hsmtoken() and self.__valid_token :\n        ^^^^^^^^^^^^^^^^^^^^^^^^^^^^^^^\n  File \"C:\\Users\\kulje\\OneDrive\\Documents\\Baby Stock Screener\\backend\\venv\\Lib\\site-packages\\fyers_apiv3\\FyersWebsocket\\data_ws.py\", line 287, in access_token_to_hsmtoken\n    self.On_error(\n  File \"C:\\Users\\kulje\\OneDrive\\Documents\\Baby Stock Screener\\backend\\venv\\Lib\\site-packages\\fyers_apiv3\\FyersWebsocket\\data_ws.py\", line 1500, in On_error\n    self.OnError(message)\n  File \"C:\\Users\\kulje\\OneDrive\\Documents\\Baby Stock Screener\\backend\\app\\services\\stream_hub.py\", line 142, in on_error\n    from ..utils import auth_helper\n  File \"C:\\Users\\kulje\\OneDrive\\Documents\\Baby Stock Screener\\backend\\app\\utils\\auth_helper.py\", line 2, in <module>\n    import pyotp\nModuleNotFoundError: No module named 'pyotp'","exception_name":"ModuleNotFoundError"}
{"level":"ERROR","location":"[__init_connection:1675] data_ws","message":"No module named 'pyotp'","timestamp":"2026-01-29 13:27:14,127+0530","service":"FyersDataSocket","exception":"Traceback (most recent call last):\n  File \"C:\\Users\\kulje\\OneDrive\\Documents\\Baby Stock Screener\\backend\\venv\\Lib\\site-packages\\fyers_apiv3\\FyersWebsocket\\data_ws.py\", line 272, in access_token_to_hsmtoken\n    self.On_error(\n  File \"C:\\Users\\kulje\\OneDrive\\Documents\\Baby Stock Screener\\backend\\venv\\Lib\\site-packages\\fyers_apiv3\\FyersWebsocket\\data_ws.py\", line 1500, in On_error\n    self.OnError(message)\n  File \"C:\\Users\\kulje\\OneDrive\\Documents\\Baby Stock Screener\\backend\\app\\services\\stream_hub.py\", line 142, in on_error\n    from ..utils import auth_helper\n  File \"C:\\Users\\kulje\\OneDrive\\Documents\\Baby Stock Screener\\backend\\app\\utils\\auth_helper.py\", line 2, in <module>\n    import pyotp\nModuleNotFoundError: No module named 'pyotp'\n\nDuring handling of the above exception, another exception occurred:\n\nTraceback (most recent call last):\n  File \"C:\\Users\\kulje\\OneDrive\\Documents\\Baby Stock Screener\\backend\\venv\\Lib\\site-packages\\fyers_apiv3\\FyersWebsocket\\data_ws.py\", line 1657, in __init_connection\n    if  self.access_token_to_hsmtoken() and self.__valid_token :\n        ^^^^^^^^^^^^^^^^^^^^^^^^^^^^^^^\n  File \"C:\\Users\\kulje\\OneDrive\\Documents\\Baby Stock Screener\\backend\\venv\\Lib\\site-packages\\fyers_apiv3\\FyersWebsocket\\data_ws.py\", line 287, in access_token_to_hsmtoken\n    self.On_error(\n  File \"C:\\Users\\kulje\\OneDrive\\Documents\\Baby Stock Screener\\backend\\venv\\Lib\\site-packages\\fyers_apiv3\\FyersWebsocket\\data_ws.py\", line 1500, in On_error\n    self.OnError(message)\n  File \"C:\\Users\\kulje\\OneDrive\\Documents\\Baby Stock Screener\\backend\\app\\services\\stream_hub.py\", line 142, in on_error\n    from ..utils import auth_helper\n  File \"C:\\Users\\kulje\\OneDrive\\Documents\\Baby Stock Screener\\backend\\app\\utils\\auth_helper.py\", line 2, in <module>\n    import pyotp\nModuleNotFoundError: No module named 'pyotp'","exception_name":"ModuleNotFoundError"}
{"level":"ERROR","location":"[__init_connection:1675] data_ws","message":"No module named 'pyotp'","timestamp":"2026-01-29 13:27:31,264+0530","service":"FyersDataSocket","exception":"Traceback (most recent call last):\n  File \"C:\\Users\\kulje\\OneDrive\\Documents\\Baby Stock Screener\\backend\\venv\\Lib\\site-packages\\fyers_apiv3\\FyersWebsocket\\data_ws.py\", line 272, in access_token_to_hsmtoken\n    self.On_error(\n  File \"C:\\Users\\kulje\\OneDrive\\Documents\\Baby Stock Screener\\backend\\venv\\Lib\\site-packages\\fyers_apiv3\\FyersWebsocket\\data_ws.py\", line 1500, in On_error\n    self.OnError(message)\n  File \"C:\\Users\\kulje\\OneDrive\\Documents\\Baby Stock Screener\\backend\\app\\services\\stream_hub.py\", line 142, in on_error\n    from ..utils import auth_helper\n  File \"C:\\Users\\kulje\\OneDrive\\Documents\\Baby Stock Screener\\backend\\app\\utils\\auth_helper.py\", line 2, in <module>\n    import pyotp\nModuleNotFoundError: No module named 'pyotp'\n\nDuring handling of the above exception, another exception occurred:\n\nTraceback (most recent call last):\n  File \"C:\\Users\\kulje\\OneDrive\\Documents\\Baby Stock Screener\\backend\\venv\\Lib\\site-packages\\fyers_apiv3\\FyersWebsocket\\data_ws.py\", line 1657, in __init_connection\n    if  self.access_token_to_hsmtoken() and self.__valid_token :\n        ^^^^^^^^^^^^^^^^^^^^^^^^^^^^^^^\n  File \"C:\\Users\\kulje\\OneDrive\\Documents\\Baby Stock Screener\\backend\\venv\\Lib\\site-packages\\fyers_apiv3\\FyersWebsocket\\data_ws.py\", line 287, in access_token_to_hsmtoken\n    self.On_error(\n  File \"C:\\Users\\kulje\\OneDrive\\Documents\\Baby Stock Screener\\backend\\venv\\Lib\\site-packages\\fyers_apiv3\\FyersWebsocket\\data_ws.py\", line 1500, in On_error\n    self.OnError(message)\n  File \"C:\\Users\\kulje\\OneDrive\\Documents\\Baby Stock Screener\\backend\\app\\services\\stream_hub.py\", line 142, in on_error\n    from ..utils import auth_helper\n  File \"C:\\Users\\kulje\\OneDrive\\Documents\\Baby Stock Screener\\backend\\app\\utils\\auth_helper.py\", line 2, in <module>\n    import pyotp\nModuleNotFoundError: No module named 'pyotp'","exception_name":"ModuleNotFoundError"}
{"level":"ERROR","location":"[__init_connection:1675] data_ws","message":"No module named 'pyotp'","timestamp":"2026-01-29 13:27:46,484+0530","service":"FyersDataSocket","exception":"Traceback (most recent call last):\n  File \"C:\\Users\\kulje\\OneDrive\\Documents\\Baby Stock Screener\\backend\\venv\\Lib\\site-packages\\fyers_apiv3\\FyersWebsocket\\data_ws.py\", line 272, in access_token_to_hsmtoken\n    self.On_error(\n  File \"C:\\Users\\kulje\\OneDrive\\Documents\\Baby Stock Screener\\backend\\venv\\Lib\\site-packages\\fyers_apiv3\\FyersWebsocket\\data_ws.py\", line 1500, in On_error\n    self.OnError(message)\n  File \"C:\\Users\\kulje\\OneDrive\\Documents\\Baby Stock Screener\\backend\\app\\services\\stream_hub.py\", line 142, in on_error\n    from ..utils import auth_helper\n  File \"C:\\Users\\kulje\\OneDrive\\Documents\\Baby Stock Screener\\backend\\app\\utils\\auth_helper.py\", line 2, in <module>\n    import pyotp\nModuleNotFoundError: No module named 'pyotp'\n\nDuring handling of the above exception, another exception occurred:\n\nTraceback (most recent call last):\n  File \"C:\\Users\\kulje\\OneDrive\\Documents\\Baby Stock Screener\\backend\\venv\\Lib\\site-packages\\fyers_apiv3\\FyersWebsocket\\data_ws.py\", line 1657, in __init_connection\n    if  self.access_token_to_hsmtoken() and self.__valid_token :\n        ^^^^^^^^^^^^^^^^^^^^^^^^^^^^^^^\n  File \"C:\\Users\\kulje\\OneDrive\\Documents\\Baby Stock Screener\\backend\\venv\\Lib\\site-packages\\fyers_apiv3\\FyersWebsocket\\data_ws.py\", line 287, in access_token_to_hsmtoken\n    self.On_error(\n  File \"C:\\Users\\kulje\\OneDrive\\Documents\\Baby Stock Screener\\backend\\venv\\Lib\\site-packages\\fyers_apiv3\\FyersWebsocket\\data_ws.py\", line 1500, in On_error\n    self.OnError(message)\n  File \"C:\\Users\\kulje\\OneDrive\\Documents\\Baby Stock Screener\\backend\\app\\services\\stream_hub.py\", line 142, in on_error\n    from ..utils import auth_helper\n  File \"C:\\Users\\kulje\\OneDrive\\Documents\\Baby Stock Screener\\backend\\app\\utils\\auth_helper.py\", line 2, in <module>\n    import pyotp\nModuleNotFoundError: No module named 'pyotp'","exception_name":"ModuleNotFoundError"}
{"level":"ERROR","location":"[__init_connection:1675] data_ws","message":"No module named 'pyotp'","timestamp":"2026-01-29 13:28:05,233+0530","service":"FyersDataSocket","exception":"Traceback (most recent call last):\n  File \"C:\\Users\\kulje\\OneDrive\\Documents\\Baby Stock Screener\\backend\\venv\\Lib\\site-packages\\fyers_apiv3\\FyersWebsocket\\data_ws.py\", line 272, in access_token_to_hsmtoken\n    self.On_error(\n  File \"C:\\Users\\kulje\\OneDrive\\Documents\\Baby Stock Screener\\backend\\venv\\Lib\\site-packages\\fyers_apiv3\\FyersWebsocket\\data_ws.py\", line 1500, in On_error\n    self.OnError(message)\n  File \"C:\\Users\\kulje\\OneDrive\\Documents\\Baby Stock Screener\\backend\\app\\services\\stream_hub.py\", line 142, in on_error\n    from ..utils import auth_helper\n  File \"C:\\Users\\kulje\\OneDrive\\Documents\\Baby Stock Screener\\backend\\app\\utils\\auth_helper.py\", line 2, in <module>\n    import pyotp\nModuleNotFoundError: No module named 'pyotp'\n\nDuring handling of the above exception, another exception occurred:\n\nTraceback (most recent call last):\n  File \"C:\\Users\\kulje\\OneDrive\\Documents\\Baby Stock Screener\\backend\\venv\\Lib\\site-packages\\fyers_apiv3\\FyersWebsocket\\data_ws.py\", line 1657, in __init_connection\n    if  self.access_token_to_hsmtoken() and self.__valid_token :\n        ^^^^^^^^^^^^^^^^^^^^^^^^^^^^^^^\n  File \"C:\\Users\\kulje\\OneDrive\\Documents\\Baby Stock Screener\\backend\\venv\\Lib\\site-packages\\fyers_apiv3\\FyersWebsocket\\data_ws.py\", line 287, in access_token_to_hsmtoken\n    self.On_error(\n  File \"C:\\Users\\kulje\\OneDrive\\Documents\\Baby Stock Screener\\backend\\venv\\Lib\\site-packages\\fyers_apiv3\\FyersWebsocket\\data_ws.py\", line 1500, in On_error\n    self.OnError(message)\n  File \"C:\\Users\\kulje\\OneDrive\\Documents\\Baby Stock Screener\\backend\\app\\services\\stream_hub.py\", line 142, in on_error\n    from ..utils import auth_helper\n  File \"C:\\Users\\kulje\\OneDrive\\Documents\\Baby Stock Screener\\backend\\app\\utils\\auth_helper.py\", line 2, in <module>\n    import pyotp\nModuleNotFoundError: No module named 'pyotp'","exception_name":"ModuleNotFoundError"}
{"level":"ERROR","location":"[__init_connection:1675] data_ws","message":"No module named 'pyotp'","timestamp":"2026-01-29 13:28:24,786+0530","service":"FyersDataSocket","exception":"Traceback (most recent call last):\n  File \"C:\\Users\\kulje\\OneDrive\\Documents\\Baby Stock Screener\\backend\\venv\\Lib\\site-packages\\fyers_apiv3\\FyersWebsocket\\data_ws.py\", line 272, in access_token_to_hsmtoken\n    self.On_error(\n  File \"C:\\Users\\kulje\\OneDrive\\Documents\\Baby Stock Screener\\backend\\venv\\Lib\\site-packages\\fyers_apiv3\\FyersWebsocket\\data_ws.py\", line 1500, in On_error\n    self.OnError(message)\n  File \"C:\\Users\\kulje\\OneDrive\\Documents\\Baby Stock Screener\\backend\\app\\services\\stream_hub.py\", line 142, in on_error\n    from ..utils import auth_helper\n  File \"C:\\Users\\kulje\\OneDrive\\Documents\\Baby Stock Screener\\backend\\app\\utils\\auth_helper.py\", line 2, in <module>\n    import pyotp\nModuleNotFoundError: No module named 'pyotp'\n\nDuring handling of the above exception, another exception occurred:\n\nTraceback (most recent call last):\n  File \"C:\\Users\\kulje\\OneDrive\\Documents\\Baby Stock Screener\\backend\\venv\\Lib\\site-packages\\fyers_apiv3\\FyersWebsocket\\data_ws.py\", line 1657, in __init_connection\n    if  self.access_token_to_hsmtoken() and self.__valid_token :\n        ^^^^^^^^^^^^^^^^^^^^^^^^^^^^^^^\n  File \"C:\\Users\\kulje\\OneDrive\\Documents\\Baby Stock Screener\\backend\\venv\\Lib\\site-packages\\fyers_apiv3\\FyersWebsocket\\data_ws.py\", line 287, in access_token_to_hsmtoken\n    self.On_error(\n  File \"C:\\Users\\kulje\\OneDrive\\Documents\\Baby Stock Screener\\backend\\venv\\Lib\\site-packages\\fyers_apiv3\\FyersWebsocket\\data_ws.py\", line 1500, in On_error\n    self.OnError(message)\n  File \"C:\\Users\\kulje\\OneDrive\\Documents\\Baby Stock Screener\\backend\\app\\services\\stream_hub.py\", line 142, in on_error\n    from ..utils import auth_helper\n  File \"C:\\Users\\kulje\\OneDrive\\Documents\\Baby Stock Screener\\backend\\app\\utils\\auth_helper.py\", line 2, in <module>\n    import pyotp\nModuleNotFoundError: No module named 'pyotp'","exception_name":"ModuleNotFoundError"}
{"level":"ERROR","location":"[__init_connection:1675] data_ws","message":"No module named 'pyotp'","timestamp":"2026-01-29 13:28:40,424+0530","service":"FyersDataSocket","exception":"Traceback (most recent call last):\n  File \"C:\\Users\\kulje\\OneDrive\\Documents\\Baby Stock Screener\\backend\\venv\\Lib\\site-packages\\fyers_apiv3\\FyersWebsocket\\data_ws.py\", line 272, in access_token_to_hsmtoken\n    self.On_error(\n  File \"C:\\Users\\kulje\\OneDrive\\Documents\\Baby Stock Screener\\backend\\venv\\Lib\\site-packages\\fyers_apiv3\\FyersWebsocket\\data_ws.py\", line 1500, in On_error\n    self.OnError(message)\n  File \"C:\\Users\\kulje\\OneDrive\\Documents\\Baby Stock Screener\\backend\\app\\services\\stream_hub.py\", line 142, in on_error\n    from ..utils import auth_helper\n  File \"C:\\Users\\kulje\\OneDrive\\Documents\\Baby Stock Screener\\backend\\app\\utils\\auth_helper.py\", line 2, in <module>\n    import pyotp\nModuleNotFoundError: No module named 'pyotp'\n\nDuring handling of the above exception, another exception occurred:\n\nTraceback (most recent call last):\n  File \"C:\\Users\\kulje\\OneDrive\\Documents\\Baby Stock Screener\\backend\\venv\\Lib\\site-packages\\fyers_apiv3\\FyersWebsocket\\data_ws.py\", line 1657, in __init_connection\n    if  self.access_token_to_hsmtoken() and self.__valid_token :\n        ^^^^^^^^^^^^^^^^^^^^^^^^^^^^^^^\n  File \"C:\\Users\\kulje\\OneDrive\\Documents\\Baby Stock Screener\\backend\\venv\\Lib\\site-packages\\fyers_apiv3\\FyersWebsocket\\data_ws.py\", line 287, in access_token_to_hsmtoken\n    self.On_error(\n  File \"C:\\Users\\kulje\\OneDrive\\Documents\\Baby Stock Screener\\backend\\venv\\Lib\\site-packages\\fyers_apiv3\\FyersWebsocket\\data_ws.py\", line 1500, in On_error\n    self.OnError(message)\n  File \"C:\\Users\\kulje\\OneDrive\\Documents\\Baby Stock Screener\\backend\\app\\services\\stream_hub.py\", line 142, in on_error\n    from ..utils import auth_helper\n  File \"C:\\Users\\kulje\\OneDrive\\Documents\\Baby Stock Screener\\backend\\app\\utils\\auth_helper.py\", line 2, in <module>\n    import pyotp\nModuleNotFoundError: No module named 'pyotp'","exception_name":"ModuleNotFoundError"}
{"level":"ERROR","location":"[__init_connection:1675] data_ws","message":"No module named 'pyotp'","timestamp":"2026-01-29 13:28:58,543+0530","service":"FyersDataSocket","exception":"Traceback (most recent call last):\n  File \"C:\\Users\\kulje\\OneDrive\\Documents\\Baby Stock Screener\\backend\\venv\\Lib\\site-packages\\fyers_apiv3\\FyersWebsocket\\data_ws.py\", line 272, in access_token_to_hsmtoken\n    self.On_error(\n  File \"C:\\Users\\kulje\\OneDrive\\Documents\\Baby Stock Screener\\backend\\venv\\Lib\\site-packages\\fyers_apiv3\\FyersWebsocket\\data_ws.py\", line 1500, in On_error\n    self.OnError(message)\n  File \"C:\\Users\\kulje\\OneDrive\\Documents\\Baby Stock Screener\\backend\\app\\services\\stream_hub.py\", line 142, in on_error\n    from ..utils import auth_helper\n  File \"C:\\Users\\kulje\\OneDrive\\Documents\\Baby Stock Screener\\backend\\app\\utils\\auth_helper.py\", line 2, in <module>\n    import pyotp\nModuleNotFoundError: No module named 'pyotp'\n\nDuring handling of the above exception, another exception occurred:\n\nTraceback (most recent call last):\n  File \"C:\\Users\\kulje\\OneDrive\\Documents\\Baby Stock Screener\\backend\\venv\\Lib\\site-packages\\fyers_apiv3\\FyersWebsocket\\data_ws.py\", line 1657, in __init_connection\n    if  self.access_token_to_hsmtoken() and self.__valid_token :\n        ^^^^^^^^^^^^^^^^^^^^^^^^^^^^^^^\n  File \"C:\\Users\\kulje\\OneDrive\\Documents\\Baby Stock Screener\\backend\\venv\\Lib\\site-packages\\fyers_apiv3\\FyersWebsocket\\data_ws.py\", line 287, in access_token_to_hsmtoken\n    self.On_error(\n  File \"C:\\Users\\kulje\\OneDrive\\Documents\\Baby Stock Screener\\backend\\venv\\Lib\\site-packages\\fyers_apiv3\\FyersWebsocket\\data_ws.py\", line 1500, in On_error\n    self.OnError(message)\n  File \"C:\\Users\\kulje\\OneDrive\\Documents\\Baby Stock Screener\\backend\\app\\services\\stream_hub.py\", line 142, in on_error\n    from ..utils import auth_helper\n  File \"C:\\Users\\kulje\\OneDrive\\Documents\\Baby Stock Screener\\backend\\app\\utils\\auth_helper.py\", line 2, in <module>\n    import pyotp\nModuleNotFoundError: No module named 'pyotp'","exception_name":"ModuleNotFoundError"}
{"level":"ERROR","location":"[__init_connection:1675] data_ws","message":"No module named 'pyotp'","timestamp":"2026-01-29 13:29:17,834+0530","service":"FyersDataSocket","exception":"Traceback (most recent call last):\n  File \"C:\\Users\\kulje\\OneDrive\\Documents\\Baby Stock Screener\\backend\\venv\\Lib\\site-packages\\fyers_apiv3\\FyersWebsocket\\data_ws.py\", line 272, in access_token_to_hsmtoken\n    self.On_error(\n  File \"C:\\Users\\kulje\\OneDrive\\Documents\\Baby Stock Screener\\backend\\venv\\Lib\\site-packages\\fyers_apiv3\\FyersWebsocket\\data_ws.py\", line 1500, in On_error\n    self.OnError(message)\n  File \"C:\\Users\\kulje\\OneDrive\\Documents\\Baby Stock Screener\\backend\\app\\services\\stream_hub.py\", line 142, in on_error\n    from ..utils import auth_helper\n  File \"C:\\Users\\kulje\\OneDrive\\Documents\\Baby Stock Screener\\backend\\app\\utils\\auth_helper.py\", line 2, in <module>\n    import pyotp\nModuleNotFoundError: No module named 'pyotp'\n\nDuring handling of the above exception, another exception occurred:\n\nTraceback (most recent call last):\n  File \"C:\\Users\\kulje\\OneDrive\\Documents\\Baby Stock Screener\\backend\\venv\\Lib\\site-packages\\fyers_apiv3\\FyersWebsocket\\data_ws.py\", line 1657, in __init_connection\n    if  self.access_token_to_hsmtoken() and self.__valid_token :\n        ^^^^^^^^^^^^^^^^^^^^^^^^^^^^^^^\n  File \"C:\\Users\\kulje\\OneDrive\\Documents\\Baby Stock Screener\\backend\\venv\\Lib\\site-packages\\fyers_apiv3\\FyersWebsocket\\data_ws.py\", line 287, in access_token_to_hsmtoken\n    self.On_error(\n  File \"C:\\Users\\kulje\\OneDrive\\Documents\\Baby Stock Screener\\backend\\venv\\Lib\\site-packages\\fyers_apiv3\\FyersWebsocket\\data_ws.py\", line 1500, in On_error\n    self.OnError(message)\n  File \"C:\\Users\\kulje\\OneDrive\\Documents\\Baby Stock Screener\\backend\\app\\services\\stream_hub.py\", line 142, in on_error\n    from ..utils import auth_helper\n  File \"C:\\Users\\kulje\\OneDrive\\Documents\\Baby Stock Screener\\backend\\app\\utils\\auth_helper.py\", line 2, in <module>\n    import pyotp\nModuleNotFoundError: No module named 'pyotp'","exception_name":"ModuleNotFoundError"}
{"level":"ERROR","location":"[__init_connection:1675] data_ws","message":"No module named 'pyotp'","timestamp":"2026-01-29 13:29:37,173+0530","service":"FyersDataSocket","exception":"Traceback (most recent call last):\n  File \"C:\\Users\\kulje\\OneDrive\\Documents\\Baby Stock Screener\\backend\\venv\\Lib\\site-packages\\fyers_apiv3\\FyersWebsocket\\data_ws.py\", line 272, in access_token_to_hsmtoken\n    self.On_error(\n  File \"C:\\Users\\kulje\\OneDrive\\Documents\\Baby Stock Screener\\backend\\venv\\Lib\\site-packages\\fyers_apiv3\\FyersWebsocket\\data_ws.py\", line 1500, in On_error\n    self.OnError(message)\n  File \"C:\\Users\\kulje\\OneDrive\\Documents\\Baby Stock Screener\\backend\\app\\services\\stream_hub.py\", line 142, in on_error\n    from ..utils import auth_helper\n  File \"C:\\Users\\kulje\\OneDrive\\Documents\\Baby Stock Screener\\backend\\app\\utils\\auth_helper.py\", line 2, in <module>\n    import pyotp\nModuleNotFoundError: No module named 'pyotp'\n\nDuring handling of the above exception, another exception occurred:\n\nTraceback (most recent call last):\n  File \"C:\\Users\\kulje\\OneDrive\\Documents\\Baby Stock Screener\\backend\\venv\\Lib\\site-packages\\fyers_apiv3\\FyersWebsocket\\data_ws.py\", line 1657, in __init_connection\n    if  self.access_token_to_hsmtoken() and self.__valid_token :\n        ^^^^^^^^^^^^^^^^^^^^^^^^^^^^^^^\n  File \"C:\\Users\\kulje\\OneDrive\\Documents\\Baby Stock Screener\\backend\\venv\\Lib\\site-packages\\fyers_apiv3\\FyersWebsocket\\data_ws.py\", line 287, in access_token_to_hsmtoken\n    self.On_error(\n  File \"C:\\Users\\kulje\\OneDrive\\Documents\\Baby Stock Screener\\backend\\venv\\Lib\\site-packages\\fyers_apiv3\\FyersWebsocket\\data_ws.py\", line 1500, in On_error\n    self.OnError(message)\n  File \"C:\\Users\\kulje\\OneDrive\\Documents\\Baby Stock Screener\\backend\\app\\services\\stream_hub.py\", line 142, in on_error\n    from ..utils import auth_helper\n  File \"C:\\Users\\kulje\\OneDrive\\Documents\\Baby Stock Screener\\backend\\app\\utils\\auth_helper.py\", line 2, in <module>\n    import pyotp\nModuleNotFoundError: No module named 'pyotp'","exception_name":"ModuleNotFoundError"}
{"level":"ERROR","location":"[__init_connection:1675] data_ws","message":"No module named 'pyotp'","timestamp":"2026-01-29 13:29:55,320+0530","service":"FyersDataSocket","exception":"Traceback (most recent call last):\n  File \"C:\\Users\\kulje\\OneDrive\\Documents\\Baby Stock Screener\\backend\\venv\\Lib\\site-packages\\fyers_apiv3\\FyersWebsocket\\data_ws.py\", line 272, in access_token_to_hsmtoken\n    self.On_error(\n  File \"C:\\Users\\kulje\\OneDrive\\Documents\\Baby Stock Screener\\backend\\venv\\Lib\\site-packages\\fyers_apiv3\\FyersWebsocket\\data_ws.py\", line 1500, in On_error\n    self.OnError(message)\n  File \"C:\\Users\\kulje\\OneDrive\\Documents\\Baby Stock Screener\\backend\\app\\services\\stream_hub.py\", line 142, in on_error\n    from ..utils import auth_helper\n  File \"C:\\Users\\kulje\\OneDrive\\Documents\\Baby Stock Screener\\backend\\app\\utils\\auth_helper.py\", line 2, in <module>\n    import pyotp\nModuleNotFoundError: No module named 'pyotp'\n\nDuring handling of the above exception, another exception occurred:\n\nTraceback (most recent call last):\n  File \"C:\\Users\\kulje\\OneDrive\\Documents\\Baby Stock Screener\\backend\\venv\\Lib\\site-packages\\fyers_apiv3\\FyersWebsocket\\data_ws.py\", line 1657, in __init_connection\n    if  self.access_token_to_hsmtoken() and self.__valid_token :\n        ^^^^^^^^^^^^^^^^^^^^^^^^^^^^^^^\n  File \"C:\\Users\\kulje\\OneDrive\\Documents\\Baby Stock Screener\\backend\\venv\\Lib\\site-packages\\fyers_apiv3\\FyersWebsocket\\data_ws.py\", line 287, in access_token_to_hsmtoken\n    self.On_error(\n  File \"C:\\Users\\kulje\\OneDrive\\Documents\\Baby Stock Screener\\backend\\venv\\Lib\\site-packages\\fyers_apiv3\\FyersWebsocket\\data_ws.py\", line 1500, in On_error\n    self.OnError(message)\n  File \"C:\\Users\\kulje\\OneDrive\\Documents\\Baby Stock Screener\\backend\\app\\services\\stream_hub.py\", line 142, in on_error\n    from ..utils import auth_helper\n  File \"C:\\Users\\kulje\\OneDrive\\Documents\\Baby Stock Screener\\backend\\app\\utils\\auth_helper.py\", line 2, in <module>\n    import pyotp\nModuleNotFoundError: No module named 'pyotp'","exception_name":"ModuleNotFoundError"}
{"level":"ERROR","location":"[__init_connection:1675] data_ws","message":"No module named 'pyotp'","timestamp":"2026-01-29 13:30:13,132+0530","service":"FyersDataSocket","exception":"Traceback (most recent call last):\n  File \"C:\\Users\\kulje\\OneDrive\\Documents\\Baby Stock Screener\\backend\\venv\\Lib\\site-packages\\fyers_apiv3\\FyersWebsocket\\data_ws.py\", line 272, in access_token_to_hsmtoken\n    self.On_error(\n  File \"C:\\Users\\kulje\\OneDrive\\Documents\\Baby Stock Screener\\backend\\venv\\Lib\\site-packages\\fyers_apiv3\\FyersWebsocket\\data_ws.py\", line 1500, in On_error\n    self.OnError(message)\n  File \"C:\\Users\\kulje\\OneDrive\\Documents\\Baby Stock Screener\\backend\\app\\services\\stream_hub.py\", line 142, in on_error\n    from ..utils import auth_helper\n  File \"C:\\Users\\kulje\\OneDrive\\Documents\\Baby Stock Screener\\backend\\app\\utils\\auth_helper.py\", line 2, in <module>\n    import pyotp\nModuleNotFoundError: No module named 'pyotp'\n\nDuring handling of the above exception, another exception occurred:\n\nTraceback (most recent call last):\n  File \"C:\\Users\\kulje\\OneDrive\\Documents\\Baby Stock Screener\\backend\\venv\\Lib\\site-packages\\fyers_apiv3\\FyersWebsocket\\data_ws.py\", line 1657, in __init_connection\n    if  self.access_token_to_hsmtoken() and self.__valid_token :\n        ^^^^^^^^^^^^^^^^^^^^^^^^^^^^^^^\n  File \"C:\\Users\\kulje\\OneDrive\\Documents\\Baby Stock Screener\\backend\\venv\\Lib\\site-packages\\fyers_apiv3\\FyersWebsocket\\data_ws.py\", line 287, in access_token_to_hsmtoken\n    self.On_error(\n  File \"C:\\Users\\kulje\\OneDrive\\Documents\\Baby Stock Screener\\backend\\venv\\Lib\\site-packages\\fyers_apiv3\\FyersWebsocket\\data_ws.py\", line 1500, in On_error\n    self.OnError(message)\n  File \"C:\\Users\\kulje\\OneDrive\\Documents\\Baby Stock Screener\\backend\\app\\services\\stream_hub.py\", line 142, in on_error\n    from ..utils import auth_helper\n  File \"C:\\Users\\kulje\\OneDrive\\Documents\\Baby Stock Screener\\backend\\app\\utils\\auth_helper.py\", line 2, in <module>\n    import pyotp\nModuleNotFoundError: No module named 'pyotp'","exception_name":"ModuleNotFoundError"}
{"level":"ERROR","location":"[__init_connection:1675] data_ws","message":"No module named 'pyotp'","timestamp":"2026-01-29 13:30:31,246+0530","service":"FyersDataSocket","exception":"Traceback (most recent call last):\n  File \"C:\\Users\\kulje\\OneDrive\\Documents\\Baby Stock Screener\\backend\\venv\\Lib\\site-packages\\fyers_apiv3\\FyersWebsocket\\data_ws.py\", line 272, in access_token_to_hsmtoken\n    self.On_error(\n  File \"C:\\Users\\kulje\\OneDrive\\Documents\\Baby Stock Screener\\backend\\venv\\Lib\\site-packages\\fyers_apiv3\\FyersWebsocket\\data_ws.py\", line 1500, in On_error\n    self.OnError(message)\n  File \"C:\\Users\\kulje\\OneDrive\\Documents\\Baby Stock Screener\\backend\\app\\services\\stream_hub.py\", line 142, in on_error\n    from ..utils import auth_helper\n  File \"C:\\Users\\kulje\\OneDrive\\Documents\\Baby Stock Screener\\backend\\app\\utils\\auth_helper.py\", line 2, in <module>\n    import pyotp\nModuleNotFoundError: No module named 'pyotp'\n\nDuring handling of the above exception, another exception occurred:\n\nTraceback (most recent call last):\n  File \"C:\\Users\\kulje\\OneDrive\\Documents\\Baby Stock Screener\\backend\\venv\\Lib\\site-packages\\fyers_apiv3\\FyersWebsocket\\data_ws.py\", line 1657, in __init_connection\n    if  self.access_token_to_hsmtoken() and self.__valid_token :\n        ^^^^^^^^^^^^^^^^^^^^^^^^^^^^^^^\n  File \"C:\\Users\\kulje\\OneDrive\\Documents\\Baby Stock Screener\\backend\\venv\\Lib\\site-packages\\fyers_apiv3\\FyersWebsocket\\data_ws.py\", line 287, in access_token_to_hsmtoken\n    self.On_error(\n  File \"C:\\Users\\kulje\\OneDrive\\Documents\\Baby Stock Screener\\backend\\venv\\Lib\\site-packages\\fyers_apiv3\\FyersWebsocket\\data_ws.py\", line 1500, in On_error\n    self.OnError(message)\n  File \"C:\\Users\\kulje\\OneDrive\\Documents\\Baby Stock Screener\\backend\\app\\services\\stream_hub.py\", line 142, in on_error\n    from ..utils import auth_helper\n  File \"C:\\Users\\kulje\\OneDrive\\Documents\\Baby Stock Screener\\backend\\app\\utils\\auth_helper.py\", line 2, in <module>\n    import pyotp\nModuleNotFoundError: No module named 'pyotp'","exception_name":"ModuleNotFoundError"}
{"level":"ERROR","location":"[__init_connection:1675] data_ws","message":"No module named 'pyotp'","timestamp":"2026-01-29 13:30:49,109+0530","service":"FyersDataSocket","exception":"Traceback (most recent call last):\n  File \"C:\\Users\\kulje\\OneDrive\\Documents\\Baby Stock Screener\\backend\\venv\\Lib\\site-packages\\fyers_apiv3\\FyersWebsocket\\data_ws.py\", line 272, in access_token_to_hsmtoken\n    self.On_error(\n  File \"C:\\Users\\kulje\\OneDrive\\Documents\\Baby Stock Screener\\backend\\venv\\Lib\\site-packages\\fyers_apiv3\\FyersWebsocket\\data_ws.py\", line 1500, in On_error\n    self.OnError(message)\n  File \"C:\\Users\\kulje\\OneDrive\\Documents\\Baby Stock Screener\\backend\\app\\services\\stream_hub.py\", line 142, in on_error\n    from ..utils import auth_helper\n  File \"C:\\Users\\kulje\\OneDrive\\Documents\\Baby Stock Screener\\backend\\app\\utils\\auth_helper.py\", line 2, in <module>\n    import pyotp\nModuleNotFoundError: No module named 'pyotp'\n\nDuring handling of the above exception, another exception occurred:\n\nTraceback (most recent call last):\n  File \"C:\\Users\\kulje\\OneDrive\\Documents\\Baby Stock Screener\\backend\\venv\\Lib\\site-packages\\fyers_apiv3\\FyersWebsocket\\data_ws.py\", line 1657, in __init_connection\n    if  self.access_token_to_hsmtoken() and self.__valid_token :\n        ^^^^^^^^^^^^^^^^^^^^^^^^^^^^^^^\n  File \"C:\\Users\\kulje\\OneDrive\\Documents\\Baby Stock Screener\\backend\\venv\\Lib\\site-packages\\fyers_apiv3\\FyersWebsocket\\data_ws.py\", line 287, in access_token_to_hsmtoken\n    self.On_error(\n  File \"C:\\Users\\kulje\\OneDrive\\Documents\\Baby Stock Screener\\backend\\venv\\Lib\\site-packages\\fyers_apiv3\\FyersWebsocket\\data_ws.py\", line 1500, in On_error\n    self.OnError(message)\n  File \"C:\\Users\\kulje\\OneDrive\\Documents\\Baby Stock Screener\\backend\\app\\services\\stream_hub.py\", line 142, in on_error\n    from ..utils import auth_helper\n  File \"C:\\Users\\kulje\\OneDrive\\Documents\\Baby Stock Screener\\backend\\app\\utils\\auth_helper.py\", line 2, in <module>\n    import pyotp\nModuleNotFoundError: No module named 'pyotp'","exception_name":"ModuleNotFoundError"}
{"level":"ERROR","location":"[__init_connection:1675] data_ws","message":"No module named 'pyotp'","timestamp":"2026-01-29 13:31:07,704+0530","service":"FyersDataSocket","exception":"Traceback (most recent call last):\n  File \"C:\\Users\\kulje\\OneDrive\\Documents\\Baby Stock Screener\\backend\\venv\\Lib\\site-packages\\fyers_apiv3\\FyersWebsocket\\data_ws.py\", line 272, in access_token_to_hsmtoken\n    self.On_error(\n  File \"C:\\Users\\kulje\\OneDrive\\Documents\\Baby Stock Screener\\backend\\venv\\Lib\\site-packages\\fyers_apiv3\\FyersWebsocket\\data_ws.py\", line 1500, in On_error\n    self.OnError(message)\n  File \"C:\\Users\\kulje\\OneDrive\\Documents\\Baby Stock Screener\\backend\\app\\services\\stream_hub.py\", line 142, in on_error\n    from ..utils import auth_helper\n  File \"C:\\Users\\kulje\\OneDrive\\Documents\\Baby Stock Screener\\backend\\app\\utils\\auth_helper.py\", line 2, in <module>\n    import pyotp\nModuleNotFoundError: No module named 'pyotp'\n\nDuring handling of the above exception, another exception occurred:\n\nTraceback (most recent call last):\n  File \"C:\\Users\\kulje\\OneDrive\\Documents\\Baby Stock Screener\\backend\\venv\\Lib\\site-packages\\fyers_apiv3\\FyersWebsocket\\data_ws.py\", line 1657, in __init_connection\n    if  self.access_token_to_hsmtoken() and self.__valid_token :\n        ^^^^^^^^^^^^^^^^^^^^^^^^^^^^^^^\n  File \"C:\\Users\\kulje\\OneDrive\\Documents\\Baby Stock Screener\\backend\\venv\\Lib\\site-packages\\fyers_apiv3\\FyersWebsocket\\data_ws.py\", line 287, in access_token_to_hsmtoken\n    self.On_error(\n  File \"C:\\Users\\kulje\\OneDrive\\Documents\\Baby Stock Screener\\backend\\venv\\Lib\\site-packages\\fyers_apiv3\\FyersWebsocket\\data_ws.py\", line 1500, in On_error\n    self.OnError(message)\n  File \"C:\\Users\\kulje\\OneDrive\\Documents\\Baby Stock Screener\\backend\\app\\services\\stream_hub.py\", line 142, in on_error\n    from ..utils import auth_helper\n  File \"C:\\Users\\kulje\\OneDrive\\Documents\\Baby Stock Screener\\backend\\app\\utils\\auth_helper.py\", line 2, in <module>\n    import pyotp\nModuleNotFoundError: No module named 'pyotp'","exception_name":"ModuleNotFoundError"}
{"level":"ERROR","location":"[__init_connection:1675] data_ws","message":"No module named 'pyotp'","timestamp":"2026-01-29 13:31:22,690+0530","service":"FyersDataSocket","exception":"Traceback (most recent call last):\n  File \"C:\\Users\\kulje\\OneDrive\\Documents\\Baby Stock Screener\\backend\\venv\\Lib\\site-packages\\fyers_apiv3\\FyersWebsocket\\data_ws.py\", line 272, in access_token_to_hsmtoken\n    self.On_error(\n  File \"C:\\Users\\kulje\\OneDrive\\Documents\\Baby Stock Screener\\backend\\venv\\Lib\\site-packages\\fyers_apiv3\\FyersWebsocket\\data_ws.py\", line 1500, in On_error\n    self.OnError(message)\n  File \"C:\\Users\\kulje\\OneDrive\\Documents\\Baby Stock Screener\\backend\\app\\services\\stream_hub.py\", line 142, in on_error\n    from ..utils import auth_helper\n  File \"C:\\Users\\kulje\\OneDrive\\Documents\\Baby Stock Screener\\backend\\app\\utils\\auth_helper.py\", line 2, in <module>\n    import pyotp\nModuleNotFoundError: No module named 'pyotp'\n\nDuring handling of the above exception, another exception occurred:\n\nTraceback (most recent call last):\n  File \"C:\\Users\\kulje\\OneDrive\\Documents\\Baby Stock Screener\\backend\\venv\\Lib\\site-packages\\fyers_apiv3\\FyersWebsocket\\data_ws.py\", line 1657, in __init_connection\n    if  self.access_token_to_hsmtoken() and self.__valid_token :\n        ^^^^^^^^^^^^^^^^^^^^^^^^^^^^^^^\n  File \"C:\\Users\\kulje\\OneDrive\\Documents\\Baby Stock Screener\\backend\\venv\\Lib\\site-packages\\fyers_apiv3\\FyersWebsocket\\data_ws.py\", line 287, in access_token_to_hsmtoken\n    self.On_error(\n  File \"C:\\Users\\kulje\\OneDrive\\Documents\\Baby Stock Screener\\backend\\venv\\Lib\\site-packages\\fyers_apiv3\\FyersWebsocket\\data_ws.py\", line 1500, in On_error\n    self.OnError(message)\n  File \"C:\\Users\\kulje\\OneDrive\\Documents\\Baby Stock Screener\\backend\\app\\services\\stream_hub.py\", line 142, in on_error\n    from ..utils import auth_helper\n  File \"C:\\Users\\kulje\\OneDrive\\Documents\\Baby Stock Screener\\backend\\app\\utils\\auth_helper.py\", line 2, in <module>\n    import pyotp\nModuleNotFoundError: No module named 'pyotp'","exception_name":"ModuleNotFoundError"}
{"level":"ERROR","location":"[__init_connection:1675] data_ws","message":"No module named 'pyotp'","timestamp":"2026-01-29 13:31:38,236+0530","service":"FyersDataSocket","exception":"Traceback (most recent call last):\n  File \"C:\\Users\\kulje\\OneDrive\\Documents\\Baby Stock Screener\\backend\\venv\\Lib\\site-packages\\fyers_apiv3\\FyersWebsocket\\data_ws.py\", line 272, in access_token_to_hsmtoken\n    self.On_error(\n  File \"C:\\Users\\kulje\\OneDrive\\Documents\\Baby Stock Screener\\backend\\venv\\Lib\\site-packages\\fyers_apiv3\\FyersWebsocket\\data_ws.py\", line 1500, in On_error\n    self.OnError(message)\n  File \"C:\\Users\\kulje\\OneDrive\\Documents\\Baby Stock Screener\\backend\\app\\services\\stream_hub.py\", line 142, in on_error\n    from ..utils import auth_helper\n  File \"C:\\Users\\kulje\\OneDrive\\Documents\\Baby Stock Screener\\backend\\app\\utils\\auth_helper.py\", line 2, in <module>\n    import pyotp\nModuleNotFoundError: No module named 'pyotp'\n\nDuring handling of the above exception, another exception occurred:\n\nTraceback (most recent call last):\n  File \"C:\\Users\\kulje\\OneDrive\\Documents\\Baby Stock Screener\\backend\\venv\\Lib\\site-packages\\fyers_apiv3\\FyersWebsocket\\data_ws.py\", line 1657, in __init_connection\n    if  self.access_token_to_hsmtoken() and self.__valid_token :\n        ^^^^^^^^^^^^^^^^^^^^^^^^^^^^^^^\n  File \"C:\\Users\\kulje\\OneDrive\\Documents\\Baby Stock Screener\\backend\\venv\\Lib\\site-packages\\fyers_apiv3\\FyersWebsocket\\data_ws.py\", line 287, in access_token_to_hsmtoken\n    self.On_error(\n  File \"C:\\Users\\kulje\\OneDrive\\Documents\\Baby Stock Screener\\backend\\venv\\Lib\\site-packages\\fyers_apiv3\\FyersWebsocket\\data_ws.py\", line 1500, in On_error\n    self.OnError(message)\n  File \"C:\\Users\\kulje\\OneDrive\\Documents\\Baby Stock Screener\\backend\\app\\services\\stream_hub.py\", line 142, in on_error\n    from ..utils import auth_helper\n  File \"C:\\Users\\kulje\\OneDrive\\Documents\\Baby Stock Screener\\backend\\app\\utils\\auth_helper.py\", line 2, in <module>\n    import pyotp\nModuleNotFoundError: No module named 'pyotp'","exception_name":"ModuleNotFoundError"}
{"level":"ERROR","location":"[__init_connection:1675] data_ws","message":"No module named 'pyotp'","timestamp":"2026-01-29 13:31:56,032+0530","service":"FyersDataSocket","exception":"Traceback (most recent call last):\n  File \"C:\\Users\\kulje\\OneDrive\\Documents\\Baby Stock Screener\\backend\\venv\\Lib\\site-packages\\fyers_apiv3\\FyersWebsocket\\data_ws.py\", line 272, in access_token_to_hsmtoken\n    self.On_error(\n  File \"C:\\Users\\kulje\\OneDrive\\Documents\\Baby Stock Screener\\backend\\venv\\Lib\\site-packages\\fyers_apiv3\\FyersWebsocket\\data_ws.py\", line 1500, in On_error\n    self.OnError(message)\n  File \"C:\\Users\\kulje\\OneDrive\\Documents\\Baby Stock Screener\\backend\\app\\services\\stream_hub.py\", line 142, in on_error\n    from ..utils import auth_helper\n  File \"C:\\Users\\kulje\\OneDrive\\Documents\\Baby Stock Screener\\backend\\app\\utils\\auth_helper.py\", line 2, in <module>\n    import pyotp\nModuleNotFoundError: No module named 'pyotp'\n\nDuring handling of the above exception, another exception occurred:\n\nTraceback (most recent call last):\n  File \"C:\\Users\\kulje\\OneDrive\\Documents\\Baby Stock Screener\\backend\\venv\\Lib\\site-packages\\fyers_apiv3\\FyersWebsocket\\data_ws.py\", line 1657, in __init_connection\n    if  self.access_token_to_hsmtoken() and self.__valid_token :\n        ^^^^^^^^^^^^^^^^^^^^^^^^^^^^^^^\n  File \"C:\\Users\\kulje\\OneDrive\\Documents\\Baby Stock Screener\\backend\\venv\\Lib\\site-packages\\fyers_apiv3\\FyersWebsocket\\data_ws.py\", line 287, in access_token_to_hsmtoken\n    self.On_error(\n  File \"C:\\Users\\kulje\\OneDrive\\Documents\\Baby Stock Screener\\backend\\venv\\Lib\\site-packages\\fyers_apiv3\\FyersWebsocket\\data_ws.py\", line 1500, in On_error\n    self.OnError(message)\n  File \"C:\\Users\\kulje\\OneDrive\\Documents\\Baby Stock Screener\\backend\\app\\services\\stream_hub.py\", line 142, in on_error\n    from ..utils import auth_helper\n  File \"C:\\Users\\kulje\\OneDrive\\Documents\\Baby Stock Screener\\backend\\app\\utils\\auth_helper.py\", line 2, in <module>\n    import pyotp\nModuleNotFoundError: No module named 'pyotp'","exception_name":"ModuleNotFoundError"}
{"level":"ERROR","location":"[__init_connection:1675] data_ws","message":"No module named 'pyotp'","timestamp":"2026-01-29 13:32:14,143+0530","service":"FyersDataSocket","exception":"Traceback (most recent call last):\n  File \"C:\\Users\\kulje\\OneDrive\\Documents\\Baby Stock Screener\\backend\\venv\\Lib\\site-packages\\fyers_apiv3\\FyersWebsocket\\data_ws.py\", line 272, in access_token_to_hsmtoken\n    self.On_error(\n  File \"C:\\Users\\kulje\\OneDrive\\Documents\\Baby Stock Screener\\backend\\venv\\Lib\\site-packages\\fyers_apiv3\\FyersWebsocket\\data_ws.py\", line 1500, in On_error\n    self.OnError(message)\n  File \"C:\\Users\\kulje\\OneDrive\\Documents\\Baby Stock Screener\\backend\\app\\services\\stream_hub.py\", line 142, in on_error\n    from ..utils import auth_helper\n  File \"C:\\Users\\kulje\\OneDrive\\Documents\\Baby Stock Screener\\backend\\app\\utils\\auth_helper.py\", line 2, in <module>\n    import pyotp\nModuleNotFoundError: No module named 'pyotp'\n\nDuring handling of the above exception, another exception occurred:\n\nTraceback (most recent call last):\n  File \"C:\\Users\\kulje\\OneDrive\\Documents\\Baby Stock Screener\\backend\\venv\\Lib\\site-packages\\fyers_apiv3\\FyersWebsocket\\data_ws.py\", line 1657, in __init_connection\n    if  self.access_token_to_hsmtoken() and self.__valid_token :\n        ^^^^^^^^^^^^^^^^^^^^^^^^^^^^^^^\n  File \"C:\\Users\\kulje\\OneDrive\\Documents\\Baby Stock Screener\\backend\\venv\\Lib\\site-packages\\fyers_apiv3\\FyersWebsocket\\data_ws.py\", line 287, in access_token_to_hsmtoken\n    self.On_error(\n  File \"C:\\Users\\kulje\\OneDrive\\Documents\\Baby Stock Screener\\backend\\venv\\Lib\\site-packages\\fyers_apiv3\\FyersWebsocket\\data_ws.py\", line 1500, in On_error\n    self.OnError(message)\n  File \"C:\\Users\\kulje\\OneDrive\\Documents\\Baby Stock Screener\\backend\\app\\services\\stream_hub.py\", line 142, in on_error\n    from ..utils import auth_helper\n  File \"C:\\Users\\kulje\\OneDrive\\Documents\\Baby Stock Screener\\backend\\app\\utils\\auth_helper.py\", line 2, in <module>\n    import pyotp\nModuleNotFoundError: No module named 'pyotp'","exception_name":"ModuleNotFoundError"}
{"level":"ERROR","location":"[__init_connection:1675] data_ws","message":"No module named 'pyotp'","timestamp":"2026-01-29 13:32:29,312+0530","service":"FyersDataSocket","exception":"Traceback (most recent call last):\n  File \"C:\\Users\\kulje\\OneDrive\\Documents\\Baby Stock Screener\\backend\\venv\\Lib\\site-packages\\fyers_apiv3\\FyersWebsocket\\data_ws.py\", line 272, in access_token_to_hsmtoken\n    self.On_error(\n  File \"C:\\Users\\kulje\\OneDrive\\Documents\\Baby Stock Screener\\backend\\venv\\Lib\\site-packages\\fyers_apiv3\\FyersWebsocket\\data_ws.py\", line 1500, in On_error\n    self.OnError(message)\n  File \"C:\\Users\\kulje\\OneDrive\\Documents\\Baby Stock Screener\\backend\\app\\services\\stream_hub.py\", line 142, in on_error\n    from ..utils import auth_helper\n  File \"C:\\Users\\kulje\\OneDrive\\Documents\\Baby Stock Screener\\backend\\app\\utils\\auth_helper.py\", line 2, in <module>\n    import pyotp\nModuleNotFoundError: No module named 'pyotp'\n\nDuring handling of the above exception, another exception occurred:\n\nTraceback (most recent call last):\n  File \"C:\\Users\\kulje\\OneDrive\\Documents\\Baby Stock Screener\\backend\\venv\\Lib\\site-packages\\fyers_apiv3\\FyersWebsocket\\data_ws.py\", line 1657, in __init_connection\n    if  self.access_token_to_hsmtoken() and self.__valid_token :\n        ^^^^^^^^^^^^^^^^^^^^^^^^^^^^^^^\n  File \"C:\\Users\\kulje\\OneDrive\\Documents\\Baby Stock Screener\\backend\\venv\\Lib\\site-packages\\fyers_apiv3\\FyersWebsocket\\data_ws.py\", line 287, in access_token_to_hsmtoken\n    self.On_error(\n  File \"C:\\Users\\kulje\\OneDrive\\Documents\\Baby Stock Screener\\backend\\venv\\Lib\\site-packages\\fyers_apiv3\\FyersWebsocket\\data_ws.py\", line 1500, in On_error\n    self.OnError(message)\n  File \"C:\\Users\\kulje\\OneDrive\\Documents\\Baby Stock Screener\\backend\\app\\services\\stream_hub.py\", line 142, in on_error\n    from ..utils import auth_helper\n  File \"C:\\Users\\kulje\\OneDrive\\Documents\\Baby Stock Screener\\backend\\app\\utils\\auth_helper.py\", line 2, in <module>\n    import pyotp\nModuleNotFoundError: No module named 'pyotp'","exception_name":"ModuleNotFoundError"}
{"level":"ERROR","location":"[__init_connection:1675] data_ws","message":"No module named 'pyotp'","timestamp":"2026-01-29 13:32:46,654+0530","service":"FyersDataSocket","exception":"Traceback (most recent call last):\n  File \"C:\\Users\\kulje\\OneDrive\\Documents\\Baby Stock Screener\\backend\\venv\\Lib\\site-packages\\fyers_apiv3\\FyersWebsocket\\data_ws.py\", line 272, in access_token_to_hsmtoken\n    self.On_error(\n  File \"C:\\Users\\kulje\\OneDrive\\Documents\\Baby Stock Screener\\backend\\venv\\Lib\\site-packages\\fyers_apiv3\\FyersWebsocket\\data_ws.py\", line 1500, in On_error\n    self.OnError(message)\n  File \"C:\\Users\\kulje\\OneDrive\\Documents\\Baby Stock Screener\\backend\\app\\services\\stream_hub.py\", line 142, in on_error\n    from ..utils import auth_helper\n  File \"C:\\Users\\kulje\\OneDrive\\Documents\\Baby Stock Screener\\backend\\app\\utils\\auth_helper.py\", line 2, in <module>\n    import pyotp\nModuleNotFoundError: No module named 'pyotp'\n\nDuring handling of the above exception, another exception occurred:\n\nTraceback (most recent call last):\n  File \"C:\\Users\\kulje\\OneDrive\\Documents\\Baby Stock Screener\\backend\\venv\\Lib\\site-packages\\fyers_apiv3\\FyersWebsocket\\data_ws.py\", line 1657, in __init_connection\n    if  self.access_token_to_hsmtoken() and self.__valid_token :\n        ^^^^^^^^^^^^^^^^^^^^^^^^^^^^^^^\n  File \"C:\\Users\\kulje\\OneDrive\\Documents\\Baby Stock Screener\\backend\\venv\\Lib\\site-packages\\fyers_apiv3\\FyersWebsocket\\data_ws.py\", line 287, in access_token_to_hsmtoken\n    self.On_error(\n  File \"C:\\Users\\kulje\\OneDrive\\Documents\\Baby Stock Screener\\backend\\venv\\Lib\\site-packages\\fyers_apiv3\\FyersWebsocket\\data_ws.py\", line 1500, in On_error\n    self.OnError(message)\n  File \"C:\\Users\\kulje\\OneDrive\\Documents\\Baby Stock Screener\\backend\\app\\services\\stream_hub.py\", line 142, in on_error\n    from ..utils import auth_helper\n  File \"C:\\Users\\kulje\\OneDrive\\Documents\\Baby Stock Screener\\backend\\app\\utils\\auth_helper.py\", line 2, in <module>\n    import pyotp\nModuleNotFoundError: No module named 'pyotp'","exception_name":"ModuleNotFoundError"}
{"level":"ERROR","location":"[__init_connection:1675] data_ws","message":"No module named 'pyotp'","timestamp":"2026-01-29 13:33:04,523+0530","service":"FyersDataSocket","exception":"Traceback (most recent call last):\n  File \"C:\\Users\\kulje\\OneDrive\\Documents\\Baby Stock Screener\\backend\\venv\\Lib\\site-packages\\fyers_apiv3\\FyersWebsocket\\data_ws.py\", line 272, in access_token_to_hsmtoken\n    self.On_error(\n  File \"C:\\Users\\kulje\\OneDrive\\Documents\\Baby Stock Screener\\backend\\venv\\Lib\\site-packages\\fyers_apiv3\\FyersWebsocket\\data_ws.py\", line 1500, in On_error\n    self.OnError(message)\n  File \"C:\\Users\\kulje\\OneDrive\\Documents\\Baby Stock Screener\\backend\\app\\services\\stream_hub.py\", line 142, in on_error\n    from ..utils import auth_helper\n  File \"C:\\Users\\kulje\\OneDrive\\Documents\\Baby Stock Screener\\backend\\app\\utils\\auth_helper.py\", line 2, in <module>\n    import pyotp\nModuleNotFoundError: No module named 'pyotp'\n\nDuring handling of the above exception, another exception occurred:\n\nTraceback (most recent call last):\n  File \"C:\\Users\\kulje\\OneDrive\\Documents\\Baby Stock Screener\\backend\\venv\\Lib\\site-packages\\fyers_apiv3\\FyersWebsocket\\data_ws.py\", line 1657, in __init_connection\n    if  self.access_token_to_hsmtoken() and self.__valid_token :\n        ^^^^^^^^^^^^^^^^^^^^^^^^^^^^^^^\n  File \"C:\\Users\\kulje\\OneDrive\\Documents\\Baby Stock Screener\\backend\\venv\\Lib\\site-packages\\fyers_apiv3\\FyersWebsocket\\data_ws.py\", line 287, in access_token_to_hsmtoken\n    self.On_error(\n  File \"C:\\Users\\kulje\\OneDrive\\Documents\\Baby Stock Screener\\backend\\venv\\Lib\\site-packages\\fyers_apiv3\\FyersWebsocket\\data_ws.py\", line 1500, in On_error\n    self.OnError(message)\n  File \"C:\\Users\\kulje\\OneDrive\\Documents\\Baby Stock Screener\\backend\\app\\services\\stream_hub.py\", line 142, in on_error\n    from ..utils import auth_helper\n  File \"C:\\Users\\kulje\\OneDrive\\Documents\\Baby Stock Screener\\backend\\app\\utils\\auth_helper.py\", line 2, in <module>\n    import pyotp\nModuleNotFoundError: No module named 'pyotp'","exception_name":"ModuleNotFoundError"}
{"level":"ERROR","location":"[__init_connection:1675] data_ws","message":"No module named 'pyotp'","timestamp":"2026-01-29 13:33:22,694+0530","service":"FyersDataSocket","exception":"Traceback (most recent call last):\n  File \"C:\\Users\\kulje\\OneDrive\\Documents\\Baby Stock Screener\\backend\\venv\\Lib\\site-packages\\fyers_apiv3\\FyersWebsocket\\data_ws.py\", line 272, in access_token_to_hsmtoken\n    self.On_error(\n  File \"C:\\Users\\kulje\\OneDrive\\Documents\\Baby Stock Screener\\backend\\venv\\Lib\\site-packages\\fyers_apiv3\\FyersWebsocket\\data_ws.py\", line 1500, in On_error\n    self.OnError(message)\n  File \"C:\\Users\\kulje\\OneDrive\\Documents\\Baby Stock Screener\\backend\\app\\services\\stream_hub.py\", line 142, in on_error\n    from ..utils import auth_helper\n  File \"C:\\Users\\kulje\\OneDrive\\Documents\\Baby Stock Screener\\backend\\app\\utils\\auth_helper.py\", line 2, in <module>\n    import pyotp\nModuleNotFoundError: No module named 'pyotp'\n\nDuring handling of the above exception, another exception occurred:\n\nTraceback (most recent call last):\n  File \"C:\\Users\\kulje\\OneDrive\\Documents\\Baby Stock Screener\\backend\\venv\\Lib\\site-packages\\fyers_apiv3\\FyersWebsocket\\data_ws.py\", line 1657, in __init_connection\n    if  self.access_token_to_hsmtoken() and self.__valid_token :\n        ^^^^^^^^^^^^^^^^^^^^^^^^^^^^^^^\n  File \"C:\\Users\\kulje\\OneDrive\\Documents\\Baby Stock Screener\\backend\\venv\\Lib\\site-packages\\fyers_apiv3\\FyersWebsocket\\data_ws.py\", line 287, in access_token_to_hsmtoken\n    self.On_error(\n  File \"C:\\Users\\kulje\\OneDrive\\Documents\\Baby Stock Screener\\backend\\venv\\Lib\\site-packages\\fyers_apiv3\\FyersWebsocket\\data_ws.py\", line 1500, in On_error\n    self.OnError(message)\n  File \"C:\\Users\\kulje\\OneDrive\\Documents\\Baby Stock Screener\\backend\\app\\services\\stream_hub.py\", line 142, in on_error\n    from ..utils import auth_helper\n  File \"C:\\Users\\kulje\\OneDrive\\Documents\\Baby Stock Screener\\backend\\app\\utils\\auth_helper.py\", line 2, in <module>\n    import pyotp\nModuleNotFoundError: No module named 'pyotp'","exception_name":"ModuleNotFoundError"}
{"level":"ERROR","location":"[__init_connection:1675] data_ws","message":"No module named 'pyotp'","timestamp":"2026-01-29 13:33:42,374+0530","service":"FyersDataSocket","exception":"Traceback (most recent call last):\n  File \"C:\\Users\\kulje\\OneDrive\\Documents\\Baby Stock Screener\\backend\\venv\\Lib\\site-packages\\fyers_apiv3\\FyersWebsocket\\data_ws.py\", line 272, in access_token_to_hsmtoken\n    self.On_error(\n  File \"C:\\Users\\kulje\\OneDrive\\Documents\\Baby Stock Screener\\backend\\venv\\Lib\\site-packages\\fyers_apiv3\\FyersWebsocket\\data_ws.py\", line 1500, in On_error\n    self.OnError(message)\n  File \"C:\\Users\\kulje\\OneDrive\\Documents\\Baby Stock Screener\\backend\\app\\services\\stream_hub.py\", line 142, in on_error\n    from ..utils import auth_helper\n  File \"C:\\Users\\kulje\\OneDrive\\Documents\\Baby Stock Screener\\backend\\app\\utils\\auth_helper.py\", line 2, in <module>\n    import pyotp\nModuleNotFoundError: No module named 'pyotp'\n\nDuring handling of the above exception, another exception occurred:\n\nTraceback (most recent call last):\n  File \"C:\\Users\\kulje\\OneDrive\\Documents\\Baby Stock Screener\\backend\\venv\\Lib\\site-packages\\fyers_apiv3\\FyersWebsocket\\data_ws.py\", line 1657, in __init_connection\n    if  self.access_token_to_hsmtoken() and self.__valid_token :\n        ^^^^^^^^^^^^^^^^^^^^^^^^^^^^^^^\n  File \"C:\\Users\\kulje\\OneDrive\\Documents\\Baby Stock Screener\\backend\\venv\\Lib\\site-packages\\fyers_apiv3\\FyersWebsocket\\data_ws.py\", line 287, in access_token_to_hsmtoken\n    self.On_error(\n  File \"C:\\Users\\kulje\\OneDrive\\Documents\\Baby Stock Screener\\backend\\venv\\Lib\\site-packages\\fyers_apiv3\\FyersWebsocket\\data_ws.py\", line 1500, in On_error\n    self.OnError(message)\n  File \"C:\\Users\\kulje\\OneDrive\\Documents\\Baby Stock Screener\\backend\\app\\services\\stream_hub.py\", line 142, in on_error\n    from ..utils import auth_helper\n  File \"C:\\Users\\kulje\\OneDrive\\Documents\\Baby Stock Screener\\backend\\app\\utils\\auth_helper.py\", line 2, in <module>\n    import pyotp\nModuleNotFoundError: No module named 'pyotp'","exception_name":"ModuleNotFoundError"}
{"level":"ERROR","location":"[__init_connection:1675] data_ws","message":"No module named 'pyotp'","timestamp":"2026-01-29 13:33:57,421+0530","service":"FyersDataSocket","exception":"Traceback (most recent call last):\n  File \"C:\\Users\\kulje\\OneDrive\\Documents\\Baby Stock Screener\\backend\\venv\\Lib\\site-packages\\fyers_apiv3\\FyersWebsocket\\data_ws.py\", line 272, in access_token_to_hsmtoken\n    self.On_error(\n  File \"C:\\Users\\kulje\\OneDrive\\Documents\\Baby Stock Screener\\backend\\venv\\Lib\\site-packages\\fyers_apiv3\\FyersWebsocket\\data_ws.py\", line 1500, in On_error\n    self.OnError(message)\n  File \"C:\\Users\\kulje\\OneDrive\\Documents\\Baby Stock Screener\\backend\\app\\services\\stream_hub.py\", line 142, in on_error\n    from ..utils import auth_helper\n  File \"C:\\Users\\kulje\\OneDrive\\Documents\\Baby Stock Screener\\backend\\app\\utils\\auth_helper.py\", line 2, in <module>\n    import pyotp\nModuleNotFoundError: No module named 'pyotp'\n\nDuring handling of the above exception, another exception occurred:\n\nTraceback (most recent call last):\n  File \"C:\\Users\\kulje\\OneDrive\\Documents\\Baby Stock Screener\\backend\\venv\\Lib\\site-packages\\fyers_apiv3\\FyersWebsocket\\data_ws.py\", line 1657, in __init_connection\n    if  self.access_token_to_hsmtoken() and self.__valid_token :\n        ^^^^^^^^^^^^^^^^^^^^^^^^^^^^^^^\n  File \"C:\\Users\\kulje\\OneDrive\\Documents\\Baby Stock Screener\\backend\\venv\\Lib\\site-packages\\fyers_apiv3\\FyersWebsocket\\data_ws.py\", line 287, in access_token_to_hsmtoken\n    self.On_error(\n  File \"C:\\Users\\kulje\\OneDrive\\Documents\\Baby Stock Screener\\backend\\venv\\Lib\\site-packages\\fyers_apiv3\\FyersWebsocket\\data_ws.py\", line 1500, in On_error\n    self.OnError(message)\n  File \"C:\\Users\\kulje\\OneDrive\\Documents\\Baby Stock Screener\\backend\\app\\services\\stream_hub.py\", line 142, in on_error\n    from ..utils import auth_helper\n  File \"C:\\Users\\kulje\\OneDrive\\Documents\\Baby Stock Screener\\backend\\app\\utils\\auth_helper.py\", line 2, in <module>\n    import pyotp\nModuleNotFoundError: No module named 'pyotp'","exception_name":"ModuleNotFoundError"}
{"level":"ERROR","location":"[__init_connection:1675] data_ws","message":"No module named 'pyotp'","timestamp":"2026-01-29 13:34:14,706+0530","service":"FyersDataSocket","exception":"Traceback (most recent call last):\n  File \"C:\\Users\\kulje\\OneDrive\\Documents\\Baby Stock Screener\\backend\\venv\\Lib\\site-packages\\fyers_apiv3\\FyersWebsocket\\data_ws.py\", line 272, in access_token_to_hsmtoken\n    self.On_error(\n  File \"C:\\Users\\kulje\\OneDrive\\Documents\\Baby Stock Screener\\backend\\venv\\Lib\\site-packages\\fyers_apiv3\\FyersWebsocket\\data_ws.py\", line 1500, in On_error\n    self.OnError(message)\n  File \"C:\\Users\\kulje\\OneDrive\\Documents\\Baby Stock Screener\\backend\\app\\services\\stream_hub.py\", line 142, in on_error\n    from ..utils import auth_helper\n  File \"C:\\Users\\kulje\\OneDrive\\Documents\\Baby Stock Screener\\backend\\app\\utils\\auth_helper.py\", line 2, in <module>\n    import pyotp\nModuleNotFoundError: No module named 'pyotp'\n\nDuring handling of the above exception, another exception occurred:\n\nTraceback (most recent call last):\n  File \"C:\\Users\\kulje\\OneDrive\\Documents\\Baby Stock Screener\\backend\\venv\\Lib\\site-packages\\fyers_apiv3\\FyersWebsocket\\data_ws.py\", line 1657, in __init_connection\n    if  self.access_token_to_hsmtoken() and self.__valid_token :\n        ^^^^^^^^^^^^^^^^^^^^^^^^^^^^^^^\n  File \"C:\\Users\\kulje\\OneDrive\\Documents\\Baby Stock Screener\\backend\\venv\\Lib\\site-packages\\fyers_apiv3\\FyersWebsocket\\data_ws.py\", line 287, in access_token_to_hsmtoken\n    self.On_error(\n  File \"C:\\Users\\kulje\\OneDrive\\Documents\\Baby Stock Screener\\backend\\venv\\Lib\\site-packages\\fyers_apiv3\\FyersWebsocket\\data_ws.py\", line 1500, in On_error\n    self.OnError(message)\n  File \"C:\\Users\\kulje\\OneDrive\\Documents\\Baby Stock Screener\\backend\\app\\services\\stream_hub.py\", line 142, in on_error\n    from ..utils import auth_helper\n  File \"C:\\Users\\kulje\\OneDrive\\Documents\\Baby Stock Screener\\backend\\app\\utils\\auth_helper.py\", line 2, in <module>\n    import pyotp\nModuleNotFoundError: No module named 'pyotp'","exception_name":"ModuleNotFoundError"}
{"level":"ERROR","location":"[__init_connection:1675] data_ws","message":"No module named 'pyotp'","timestamp":"2026-01-29 13:34:30,320+0530","service":"FyersDataSocket","exception":"Traceback (most recent call last):\n  File \"C:\\Users\\kulje\\OneDrive\\Documents\\Baby Stock Screener\\backend\\venv\\Lib\\site-packages\\fyers_apiv3\\FyersWebsocket\\data_ws.py\", line 272, in access_token_to_hsmtoken\n    self.On_error(\n  File \"C:\\Users\\kulje\\OneDrive\\Documents\\Baby Stock Screener\\backend\\venv\\Lib\\site-packages\\fyers_apiv3\\FyersWebsocket\\data_ws.py\", line 1500, in On_error\n    self.OnError(message)\n  File \"C:\\Users\\kulje\\OneDrive\\Documents\\Baby Stock Screener\\backend\\app\\services\\stream_hub.py\", line 142, in on_error\n    from ..utils import auth_helper\n  File \"C:\\Users\\kulje\\OneDrive\\Documents\\Baby Stock Screener\\backend\\app\\utils\\auth_helper.py\", line 2, in <module>\n    import pyotp\nModuleNotFoundError: No module named 'pyotp'\n\nDuring handling of the above exception, another exception occurred:\n\nTraceback (most recent call last):\n  File \"C:\\Users\\kulje\\OneDrive\\Documents\\Baby Stock Screener\\backend\\venv\\Lib\\site-packages\\fyers_apiv3\\FyersWebsocket\\data_ws.py\", line 1657, in __init_connection\n    if  self.access_token_to_hsmtoken() and self.__valid_token :\n        ^^^^^^^^^^^^^^^^^^^^^^^^^^^^^^^\n  File \"C:\\Users\\kulje\\OneDrive\\Documents\\Baby Stock Screener\\backend\\venv\\Lib\\site-packages\\fyers_apiv3\\FyersWebsocket\\data_ws.py\", line 287, in access_token_to_hsmtoken\n    self.On_error(\n  File \"C:\\Users\\kulje\\OneDrive\\Documents\\Baby Stock Screener\\backend\\venv\\Lib\\site-packages\\fyers_apiv3\\FyersWebsocket\\data_ws.py\", line 1500, in On_error\n    self.OnError(message)\n  File \"C:\\Users\\kulje\\OneDrive\\Documents\\Baby Stock Screener\\backend\\app\\services\\stream_hub.py\", line 142, in on_error\n    from ..utils import auth_helper\n  File \"C:\\Users\\kulje\\OneDrive\\Documents\\Baby Stock Screener\\backend\\app\\utils\\auth_helper.py\", line 2, in <module>\n    import pyotp\nModuleNotFoundError: No module named 'pyotp'","exception_name":"ModuleNotFoundError"}
{"level":"ERROR","location":"[__init_connection:1675] data_ws","message":"No module named 'pyotp'","timestamp":"2026-01-29 13:35:06,217+0530","service":"FyersDataSocket","exception":"Traceback (most recent call last):\n  File \"C:\\Users\\kulje\\OneDrive\\Documents\\Baby Stock Screener\\backend\\venv\\Lib\\site-packages\\fyers_apiv3\\FyersWebsocket\\data_ws.py\", line 272, in access_token_to_hsmtoken\n    self.On_error(\n  File \"C:\\Users\\kulje\\OneDrive\\Documents\\Baby Stock Screener\\backend\\venv\\Lib\\site-packages\\fyers_apiv3\\FyersWebsocket\\data_ws.py\", line 1500, in On_error\n    self.OnError(message)\n  File \"C:\\Users\\kulje\\OneDrive\\Documents\\Baby Stock Screener\\backend\\app\\services\\stream_hub.py\", line 142, in on_error\n    from ..utils import auth_helper\n  File \"C:\\Users\\kulje\\OneDrive\\Documents\\Baby Stock Screener\\backend\\app\\utils\\auth_helper.py\", line 2, in <module>\n    import pyotp\nModuleNotFoundError: No module named 'pyotp'\n\nDuring handling of the above exception, another exception occurred:\n\nTraceback (most recent call last):\n  File \"C:\\Users\\kulje\\OneDrive\\Documents\\Baby Stock Screener\\backend\\venv\\Lib\\site-packages\\fyers_apiv3\\FyersWebsocket\\data_ws.py\", line 1657, in __init_connection\n    if  self.access_token_to_hsmtoken() and self.__valid_token :\n        ^^^^^^^^^^^^^^^^^^^^^^^^^^^^^^^\n  File \"C:\\Users\\kulje\\OneDrive\\Documents\\Baby Stock Screener\\backend\\venv\\Lib\\site-packages\\fyers_apiv3\\FyersWebsocket\\data_ws.py\", line 287, in access_token_to_hsmtoken\n    self.On_error(\n  File \"C:\\Users\\kulje\\OneDrive\\Documents\\Baby Stock Screener\\backend\\venv\\Lib\\site-packages\\fyers_apiv3\\FyersWebsocket\\data_ws.py\", line 1500, in On_error\n    self.OnError(message)\n  File \"C:\\Users\\kulje\\OneDrive\\Documents\\Baby Stock Screener\\backend\\app\\services\\stream_hub.py\", line 142, in on_error\n    from ..utils import auth_helper\n  File \"C:\\Users\\kulje\\OneDrive\\Documents\\Baby Stock Screener\\backend\\app\\utils\\auth_helper.py\", line 2, in <module>\n    import pyotp\nModuleNotFoundError: No module named 'pyotp'","exception_name":"ModuleNotFoundError"}
{"level":"ERROR","location":"[__init_connection:1675] data_ws","message":"No module named 'pyotp'","timestamp":"2026-01-29 13:35:25,048+0530","service":"FyersDataSocket","exception":"Traceback (most recent call last):\n  File \"C:\\Users\\kulje\\OneDrive\\Documents\\Baby Stock Screener\\backend\\venv\\Lib\\site-packages\\fyers_apiv3\\FyersWebsocket\\data_ws.py\", line 272, in access_token_to_hsmtoken\n    self.On_error(\n  File \"C:\\Users\\kulje\\OneDrive\\Documents\\Baby Stock Screener\\backend\\venv\\Lib\\site-packages\\fyers_apiv3\\FyersWebsocket\\data_ws.py\", line 1500, in On_error\n    self.OnError(message)\n  File \"C:\\Users\\kulje\\OneDrive\\Documents\\Baby Stock Screener\\backend\\app\\services\\stream_hub.py\", line 142, in on_error\n    from ..utils import auth_helper\n  File \"C:\\Users\\kulje\\OneDrive\\Documents\\Baby Stock Screener\\backend\\app\\utils\\auth_helper.py\", line 2, in <module>\n    import pyotp\nModuleNotFoundError: No module named 'pyotp'\n\nDuring handling of the above exception, another exception occurred:\n\nTraceback (most recent call last):\n  File \"C:\\Users\\kulje\\OneDrive\\Documents\\Baby Stock Screener\\backend\\venv\\Lib\\site-packages\\fyers_apiv3\\FyersWebsocket\\data_ws.py\", line 1657, in __init_connection\n    if  self.access_token_to_hsmtoken() and self.__valid_token :\n        ^^^^^^^^^^^^^^^^^^^^^^^^^^^^^^^\n  File \"C:\\Users\\kulje\\OneDrive\\Documents\\Baby Stock Screener\\backend\\venv\\Lib\\site-packages\\fyers_apiv3\\FyersWebsocket\\data_ws.py\", line 287, in access_token_to_hsmtoken\n    self.On_error(\n  File \"C:\\Users\\kulje\\OneDrive\\Documents\\Baby Stock Screener\\backend\\venv\\Lib\\site-packages\\fyers_apiv3\\FyersWebsocket\\data_ws.py\", line 1500, in On_error\n    self.OnError(message)\n  File \"C:\\Users\\kulje\\OneDrive\\Documents\\Baby Stock Screener\\backend\\app\\services\\stream_hub.py\", line 142, in on_error\n    from ..utils import auth_helper\n  File \"C:\\Users\\kulje\\OneDrive\\Documents\\Baby Stock Screener\\backend\\app\\utils\\auth_helper.py\", line 2, in <module>\n    import pyotp\nModuleNotFoundError: No module named 'pyotp'","exception_name":"ModuleNotFoundError"}
{"level":"ERROR","location":"[__init_connection:1675] data_ws","message":"No module named 'pyotp'","timestamp":"2026-01-29 13:35:44,808+0530","service":"FyersDataSocket","exception":"Traceback (most recent call last):\n  File \"C:\\Users\\kulje\\OneDrive\\Documents\\Baby Stock Screener\\backend\\venv\\Lib\\site-packages\\fyers_apiv3\\FyersWebsocket\\data_ws.py\", line 272, in access_token_to_hsmtoken\n    self.On_error(\n  File \"C:\\Users\\kulje\\OneDrive\\Documents\\Baby Stock Screener\\backend\\venv\\Lib\\site-packages\\fyers_apiv3\\FyersWebsocket\\data_ws.py\", line 1500, in On_error\n    self.OnError(message)\n  File \"C:\\Users\\kulje\\OneDrive\\Documents\\Baby Stock Screener\\backend\\app\\services\\stream_hub.py\", line 142, in on_error\n    from ..utils import auth_helper\n  File \"C:\\Users\\kulje\\OneDrive\\Documents\\Baby Stock Screener\\backend\\app\\utils\\auth_helper.py\", line 2, in <module>\n    import pyotp\nModuleNotFoundError: No module named 'pyotp'\n\nDuring handling of the above exception, another exception occurred:\n\nTraceback (most recent call last):\n  File \"C:\\Users\\kulje\\OneDrive\\Documents\\Baby Stock Screener\\backend\\venv\\Lib\\site-packages\\fyers_apiv3\\FyersWebsocket\\data_ws.py\", line 1657, in __init_connection\n    if  self.access_token_to_hsmtoken() and self.__valid_token :\n        ^^^^^^^^^^^^^^^^^^^^^^^^^^^^^^^\n  File \"C:\\Users\\kulje\\OneDrive\\Documents\\Baby Stock Screener\\backend\\venv\\Lib\\site-packages\\fyers_apiv3\\FyersWebsocket\\data_ws.py\", line 287, in access_token_to_hsmtoken\n    self.On_error(\n  File \"C:\\Users\\kulje\\OneDrive\\Documents\\Baby Stock Screener\\backend\\venv\\Lib\\site-packages\\fyers_apiv3\\FyersWebsocket\\data_ws.py\", line 1500, in On_error\n    self.OnError(message)\n  File \"C:\\Users\\kulje\\OneDrive\\Documents\\Baby Stock Screener\\backend\\app\\services\\stream_hub.py\", line 142, in on_error\n    from ..utils import auth_helper\n  File \"C:\\Users\\kulje\\OneDrive\\Documents\\Baby Stock Screener\\backend\\app\\utils\\auth_helper.py\", line 2, in <module>\n    import pyotp\nModuleNotFoundError: No module named 'pyotp'","exception_name":"ModuleNotFoundError"}
{"level":"ERROR","location":"[__init_connection:1675] data_ws","message":"No module named 'pyotp'","timestamp":"2026-01-29 13:37:14,451+0530","service":"FyersDataSocket","exception":"Traceback (most recent call last):\n  File \"C:\\Users\\kulje\\OneDrive\\Documents\\Baby Stock Screener\\backend\\venv\\Lib\\site-packages\\fyers_apiv3\\FyersWebsocket\\data_ws.py\", line 272, in access_token_to_hsmtoken\n    self.On_error(\n  File \"C:\\Users\\kulje\\OneDrive\\Documents\\Baby Stock Screener\\backend\\venv\\Lib\\site-packages\\fyers_apiv3\\FyersWebsocket\\data_ws.py\", line 1500, in On_error\n    self.OnError(message)\n  File \"C:\\Users\\kulje\\OneDrive\\Documents\\Baby Stock Screener\\backend\\app\\services\\stream_hub.py\", line 142, in on_error\n    from ..utils import auth_helper\n  File \"C:\\Users\\kulje\\OneDrive\\Documents\\Baby Stock Screener\\backend\\app\\utils\\auth_helper.py\", line 2, in <module>\n    import pyotp\nModuleNotFoundError: No module named 'pyotp'\n\nDuring handling of the above exception, another exception occurred:\n\nTraceback (most recent call last):\n  File \"C:\\Users\\kulje\\OneDrive\\Documents\\Baby Stock Screener\\backend\\venv\\Lib\\site-packages\\fyers_apiv3\\FyersWebsocket\\data_ws.py\", line 1657, in __init_connection\n    if  self.access_token_to_hsmtoken() and self.__valid_token :\n        ^^^^^^^^^^^^^^^^^^^^^^^^^^^^^^^\n  File \"C:\\Users\\kulje\\OneDrive\\Documents\\Baby Stock Screener\\backend\\venv\\Lib\\site-packages\\fyers_apiv3\\FyersWebsocket\\data_ws.py\", line 287, in access_token_to_hsmtoken\n    self.On_error(\n  File \"C:\\Users\\kulje\\OneDrive\\Documents\\Baby Stock Screener\\backend\\venv\\Lib\\site-packages\\fyers_apiv3\\FyersWebsocket\\data_ws.py\", line 1500, in On_error\n    self.OnError(message)\n  File \"C:\\Users\\kulje\\OneDrive\\Documents\\Baby Stock Screener\\backend\\app\\services\\stream_hub.py\", line 142, in on_error\n    from ..utils import auth_helper\n  File \"C:\\Users\\kulje\\OneDrive\\Documents\\Baby Stock Screener\\backend\\app\\utils\\auth_helper.py\", line 2, in <module>\n    import pyotp\nModuleNotFoundError: No module named 'pyotp'","exception_name":"ModuleNotFoundError"}
{"level":"ERROR","location":"[__init_connection:1675] data_ws","message":"No module named 'pyotp'","timestamp":"2026-01-29 13:37:34,131+0530","service":"FyersDataSocket","exception":"Traceback (most recent call last):\n  File \"C:\\Users\\kulje\\OneDrive\\Documents\\Baby Stock Screener\\backend\\venv\\Lib\\site-packages\\fyers_apiv3\\FyersWebsocket\\data_ws.py\", line 272, in access_token_to_hsmtoken\n    self.On_error(\n  File \"C:\\Users\\kulje\\OneDrive\\Documents\\Baby Stock Screener\\backend\\venv\\Lib\\site-packages\\fyers_apiv3\\FyersWebsocket\\data_ws.py\", line 1500, in On_error\n    self.OnError(message)\n  File \"C:\\Users\\kulje\\OneDrive\\Documents\\Baby Stock Screener\\backend\\app\\services\\stream_hub.py\", line 142, in on_error\n    from ..utils import auth_helper\n  File \"C:\\Users\\kulje\\OneDrive\\Documents\\Baby Stock Screener\\backend\\app\\utils\\auth_helper.py\", line 2, in <module>\n    import pyotp\nModuleNotFoundError: No module named 'pyotp'\n\nDuring handling of the above exception, another exception occurred:\n\nTraceback (most recent call last):\n  File \"C:\\Users\\kulje\\OneDrive\\Documents\\Baby Stock Screener\\backend\\venv\\Lib\\site-packages\\fyers_apiv3\\FyersWebsocket\\data_ws.py\", line 1657, in __init_connection\n    if  self.access_token_to_hsmtoken() and self.__valid_token :\n        ^^^^^^^^^^^^^^^^^^^^^^^^^^^^^^^\n  File \"C:\\Users\\kulje\\OneDrive\\Documents\\Baby Stock Screener\\backend\\venv\\Lib\\site-packages\\fyers_apiv3\\FyersWebsocket\\data_ws.py\", line 287, in access_token_to_hsmtoken\n    self.On_error(\n  File \"C:\\Users\\kulje\\OneDrive\\Documents\\Baby Stock Screener\\backend\\venv\\Lib\\site-packages\\fyers_apiv3\\FyersWebsocket\\data_ws.py\", line 1500, in On_error\n    self.OnError(message)\n  File \"C:\\Users\\kulje\\OneDrive\\Documents\\Baby Stock Screener\\backend\\app\\services\\stream_hub.py\", line 142, in on_error\n    from ..utils import auth_helper\n  File \"C:\\Users\\kulje\\OneDrive\\Documents\\Baby Stock Screener\\backend\\app\\utils\\auth_helper.py\", line 2, in <module>\n    import pyotp\nModuleNotFoundError: No module named 'pyotp'","exception_name":"ModuleNotFoundError"}
{"level":"ERROR","location":"[__init_connection:1675] data_ws","message":"No module named 'pyotp'","timestamp":"2026-01-29 13:37:51,537+0530","service":"FyersDataSocket","exception":"Traceback (most recent call last):\n  File \"C:\\Users\\kulje\\OneDrive\\Documents\\Baby Stock Screener\\backend\\venv\\Lib\\site-packages\\fyers_apiv3\\FyersWebsocket\\data_ws.py\", line 272, in access_token_to_hsmtoken\n    self.On_error(\n  File \"C:\\Users\\kulje\\OneDrive\\Documents\\Baby Stock Screener\\backend\\venv\\Lib\\site-packages\\fyers_apiv3\\FyersWebsocket\\data_ws.py\", line 1500, in On_error\n    self.OnError(message)\n  File \"C:\\Users\\kulje\\OneDrive\\Documents\\Baby Stock Screener\\backend\\app\\services\\stream_hub.py\", line 142, in on_error\n    from ..utils import auth_helper\n  File \"C:\\Users\\kulje\\OneDrive\\Documents\\Baby Stock Screener\\backend\\app\\utils\\auth_helper.py\", line 2, in <module>\n    import pyotp\nModuleNotFoundError: No module named 'pyotp'\n\nDuring handling of the above exception, another exception occurred:\n\nTraceback (most recent call last):\n  File \"C:\\Users\\kulje\\OneDrive\\Documents\\Baby Stock Screener\\backend\\venv\\Lib\\site-packages\\fyers_apiv3\\FyersWebsocket\\data_ws.py\", line 1657, in __init_connection\n    if  self.access_token_to_hsmtoken() and self.__valid_token :\n        ^^^^^^^^^^^^^^^^^^^^^^^^^^^^^^^\n  File \"C:\\Users\\kulje\\OneDrive\\Documents\\Baby Stock Screener\\backend\\venv\\Lib\\site-packages\\fyers_apiv3\\FyersWebsocket\\data_ws.py\", line 287, in access_token_to_hsmtoken\n    self.On_error(\n  File \"C:\\Users\\kulje\\OneDrive\\Documents\\Baby Stock Screener\\backend\\venv\\Lib\\site-packages\\fyers_apiv3\\FyersWebsocket\\data_ws.py\", line 1500, in On_error\n    self.OnError(message)\n  File \"C:\\Users\\kulje\\OneDrive\\Documents\\Baby Stock Screener\\backend\\app\\services\\stream_hub.py\", line 142, in on_error\n    from ..utils import auth_helper\n  File \"C:\\Users\\kulje\\OneDrive\\Documents\\Baby Stock Screener\\backend\\app\\utils\\auth_helper.py\", line 2, in <module>\n    import pyotp\nModuleNotFoundError: No module named 'pyotp'","exception_name":"ModuleNotFoundError"}
{"level":"ERROR","location":"[access_token_to_hsmtoken:272] data_ws","message":{"type":"cn","code":-99,"message":"Token is expired","s":"error"},"timestamp":"2026-01-31 12:40:13,567+0530","service":"FyersDataSocket"}
{"level":"ERROR","location":"[access_token_to_hsmtoken:272] data_ws","message":{"type":"cn","code":-99,"message":"Token is expired","s":"error"},"timestamp":"2026-01-31 12:40:31,220+0530","service":"FyersDataSocket"}
{"level":"ERROR","location":"[access_token_to_hsmtoken:272] data_ws","message":{"type":"cn","code":-99,"message":"Token is expired","s":"error"},"timestamp":"2026-01-31 12:40:46,263+0530","service":"FyersDataSocket"}
{"level":"ERROR","location":"[access_token_to_hsmtoken:272] data_ws","message":{"type":"cn","code":-99,"message":"Token is expired","s":"error"},"timestamp":"2026-01-31 12:41:01,372+0530","service":"FyersDataSocket"}
{"level":"ERROR","location":"[access_token_to_hsmtoken:272] data_ws","message":{"type":"cn","code":-99,"message":"Token is expired","s":"error"},"timestamp":"2026-01-31 12:41:16,353+0530","service":"FyersDataSocket"}
{"level":"ERROR","location":"[access_token_to_hsmtoken:272] data_ws","message":{"type":"cn","code":-99,"message":"Token is expired","s":"error"},"timestamp":"2026-01-31 12:41:31,397+0530","service":"FyersDataSocket"}
{"level":"ERROR","location":"[access_token_to_hsmtoken:272] data_ws","message":{"type":"cn","code":-99,"message":"Token is expired","s":"error"},"timestamp":"2026-01-31 12:41:47,115+0530","service":"FyersDataSocket"}
{"level":"ERROR","location":"[access_token_to_hsmtoken:272] data_ws","message":{"type":"cn","code":-99,"message":"Token is expired","s":"error"},"timestamp":"2026-01-31 12:42:02,206+0530","service":"FyersDataSocket"}
{"level":"ERROR","location":"[access_token_to_hsmtoken:272] data_ws","message":{"type":"cn","code":-99,"message":"Token is expired","s":"error"},"timestamp":"2026-01-31 12:42:17,411+0530","service":"FyersDataSocket"}
{"level":"ERROR","location":"[access_token_to_hsmtoken:272] data_ws","message":{"type":"cn","code":-99,"message":"Token is expired","s":"error"},"timestamp":"2026-01-31 12:42:32,516+0530","service":"FyersDataSocket"}
{"level":"ERROR","location":"[access_token_to_hsmtoken:272] data_ws","message":{"type":"cn","code":-99,"message":"Token is expired","s":"error"},"timestamp":"2026-01-31 12:42:47,580+0530","service":"FyersDataSocket"}
{"level":"ERROR","location":"[access_token_to_hsmtoken:272] data_ws","message":{"type":"cn","code":-99,"message":"Token is expired","s":"error"},"timestamp":"2026-01-31 12:43:02,624+0530","service":"FyersDataSocket"}
{"level":"ERROR","location":"[access_token_to_hsmtoken:272] data_ws","message":{"type":"cn","code":-99,"message":"Token is expired","s":"error"},"timestamp":"2026-01-31 12:43:17,694+0530","service":"FyersDataSocket"}
{"level":"ERROR","location":"[access_token_to_hsmtoken:272] data_ws","message":{"type":"cn","code":-99,"message":"Token is expired","s":"error"},"timestamp":"2026-01-31 12:43:33,231+0530","service":"FyersDataSocket"}
{"level":"ERROR","location":"[access_token_to_hsmtoken:272] data_ws","message":{"type":"cn","code":-99,"message":"Token is expired","s":"error"},"timestamp":"2026-01-31 12:43:47,821+0530","service":"FyersDataSocket"}
{"level":"ERROR","location":"[access_token_to_hsmtoken:272] data_ws","message":{"type":"cn","code":-99,"message":"Token is expired","s":"error"},"timestamp":"2026-01-31 12:44:02,830+0530","service":"FyersDataSocket"}
{"level":"ERROR","location":"[access_token_to_hsmtoken:272] data_ws","message":{"type":"cn","code":-99,"message":"Token is expired","s":"error"},"timestamp":"2026-01-31 12:44:17,889+0530","service":"FyersDataSocket"}
{"level":"ERROR","location":"[access_token_to_hsmtoken:272] data_ws","message":{"type":"cn","code":-99,"message":"Token is expired","s":"error"},"timestamp":"2026-01-31 12:44:32,894+0530","service":"FyersDataSocket"}
{"level":"ERROR","location":"[access_token_to_hsmtoken:272] data_ws","message":{"type":"cn","code":-99,"message":"Token is expired","s":"error"},"timestamp":"2026-01-31 12:44:47,936+0530","service":"FyersDataSocket"}
{"level":"ERROR","location":"[access_token_to_hsmtoken:272] data_ws","message":{"type":"cn","code":-99,"message":"Token is expired","s":"error"},"timestamp":"2026-01-31 12:45:07,916+0530","service":"FyersDataSocket"}
{"level":"ERROR","location":"[access_token_to_hsmtoken:272] data_ws","message":{"type":"cn","code":-99,"message":"Token is expired","s":"error"},"timestamp":"2026-01-31 12:45:27,930+0530","service":"FyersDataSocket"}
{"level":"ERROR","location":"[access_token_to_hsmtoken:272] data_ws","message":{"type":"cn","code":-99,"message":"Token is expired","s":"error"},"timestamp":"2026-01-31 12:45:42,955+0530","service":"FyersDataSocket"}
{"level":"ERROR","location":"[access_token_to_hsmtoken:272] data_ws","message":{"type":"cn","code":-99,"message":"Token is expired","s":"error"},"timestamp":"2026-01-31 12:45:58,015+0530","service":"FyersDataSocket"}
{"level":"ERROR","location":"[access_token_to_hsmtoken:272] data_ws","message":{"type":"cn","code":-99,"message":"Token is expired","s":"error"},"timestamp":"2026-01-31 12:46:13,078+0530","service":"FyersDataSocket"}
{"level":"ERROR","location":"[access_token_to_hsmtoken:272] data_ws","message":{"type":"cn","code":-99,"message":"Token is expired","s":"error"},"timestamp":"2026-01-31 12:46:28,085+0530","service":"FyersDataSocket"}
{"level":"ERROR","location":"[access_token_to_hsmtoken:272] data_ws","message":{"type":"cn","code":-99,"message":"Token is expired","s":"error"},"timestamp":"2026-01-31 12:46:43,105+0530","service":"FyersDataSocket"}
{"level":"ERROR","location":"[access_token_to_hsmtoken:272] data_ws","message":{"type":"cn","code":-99,"message":"Token is expired","s":"error"},"timestamp":"2026-01-31 12:46:58,137+0530","service":"FyersDataSocket"}
{"level":"ERROR","location":"[access_token_to_hsmtoken:272] data_ws","message":{"type":"cn","code":-99,"message":"Token is expired","s":"error"},"timestamp":"2026-01-31 12:47:13,147+0530","service":"FyersDataSocket"}
{"level":"ERROR","location":"[access_token_to_hsmtoken:272] data_ws","message":{"type":"cn","code":-99,"message":"Token is expired","s":"error"},"timestamp":"2026-01-31 12:47:33,149+0530","service":"FyersDataSocket"}
{"level":"ERROR","location":"[access_token_to_hsmtoken:272] data_ws","message":{"type":"cn","code":-99,"message":"Token is expired","s":"error"},"timestamp":"2026-01-31 12:47:48,163+0530","service":"FyersDataSocket"}
{"level":"ERROR","location":"[access_token_to_hsmtoken:272] data_ws","message":{"type":"cn","code":-99,"message":"Token is expired","s":"error"},"timestamp":"2026-01-31 12:48:03,213+0530","service":"FyersDataSocket"}
{"level":"ERROR","location":"[access_token_to_hsmtoken:272] data_ws","message":{"type":"cn","code":-99,"message":"Token is expired","s":"error"},"timestamp":"2026-01-31 12:48:18,381+0530","service":"FyersDataSocket"}
{"level":"ERROR","location":"[access_token_to_hsmtoken:272] data_ws","message":{"type":"cn","code":-99,"message":"Token is expired","s":"error"},"timestamp":"2026-01-31 12:48:33,528+0530","service":"FyersDataSocket"}
{"level":"ERROR","location":"[access_token_to_hsmtoken:272] data_ws","message":{"type":"cn","code":-99,"message":"Token is expired","s":"error"},"timestamp":"2026-01-31 12:48:51,785+0530","service":"FyersDataSocket"}
{"level":"ERROR","location":"[access_token_to_hsmtoken:272] data_ws","message":{"type":"cn","code":-99,"message":"Token is expired","s":"error"},"timestamp":"2026-01-31 12:49:06,809+0530","service":"FyersDataSocket"}
{"level":"ERROR","location":"[access_token_to_hsmtoken:272] data_ws","message":{"type":"cn","code":-99,"message":"Token is expired","s":"error"},"timestamp":"2026-01-31 12:49:21,892+0530","service":"FyersDataSocket"}
{"level":"ERROR","location":"[access_token_to_hsmtoken:272] data_ws","message":{"type":"cn","code":-99,"message":"Token is expired","s":"error"},"timestamp":"2026-01-31 12:49:37,912+0530","service":"FyersDataSocket"}
{"level":"ERROR","location":"[access_token_to_hsmtoken:272] data_ws","message":{"type":"cn","code":-99,"message":"Token is expired","s":"error"},"timestamp":"2026-01-31 12:49:52,966+0530","service":"FyersDataSocket"}
{"level":"ERROR","location":"[access_token_to_hsmtoken:272] data_ws","message":{"type":"cn","code":-99,"message":"Token is expired","s":"error"},"timestamp":"2026-01-31 12:50:07,958+0530","service":"FyersDataSocket"}
{"level":"ERROR","location":"[access_token_to_hsmtoken:272] data_ws","message":{"type":"cn","code":-99,"message":"Token is expired","s":"error"},"timestamp":"2026-01-31 12:50:22,993+0530","service":"FyersDataSocket"}
{"level":"ERROR","location":"[access_token_to_hsmtoken:272] data_ws","message":{"type":"cn","code":-99,"message":"Token is expired","s":"error"},"timestamp":"2026-01-31 12:50:37,994+0530","service":"FyersDataSocket"}
{"level":"ERROR","location":"[access_token_to_hsmtoken:272] data_ws","message":{"type":"cn","code":-99,"message":"Token is expired","s":"error"},"timestamp":"2026-01-31 12:50:52,996+0530","service":"FyersDataSocket"}
{"level":"ERROR","location":"[access_token_to_hsmtoken:272] data_ws","message":{"type":"cn","code":-99,"message":"Token is expired","s":"error"},"timestamp":"2026-01-31 12:51:08,189+0530","service":"FyersDataSocket"}
{"level":"ERROR","location":"[access_token_to_hsmtoken:272] data_ws","message":{"type":"cn","code":-99,"message":"Token is expired","s":"error"},"timestamp":"2026-01-31 12:51:23,225+0530","service":"FyersDataSocket"}
{"level":"ERROR","location":"[access_token_to_hsmtoken:272] data_ws","message":{"type":"cn","code":-99,"message":"Token is expired","s":"error"},"timestamp":"2026-01-31 12:51:38,248+0530","service":"FyersDataSocket"}
{"level":"ERROR","location":"[access_token_to_hsmtoken:272] data_ws","message":{"type":"cn","code":-99,"message":"Token is expired","s":"error"},"timestamp":"2026-01-31 12:51:53,230+0530","service":"FyersDataSocket"}
{"level":"ERROR","location":"[access_token_to_hsmtoken:272] data_ws","message":{"type":"cn","code":-99,"message":"Token is expired","s":"error"},"timestamp":"2026-01-31 12:52:13,224+0530","service":"FyersDataSocket"}
{"level":"ERROR","location":"[access_token_to_hsmtoken:272] data_ws","message":{"type":"cn","code":-99,"message":"Token is expired","s":"error"},"timestamp":"2026-01-31 12:52:28,292+0530","service":"FyersDataSocket"}
{"level":"ERROR","location":"[access_token_to_hsmtoken:272] data_ws","message":{"type":"cn","code":-99,"message":"Token is expired","s":"error"},"timestamp":"2026-01-31 12:52:43,532+0530","service":"FyersDataSocket"}
{"level":"ERROR","location":"[access_token_to_hsmtoken:272] data_ws","message":{"type":"cn","code":-99,"message":"Token is expired","s":"error"},"timestamp":"2026-01-31 12:52:58,564+0530","service":"FyersDataSocket"}
{"level":"ERROR","location":"[access_token_to_hsmtoken:272] data_ws","message":{"type":"cn","code":-99,"message":"Token is expired","s":"error"},"timestamp":"2026-01-31 12:53:13,598+0530","service":"FyersDataSocket"}
{"level":"ERROR","location":"[access_token_to_hsmtoken:272] data_ws","message":{"type":"cn","code":-99,"message":"Token is expired","s":"error"},"timestamp":"2026-01-31 12:53:28,738+0530","service":"FyersDataSocket"}
{"level":"ERROR","location":"[access_token_to_hsmtoken:272] data_ws","message":{"type":"cn","code":-99,"message":"Token is expired","s":"error"},"timestamp":"2026-01-31 12:53:45,629+0530","service":"FyersDataSocket"}
{"level":"ERROR","location":"[access_token_to_hsmtoken:272] data_ws","message":{"type":"cn","code":-99,"message":"Token is expired","s":"error"},"timestamp":"2026-01-31 12:53:59,998+0530","service":"FyersDataSocket"}
{"level":"ERROR","location":"[access_token_to_hsmtoken:272] data_ws","message":{"type":"cn","code":-99,"message":"Token is expired","s":"error"},"timestamp":"2026-01-31 12:54:20,008+0530","service":"FyersDataSocket"}
{"level":"ERROR","location":"[access_token_to_hsmtoken:272] data_ws","message":{"type":"cn","code":-99,"message":"Token is expired","s":"error"},"timestamp":"2026-01-31 12:54:35,025+0530","service":"FyersDataSocket"}
{"level":"ERROR","location":"[access_token_to_hsmtoken:272] data_ws","message":{"type":"cn","code":-99,"message":"Token is expired","s":"error"},"timestamp":"2026-01-31 12:54:55,005+0530","service":"FyersDataSocket"}
{"level":"ERROR","location":"[access_token_to_hsmtoken:272] data_ws","message":{"type":"cn","code":-99,"message":"Token is expired","s":"error"},"timestamp":"2026-01-31 12:55:10,042+0530","service":"FyersDataSocket"}
{"level":"ERROR","location":"[access_token_to_hsmtoken:272] data_ws","message":{"type":"cn","code":-99,"message":"Token is expired","s":"error"},"timestamp":"2026-01-31 12:55:25,830+0530","service":"FyersDataSocket"}
{"level":"ERROR","location":"[access_token_to_hsmtoken:272] data_ws","message":{"type":"cn","code":-99,"message":"Token is expired","s":"error"},"timestamp":"2026-01-31 12:55:40,965+0530","service":"FyersDataSocket"}
{"level":"ERROR","location":"[access_token_to_hsmtoken:272] data_ws","message":{"type":"cn","code":-99,"message":"Token is expired","s":"error"},"timestamp":"2026-01-31 12:55:55,987+0530","service":"FyersDataSocket"}
{"level":"ERROR","location":"[access_token_to_hsmtoken:272] data_ws","message":{"type":"cn","code":-99,"message":"Token is expired","s":"error"},"timestamp":"2026-01-31 12:56:15,967+0530","service":"FyersDataSocket"}
{"level":"ERROR","location":"[access_token_to_hsmtoken:272] data_ws","message":{"type":"cn","code":-99,"message":"Token is expired","s":"error"},"timestamp":"2026-01-31 12:56:35,961+0530","service":"FyersDataSocket"}
{"level":"ERROR","location":"[access_token_to_hsmtoken:272] data_ws","message":{"type":"cn","code":-99,"message":"Token is expired","s":"error"},"timestamp":"2026-01-31 12:56:51,130+0530","service":"FyersDataSocket"}
{"level":"ERROR","location":"[access_token_to_hsmtoken:272] data_ws","message":{"type":"cn","code":-99,"message":"Token is expired","s":"error"},"timestamp":"2026-01-31 12:57:06,143+0530","service":"FyersDataSocket"}
{"level":"ERROR","location":"[access_token_to_hsmtoken:272] data_ws","message":{"type":"cn","code":-99,"message":"Token is expired","s":"error"},"timestamp":"2026-01-31 12:57:21,180+0530","service":"FyersDataSocket"}
{"level":"ERROR","location":"[access_token_to_hsmtoken:272] data_ws","message":{"type":"cn","code":-99,"message":"Token is expired","s":"error"},"timestamp":"2026-01-31 12:57:36,201+0530","service":"FyersDataSocket"}
{"level":"ERROR","location":"[access_token_to_hsmtoken:272] data_ws","message":{"type":"cn","code":-99,"message":"Token is expired","s":"error"},"timestamp":"2026-01-31 12:57:51,254+0530","service":"FyersDataSocket"}
{"level":"ERROR","location":"[access_token_to_hsmtoken:272] data_ws","message":{"type":"cn","code":-99,"message":"Token is expired","s":"error"},"timestamp":"2026-01-31 12:58:06,254+0530","service":"FyersDataSocket"}
{"level":"ERROR","location":"[access_token_to_hsmtoken:272] data_ws","message":{"type":"cn","code":-99,"message":"Token is expired","s":"error"},"timestamp":"2026-01-31 12:58:21,288+0530","service":"FyersDataSocket"}
{"level":"ERROR","location":"[access_token_to_hsmtoken:272] data_ws","message":{"type":"cn","code":-99,"message":"Token is expired","s":"error"},"timestamp":"2026-01-31 12:58:36,293+0530","service":"FyersDataSocket"}
{"level":"ERROR","location":"[access_token_to_hsmtoken:272] data_ws","message":{"type":"cn","code":-99,"message":"Token is expired","s":"error"},"timestamp":"2026-01-31 12:58:51,301+0530","service":"FyersDataSocket"}
{"level":"ERROR","location":"[access_token_to_hsmtoken:272] data_ws","message":{"type":"cn","code":-99,"message":"Token is expired","s":"error"},"timestamp":"2026-01-31 12:59:06,303+0530","service":"FyersDataSocket"}
{"level":"ERROR","location":"[access_token_to_hsmtoken:272] data_ws","message":{"type":"cn","code":-99,"message":"Token is expired","s":"error"},"timestamp":"2026-01-31 12:59:21,363+0530","service":"FyersDataSocket"}
{"level":"ERROR","location":"[access_token_to_hsmtoken:272] data_ws","message":{"type":"cn","code":-99,"message":"Token is expired","s":"error"},"timestamp":"2026-01-31 12:59:36,404+0530","service":"FyersDataSocket"}
{"level":"ERROR","location":"[access_token_to_hsmtoken:272] data_ws","message":{"type":"cn","code":-99,"message":"Token is expired","s":"error"},"timestamp":"2026-01-31 12:59:56,404+0530","service":"FyersDataSocket"}
{"level":"ERROR","location":"[access_token_to_hsmtoken:272] data_ws","message":{"type":"cn","code":-99,"message":"Token is expired","s":"error"},"timestamp":"2026-01-31 13:00:11,537+0530","service":"FyersDataSocket"}
{"level":"ERROR","location":"[access_token_to_hsmtoken:272] data_ws","message":{"type":"cn","code":-99,"message":"Token is expired","s":"error"},"timestamp":"2026-01-31 13:00:26,478+0530","service":"FyersDataSocket"}
{"level":"ERROR","location":"[access_token_to_hsmtoken:272] data_ws","message":{"type":"cn","code":-99,"message":"Token is expired","s":"error"},"timestamp":"2026-01-31 13:00:46,463+0530","service":"FyersDataSocket"}
{"level":"ERROR","location":"[access_token_to_hsmtoken:272] data_ws","message":{"type":"cn","code":-99,"message":"Token is expired","s":"error"},"timestamp":"2026-01-31 13:01:06,480+0530","service":"FyersDataSocket"}
{"level":"ERROR","location":"[access_token_to_hsmtoken:272] data_ws","message":{"type":"cn","code":-99,"message":"Token is expired","s":"error"},"timestamp":"2026-01-31 13:01:22,077+0530","service":"FyersDataSocket"}
{"level":"ERROR","location":"[access_token_to_hsmtoken:272] data_ws","message":{"type":"cn","code":-99,"message":"Token is expired","s":"error"},"timestamp":"2026-01-31 13:01:41,500+0530","service":"FyersDataSocket"}
{"level":"ERROR","location":"[access_token_to_hsmtoken:272] data_ws","message":{"type":"cn","code":-99,"message":"Token is expired","s":"error"},"timestamp":"2026-01-31 13:01:56,603+0530","service":"FyersDataSocket"}
{"level":"ERROR","location":"[access_token_to_hsmtoken:272] data_ws","message":{"type":"cn","code":-99,"message":"Token is expired","s":"error"},"timestamp":"2026-01-31 13:02:11,671+0530","service":"FyersDataSocket"}
{"level":"ERROR","location":"[access_token_to_hsmtoken:272] data_ws","message":{"type":"cn","code":-99,"message":"Token is expired","s":"error"},"timestamp":"2026-01-31 13:02:26,646+0530","service":"FyersDataSocket"}
{"level":"ERROR","location":"[access_token_to_hsmtoken:272] data_ws","message":{"type":"cn","code":-99,"message":"Token is expired","s":"error"},"timestamp":"2026-01-31 13:02:41,681+0530","service":"FyersDataSocket"}
{"level":"ERROR","location":"[access_token_to_hsmtoken:272] data_ws","message":{"type":"cn","code":-99,"message":"Token is expired","s":"error"},"timestamp":"2026-01-31 13:02:56,760+0530","service":"FyersDataSocket"}
{"level":"ERROR","location":"[access_token_to_hsmtoken:272] data_ws","message":{"type":"cn","code":-99,"message":"Token is expired","s":"error"},"timestamp":"2026-01-31 13:03:14,695+0530","service":"FyersDataSocket"}
{"level":"ERROR","location":"[access_token_to_hsmtoken:272] data_ws","message":{"type":"cn","code":-99,"message":"Token is expired","s":"error"},"timestamp":"2026-01-31 13:03:30,089+0530","service":"FyersDataSocket"}
{"level":"ERROR","location":"[access_token_to_hsmtoken:272] data_ws","message":{"type":"cn","code":-99,"message":"Token is expired","s":"error"},"timestamp":"2026-01-31 13:03:45,147+0530","service":"FyersDataSocket"}
{"level":"ERROR","location":"[access_token_to_hsmtoken:272] data_ws","message":{"type":"cn","code":-99,"message":"Token is expired","s":"error"},"timestamp":"2026-01-31 13:04:00,340+0530","service":"FyersDataSocket"}
{"level":"ERROR","location":"[access_token_to_hsmtoken:272] data_ws","message":{"type":"cn","code":-99,"message":"Token is expired","s":"error"},"timestamp":"2026-01-31 13:04:15,360+0530","service":"FyersDataSocket"}
{"level":"ERROR","location":"[access_token_to_hsmtoken:272] data_ws","message":{"type":"cn","code":-99,"message":"Token is expired","s":"error"},"timestamp":"2026-01-31 13:04:30,384+0530","service":"FyersDataSocket"}
{"level":"ERROR","location":"[access_token_to_hsmtoken:272] data_ws","message":{"type":"cn","code":-99,"message":"Token is expired","s":"error"},"timestamp":"2026-01-31 13:04:45,471+0530","service":"FyersDataSocket"}
{"level":"ERROR","location":"[access_token_to_hsmtoken:272] data_ws","message":{"type":"cn","code":-99,"message":"Token is expired","s":"error"},"timestamp":"2026-01-31 13:05:00,634+0530","service":"FyersDataSocket"}
{"level":"ERROR","location":"[access_token_to_hsmtoken:272] data_ws","message":{"type":"cn","code":-99,"message":"Token is expired","s":"error"},"timestamp":"2026-01-31 13:05:15,655+0530","service":"FyersDataSocket"}
{"level":"ERROR","location":"[access_token_to_hsmtoken:272] data_ws","message":{"type":"cn","code":-99,"message":"Token is expired","s":"error"},"timestamp":"2026-01-31 13:05:30,659+0530","service":"FyersDataSocket"}
{"level":"ERROR","location":"[access_token_to_hsmtoken:272] data_ws","message":{"type":"cn","code":-99,"message":"Token is expired","s":"error"},"timestamp":"2026-01-31 13:05:45,678+0530","service":"FyersDataSocket"}
{"level":"ERROR","location":"[access_token_to_hsmtoken:272] data_ws","message":{"type":"cn","code":-99,"message":"Token is expired","s":"error"},"timestamp":"2026-01-31 13:06:05,676+0530","service":"FyersDataSocket"}
{"level":"ERROR","location":"[access_token_to_hsmtoken:272] data_ws","message":{"type":"cn","code":-99,"message":"Token is expired","s":"error"},"timestamp":"2026-01-31 13:06:20,707+0530","service":"FyersDataSocket"}
{"level":"ERROR","location":"[access_token_to_hsmtoken:272] data_ws","message":{"type":"cn","code":-99,"message":"Token is expired","s":"error"},"timestamp":"2026-01-31 13:06:35,742+0530","service":"FyersDataSocket"}
{"level":"ERROR","location":"[access_token_to_hsmtoken:272] data_ws","message":{"type":"cn","code":-99,"message":"Token is expired","s":"error"},"timestamp":"2026-01-31 13:06:50,756+0530","service":"FyersDataSocket"}
{"level":"ERROR","location":"[access_token_to_hsmtoken:272] data_ws","message":{"type":"cn","code":-99,"message":"Token is expired","s":"error"},"timestamp":"2026-01-31 13:07:06,304+0530","service":"FyersDataSocket"}
{"level":"ERROR","location":"[access_token_to_hsmtoken:272] data_ws","message":{"type":"cn","code":-99,"message":"Token is expired","s":"error"},"timestamp":"2026-01-31 13:07:21,316+0530","service":"FyersDataSocket"}
{"level":"ERROR","location":"[access_token_to_hsmtoken:272] data_ws","message":{"type":"cn","code":-99,"message":"Token is expired","s":"error"},"timestamp":"2026-01-31 13:07:36,397+0530","service":"FyersDataSocket"}
{"level":"ERROR","location":"[access_token_to_hsmtoken:272] data_ws","message":{"type":"cn","code":-99,"message":"Token is expired","s":"error"},"timestamp":"2026-01-31 13:07:51,390+0530","service":"FyersDataSocket"}
{"level":"ERROR","location":"[access_token_to_hsmtoken:272] data_ws","message":{"type":"cn","code":-99,"message":"Token is expired","s":"error"},"timestamp":"2026-01-31 13:08:07,095+0530","service":"FyersDataSocket"}
{"level":"ERROR","location":"[access_token_to_hsmtoken:272] data_ws","message":{"type":"cn","code":-99,"message":"Token is expired","s":"error"},"timestamp":"2026-01-31 13:08:22,121+0530","service":"FyersDataSocket"}
{"level":"ERROR","location":"[access_token_to_hsmtoken:272] data_ws","message":{"type":"cn","code":-99,"message":"Token is expired","s":"error"},"timestamp":"2026-01-31 13:08:37,150+0530","service":"FyersDataSocket"}
{"level":"ERROR","location":"[access_token_to_hsmtoken:272] data_ws","message":{"type":"cn","code":-99,"message":"Token is expired","s":"error"},"timestamp":"2026-01-31 13:08:52,177+0530","service":"FyersDataSocket"}
{"level":"ERROR","location":"[access_token_to_hsmtoken:272] data_ws","message":{"type":"cn","code":-99,"message":"Token is expired","s":"error"},"timestamp":"2026-01-31 13:09:07,506+0530","service":"FyersDataSocket"}
{"level":"ERROR","location":"[access_token_to_hsmtoken:272] data_ws","message":{"type":"cn","code":-99,"message":"Token is expired","s":"error"},"timestamp":"2026-01-31 13:09:22,404+0530","service":"FyersDataSocket"}
{"level":"ERROR","location":"[access_token_to_hsmtoken:272] data_ws","message":{"type":"cn","code":-99,"message":"Token is expired","s":"error"},"timestamp":"2026-01-31 13:09:37,423+0530","service":"FyersDataSocket"}
{"level":"ERROR","location":"[access_token_to_hsmtoken:272] data_ws","message":{"type":"cn","code":-99,"message":"Token is expired","s":"error"},"timestamp":"2026-01-31 13:09:52,475+0530","service":"FyersDataSocket"}
{"level":"ERROR","location":"[access_token_to_hsmtoken:272] data_ws","message":{"type":"cn","code":-99,"message":"Token is expired","s":"error"},"timestamp":"2026-01-31 13:10:07,471+0530","service":"FyersDataSocket"}
{"level":"ERROR","location":"[access_token_to_hsmtoken:272] data_ws","message":{"type":"cn","code":-99,"message":"Token is expired","s":"error"},"timestamp":"2026-01-31 13:10:22,557+0530","service":"FyersDataSocket"}
{"level":"ERROR","location":"[access_token_to_hsmtoken:272] data_ws","message":{"type":"cn","code":-99,"message":"Token is expired","s":"error"},"timestamp":"2026-01-31 13:10:38,130+0530","service":"FyersDataSocket"}
{"level":"ERROR","location":"[access_token_to_hsmtoken:272] data_ws","message":{"type":"cn","code":-99,"message":"Token is expired","s":"error"},"timestamp":"2026-01-31 13:10:55,917+0530","service":"FyersDataSocket"}
{"level":"ERROR","location":"[access_token_to_hsmtoken:272] data_ws","message":{"type":"cn","code":-99,"message":"Token is expired","s":"error"},"timestamp":"2026-01-31 13:11:13,952+0530","service":"FyersDataSocket"}
{"level":"ERROR","location":"[access_token_to_hsmtoken:272] data_ws","message":{"type":"cn","code":-99,"message":"Token is expired","s":"error"},"timestamp":"2026-01-31 13:11:29,155+0530","service":"FyersDataSocket"}
{"level":"ERROR","location":"[access_token_to_hsmtoken:272] data_ws","message":{"type":"cn","code":-99,"message":"Token is expired","s":"error"},"timestamp":"2026-01-31 13:11:44,336+0530","service":"FyersDataSocket"}
{"level":"ERROR","location":"[access_token_to_hsmtoken:272] data_ws","message":{"type":"cn","code":-99,"message":"Token is expired","s":"error"},"timestamp":"2026-01-31 13:11:59,355+0530","service":"FyersDataSocket"}
{"level":"ERROR","location":"[access_token_to_hsmtoken:272] data_ws","message":{"type":"cn","code":-99,"message":"Token is expired","s":"error"},"timestamp":"2026-01-31 13:12:14,228+0530","service":"FyersDataSocket"}
{"level":"ERROR","location":"[access_token_to_hsmtoken:272] data_ws","message":{"type":"cn","code":-99,"message":"Token is expired","s":"error"},"timestamp":"2026-01-31 13:12:29,246+0530","service":"FyersDataSocket"}
{"level":"ERROR","location":"[access_token_to_hsmtoken:272] data_ws","message":{"type":"cn","code":-99,"message":"Token is expired","s":"error"},"timestamp":"2026-01-31 13:12:44,287+0530","service":"FyersDataSocket"}
{"level":"ERROR","location":"[access_token_to_hsmtoken:272] data_ws","message":{"type":"cn","code":-99,"message":"Token is expired","s":"error"},"timestamp":"2026-01-31 13:12:59,302+0530","service":"FyersDataSocket"}
{"level":"ERROR","location":"[access_token_to_hsmtoken:272] data_ws","message":{"type":"cn","code":-99,"message":"Token is expired","s":"error"},"timestamp":"2026-01-31 13:13:14,325+0530","service":"FyersDataSocket"}
{"level":"ERROR","location":"[access_token_to_hsmtoken:272] data_ws","message":{"type":"cn","code":-99,"message":"Token is expired","s":"error"},"timestamp":"2026-01-31 13:13:29,348+0530","service":"FyersDataSocket"}
{"level":"ERROR","location":"[access_token_to_hsmtoken:272] data_ws","message":{"type":"cn","code":-99,"message":"Token is expired","s":"error"},"timestamp":"2026-01-31 13:13:45,156+0530","service":"FyersDataSocket"}
{"level":"ERROR","location":"[access_token_to_hsmtoken:272] data_ws","message":{"type":"cn","code":-99,"message":"Token is expired","s":"error"},"timestamp":"2026-01-31 13:14:00,167+0530","service":"FyersDataSocket"}
{"level":"ERROR","location":"[access_token_to_hsmtoken:272] data_ws","message":{"type":"cn","code":-99,"message":"Token is expired","s":"error"},"timestamp":"2026-01-31 13:14:15,182+0530","service":"FyersDataSocket"}
{"level":"ERROR","location":"[access_token_to_hsmtoken:272] data_ws","message":{"type":"cn","code":-99,"message":"Token is expired","s":"error"},"timestamp":"2026-01-31 13:14:35,190+0530","service":"FyersDataSocket"}
{"level":"ERROR","location":"[access_token_to_hsmtoken:272] data_ws","message":{"type":"cn","code":-99,"message":"Token is expired","s":"error"},"timestamp":"2026-01-31 13:14:50,231+0530","service":"FyersDataSocket"}
{"level":"ERROR","location":"[access_token_to_hsmtoken:272] data_ws","message":{"type":"cn","code":-99,"message":"Token is expired","s":"error"},"timestamp":"2026-01-31 13:15:10,338+0530","service":"FyersDataSocket"}
{"level":"ERROR","location":"[access_token_to_hsmtoken:272] data_ws","message":{"type":"cn","code":-99,"message":"Token is expired","s":"error"},"timestamp":"2026-01-31 13:15:25,224+0530","service":"FyersDataSocket"}
{"level":"ERROR","location":"[access_token_to_hsmtoken:272] data_ws","message":{"type":"cn","code":-99,"message":"Token is expired","s":"error"},"timestamp":"2026-01-31 13:15:40,279+0530","service":"FyersDataSocket"}
{"level":"ERROR","location":"[access_token_to_hsmtoken:272] data_ws","message":{"type":"cn","code":-99,"message":"Token is expired","s":"error"},"timestamp":"2026-01-31 13:15:55,762+0530","service":"FyersDataSocket"}
{"level":"ERROR","location":"[access_token_to_hsmtoken:272] data_ws","message":{"type":"cn","code":-99,"message":"Token is expired","s":"error"},"timestamp":"2026-01-31 13:16:10,774+0530","service":"FyersDataSocket"}
{"level":"ERROR","location":"[access_token_to_hsmtoken:272] data_ws","message":{"type":"cn","code":-99,"message":"Token is expired","s":"error"},"timestamp":"2026-01-31 13:16:25,791+0530","service":"FyersDataSocket"}
{"level":"ERROR","location":"[access_token_to_hsmtoken:272] data_ws","message":{"type":"cn","code":-99,"message":"Token is expired","s":"error"},"timestamp":"2026-01-31 13:16:45,789+0530","service":"FyersDataSocket"}
{"level":"ERROR","location":"[access_token_to_hsmtoken:272] data_ws","message":{"type":"cn","code":-99,"message":"Token is expired","s":"error"},"timestamp":"2026-01-31 13:17:00,840+0530","service":"FyersDataSocket"}
{"level":"ERROR","location":"[access_token_to_hsmtoken:272] data_ws","message":{"type":"cn","code":-99,"message":"Token is expired","s":"error"},"timestamp":"2026-01-31 13:17:20,859+0530","service":"FyersDataSocket"}
{"level":"ERROR","location":"[access_token_to_hsmtoken:272] data_ws","message":{"type":"cn","code":-99,"message":"Token is expired","s":"error"},"timestamp":"2026-01-31 13:17:35,880+0530","service":"FyersDataSocket"}
{"level":"ERROR","location":"[access_token_to_hsmtoken:272] data_ws","message":{"type":"cn","code":-99,"message":"Token is expired","s":"error"},"timestamp":"2026-01-31 13:17:50,902+0530","service":"FyersDataSocket"}
{"level":"ERROR","location":"[access_token_to_hsmtoken:272] data_ws","message":{"type":"cn","code":-99,"message":"Token is expired","s":"error"},"timestamp":"2026-01-31 13:18:05,904+0530","service":"FyersDataSocket"}
{"level":"ERROR","location":"[access_token_to_hsmtoken:272] data_ws","message":{"type":"cn","code":-99,"message":"Token is expired","s":"error"},"timestamp":"2026-01-31 13:18:20,931+0530","service":"FyersDataSocket"}
{"level":"ERROR","location":"[access_token_to_hsmtoken:272] data_ws","message":{"type":"cn","code":-99,"message":"Token is expired","s":"error"},"timestamp":"2026-01-31 13:18:35,933+0530","service":"FyersDataSocket"}
{"level":"ERROR","location":"[access_token_to_hsmtoken:272] data_ws","message":{"type":"cn","code":-99,"message":"Token is expired","s":"error"},"timestamp":"2026-01-31 13:18:50,951+0530","service":"FyersDataSocket"}
{"level":"ERROR","location":"[access_token_to_hsmtoken:272] data_ws","message":{"type":"cn","code":-99,"message":"Token is expired","s":"error"},"timestamp":"2026-01-31 13:19:05,987+0530","service":"FyersDataSocket"}
{"level":"ERROR","location":"[access_token_to_hsmtoken:272] data_ws","message":{"type":"cn","code":-99,"message":"Token is expired","s":"error"},"timestamp":"2026-01-31 13:19:21,212+0530","service":"FyersDataSocket"}
{"level":"ERROR","location":"[access_token_to_hsmtoken:272] data_ws","message":{"type":"cn","code":-99,"message":"Token is expired","s":"error"},"timestamp":"2026-01-31 13:19:36,233+0530","service":"FyersDataSocket"}
{"level":"ERROR","location":"[access_token_to_hsmtoken:272] data_ws","message":{"type":"cn","code":-99,"message":"Token is expired","s":"error"},"timestamp":"2026-01-31 13:19:51,256+0530","service":"FyersDataSocket"}
{"level":"ERROR","location":"[access_token_to_hsmtoken:272] data_ws","message":{"type":"cn","code":-99,"message":"Token is expired","s":"error"},"timestamp":"2026-01-31 13:20:06,292+0530","service":"FyersDataSocket"}
{"level":"ERROR","location":"[access_token_to_hsmtoken:272] data_ws","message":{"type":"cn","code":-99,"message":"Token is expired","s":"error"},"timestamp":"2026-01-31 13:20:21,317+0530","service":"FyersDataSocket"}
{"level":"ERROR","location":"[access_token_to_hsmtoken:272] data_ws","message":{"type":"cn","code":-99,"message":"Token is expired","s":"error"},"timestamp":"2026-01-31 13:20:36,333+0530","service":"FyersDataSocket"}
{"level":"ERROR","location":"[access_token_to_hsmtoken:272] data_ws","message":{"type":"cn","code":-99,"message":"Token is expired","s":"error"},"timestamp":"2026-01-31 13:20:51,337+0530","service":"FyersDataSocket"}
{"level":"ERROR","location":"[access_token_to_hsmtoken:272] data_ws","message":{"type":"cn","code":-99,"message":"Token is expired","s":"error"},"timestamp":"2026-01-31 13:21:06,347+0530","service":"FyersDataSocket"}
{"level":"ERROR","location":"[access_token_to_hsmtoken:272] data_ws","message":{"type":"cn","code":-99,"message":"Token is expired","s":"error"},"timestamp":"2026-01-31 13:21:21,367+0530","service":"FyersDataSocket"}
{"level":"ERROR","location":"[access_token_to_hsmtoken:272] data_ws","message":{"type":"cn","code":-99,"message":"Token is expired","s":"error"},"timestamp":"2026-01-31 13:21:41,386+0530","service":"FyersDataSocket"}
{"level":"ERROR","location":"[access_token_to_hsmtoken:272] data_ws","message":{"type":"cn","code":-99,"message":"Token is expired","s":"error"},"timestamp":"2026-01-31 13:21:56,388+0530","service":"FyersDataSocket"}
{"level":"ERROR","location":"[access_token_to_hsmtoken:272] data_ws","message":{"type":"cn","code":-99,"message":"Token is expired","s":"error"},"timestamp":"2026-01-31 13:22:11,404+0530","service":"FyersDataSocket"}
{"level":"ERROR","location":"[access_token_to_hsmtoken:272] data_ws","message":{"type":"cn","code":-99,"message":"Token is expired","s":"error"},"timestamp":"2026-01-31 13:22:31,382+0530","service":"FyersDataSocket"}
{"level":"ERROR","location":"[access_token_to_hsmtoken:272] data_ws","message":{"type":"cn","code":-99,"message":"Token is expired","s":"error"},"timestamp":"2026-01-31 13:22:46,565+0530","service":"FyersDataSocket"}
{"level":"ERROR","location":"[access_token_to_hsmtoken:272] data_ws","message":{"type":"cn","code":-99,"message":"Token is expired","s":"error"},"timestamp":"2026-01-31 13:23:01,552+0530","service":"FyersDataSocket"}
{"level":"ERROR","location":"[access_token_to_hsmtoken:272] data_ws","message":{"type":"cn","code":-99,"message":"Token is expired","s":"error"},"timestamp":"2026-01-31 13:23:16,576+0530","service":"FyersDataSocket"}
{"level":"ERROR","location":"[access_token_to_hsmtoken:272] data_ws","message":{"type":"cn","code":-99,"message":"Token is expired","s":"error"},"timestamp":"2026-01-31 13:23:31,961+0530","service":"FyersDataSocket"}
{"level":"ERROR","location":"[access_token_to_hsmtoken:272] data_ws","message":{"type":"cn","code":-99,"message":"Token is expired","s":"error"},"timestamp":"2026-01-31 13:23:47,016+0530","service":"FyersDataSocket"}
{"level":"ERROR","location":"[access_token_to_hsmtoken:272] data_ws","message":{"type":"cn","code":-99,"message":"Token is expired","s":"error"},"timestamp":"2026-01-31 13:24:02,309+0530","service":"FyersDataSocket"}
{"level":"ERROR","location":"[access_token_to_hsmtoken:272] data_ws","message":{"type":"cn","code":-99,"message":"Token is expired","s":"error"},"timestamp":"2026-01-31 13:24:17,314+0530","service":"FyersDataSocket"}
{"level":"ERROR","location":"[access_token_to_hsmtoken:272] data_ws","message":{"type":"cn","code":-99,"message":"Token is expired","s":"error"},"timestamp":"2026-01-31 13:24:37,300+0530","service":"FyersDataSocket"}
{"level":"ERROR","location":"[access_token_to_hsmtoken:272] data_ws","message":{"type":"cn","code":-99,"message":"Token is expired","s":"error"},"timestamp":"2026-01-31 13:24:52,317+0530","service":"FyersDataSocket"}
{"level":"ERROR","location":"[access_token_to_hsmtoken:272] data_ws","message":{"type":"cn","code":-99,"message":"Token is expired","s":"error"},"timestamp":"2026-01-31 13:25:07,328+0530","service":"FyersDataSocket"}
{"level":"ERROR","location":"[access_token_to_hsmtoken:272] data_ws","message":{"type":"cn","code":-99,"message":"Token is expired","s":"error"},"timestamp":"2026-01-31 13:25:22,331+0530","service":"FyersDataSocket"}
{"level":"ERROR","location":"[access_token_to_hsmtoken:272] data_ws","message":{"type":"cn","code":-99,"message":"Token is expired","s":"error"},"timestamp":"2026-01-31 13:25:37,350+0530","service":"FyersDataSocket"}
{"level":"ERROR","location":"[access_token_to_hsmtoken:272] data_ws","message":{"type":"cn","code":-99,"message":"Token is expired","s":"error"},"timestamp":"2026-01-31 13:25:57,351+0530","service":"FyersDataSocket"}
{"level":"ERROR","location":"[access_token_to_hsmtoken:272] data_ws","message":{"type":"cn","code":-99,"message":"Token is expired","s":"error"},"timestamp":"2026-01-31 13:26:12,379+0530","service":"FyersDataSocket"}
{"level":"ERROR","location":"[access_token_to_hsmtoken:272] data_ws","message":{"type":"cn","code":-99,"message":"Token is expired","s":"error"},"timestamp":"2026-01-31 13:26:27,405+0530","service":"FyersDataSocket"}
{"level":"ERROR","location":"[access_token_to_hsmtoken:272] data_ws","message":{"type":"cn","code":-99,"message":"Token is expired","s":"error"},"timestamp":"2026-01-31 13:26:42,409+0530","service":"FyersDataSocket"}
{"level":"ERROR","location":"[access_token_to_hsmtoken:272] data_ws","message":{"type":"cn","code":-99,"message":"Token is expired","s":"error"},"timestamp":"2026-01-31 13:26:57,448+0530","service":"FyersDataSocket"}
{"level":"ERROR","location":"[access_token_to_hsmtoken:272] data_ws","message":{"type":"cn","code":-99,"message":"Token is expired","s":"error"},"timestamp":"2026-01-31 13:27:17,456+0530","service":"FyersDataSocket"}
{"level":"ERROR","location":"[access_token_to_hsmtoken:272] data_ws","message":{"type":"cn","code":-99,"message":"Token is expired","s":"error"},"timestamp":"2026-01-31 13:27:32,488+0530","service":"FyersDataSocket"}
{"level":"ERROR","location":"[access_token_to_hsmtoken:272] data_ws","message":{"type":"cn","code":-99,"message":"Token is expired","s":"error"},"timestamp":"2026-01-31 13:27:47,538+0530","service":"FyersDataSocket"}
{"level":"ERROR","location":"[access_token_to_hsmtoken:272] data_ws","message":{"type":"cn","code":-99,"message":"Token is expired","s":"error"},"timestamp":"2026-01-31 13:28:02,558+0530","service":"FyersDataSocket"}
{"level":"ERROR","location":"[access_token_to_hsmtoken:272] data_ws","message":{"type":"cn","code":-99,"message":"Token is expired","s":"error"},"timestamp":"2026-01-31 13:28:22,562+0530","service":"FyersDataSocket"}
{"level":"ERROR","location":"[access_token_to_hsmtoken:272] data_ws","message":{"type":"cn","code":-99,"message":"Token is expired","s":"error"},"timestamp":"2026-01-31 13:28:37,569+0530","service":"FyersDataSocket"}
{"level":"ERROR","location":"[access_token_to_hsmtoken:272] data_ws","message":{"type":"cn","code":-99,"message":"Token is expired","s":"error"},"timestamp":"2026-01-31 13:28:57,576+0530","service":"FyersDataSocket"}
{"level":"ERROR","location":"[access_token_to_hsmtoken:272] data_ws","message":{"type":"cn","code":-99,"message":"Token is expired","s":"error"},"timestamp":"2026-01-31 13:29:12,581+0530","service":"FyersDataSocket"}
{"level":"ERROR","location":"[access_token_to_hsmtoken:272] data_ws","message":{"type":"cn","code":-99,"message":"Token is expired","s":"error"},"timestamp":"2026-01-31 13:29:27,599+0530","service":"FyersDataSocket"}
{"level":"ERROR","location":"[access_token_to_hsmtoken:272] data_ws","message":{"type":"cn","code":-99,"message":"Token is expired","s":"error"},"timestamp":"2026-01-31 13:29:42,790+0530","service":"FyersDataSocket"}
{"level":"ERROR","location":"[access_token_to_hsmtoken:272] data_ws","message":{"type":"cn","code":-99,"message":"Token is expired","s":"error"},"timestamp":"2026-01-31 13:29:57,824+0530","service":"FyersDataSocket"}
{"level":"ERROR","location":"[access_token_to_hsmtoken:272] data_ws","message":{"type":"cn","code":-99,"message":"Token is expired","s":"error"},"timestamp":"2026-01-31 13:30:12,863+0530","service":"FyersDataSocket"}
{"level":"ERROR","location":"[access_token_to_hsmtoken:272] data_ws","message":{"type":"cn","code":-99,"message":"Token is expired","s":"error"},"timestamp":"2026-01-31 13:30:27,865+0530","service":"FyersDataSocket"}
{"level":"ERROR","location":"[access_token_to_hsmtoken:272] data_ws","message":{"type":"cn","code":-99,"message":"Token is expired","s":"error"},"timestamp":"2026-01-31 13:30:42,906+0530","service":"FyersDataSocket"}
{"level":"ERROR","location":"[access_token_to_hsmtoken:272] data_ws","message":{"type":"cn","code":-99,"message":"Token is expired","s":"error"},"timestamp":"2026-01-31 13:30:57,932+0530","service":"FyersDataSocket"}
{"level":"ERROR","location":"[access_token_to_hsmtoken:272] data_ws","message":{"type":"cn","code":-99,"message":"Token is expired","s":"error"},"timestamp":"2026-01-31 13:31:12,934+0530","service":"FyersDataSocket"}
{"level":"ERROR","location":"[access_token_to_hsmtoken:272] data_ws","message":{"type":"cn","code":-99,"message":"Token is expired","s":"error"},"timestamp":"2026-01-31 13:31:32,912+0530","service":"FyersDataSocket"}
{"level":"ERROR","location":"[access_token_to_hsmtoken:272] data_ws","message":{"type":"cn","code":-99,"message":"Token is expired","s":"error"},"timestamp":"2026-01-31 13:31:47,915+0530","service":"FyersDataSocket"}
{"level":"ERROR","location":"[access_token_to_hsmtoken:272] data_ws","message":{"type":"cn","code":-99,"message":"Token is expired","s":"error"},"timestamp":"2026-01-31 13:32:02,966+0530","service":"FyersDataSocket"}
{"level":"ERROR","location":"[access_token_to_hsmtoken:272] data_ws","message":{"type":"cn","code":-99,"message":"Token is expired","s":"error"},"timestamp":"2026-01-31 13:32:17,984+0530","service":"FyersDataSocket"}
{"level":"ERROR","location":"[access_token_to_hsmtoken:272] data_ws","message":{"type":"cn","code":-99,"message":"Token is expired","s":"error"},"timestamp":"2026-01-31 13:32:37,972+0530","service":"FyersDataSocket"}
{"level":"ERROR","location":"[access_token_to_hsmtoken:272] data_ws","message":{"type":"cn","code":-99,"message":"Token is expired","s":"error"},"timestamp":"2026-01-31 13:32:52,980+0530","service":"FyersDataSocket"}
{"level":"ERROR","location":"[access_token_to_hsmtoken:272] data_ws","message":{"type":"cn","code":-99,"message":"Token is expired","s":"error"},"timestamp":"2026-01-31 13:33:07,987+0530","service":"FyersDataSocket"}
{"level":"ERROR","location":"[access_token_to_hsmtoken:272] data_ws","message":{"type":"cn","code":-99,"message":"Token is expired","s":"error"},"timestamp":"2026-01-31 13:33:23,013+0530","service":"FyersDataSocket"}
{"level":"ERROR","location":"[access_token_to_hsmtoken:272] data_ws","message":{"type":"cn","code":-99,"message":"Token is expired","s":"error"},"timestamp":"2026-01-31 13:33:38,028+0530","service":"FyersDataSocket"}
{"level":"ERROR","location":"[access_token_to_hsmtoken:272] data_ws","message":{"type":"cn","code":-99,"message":"Token is expired","s":"error"},"timestamp":"2026-01-31 13:33:58,021+0530","service":"FyersDataSocket"}
{"level":"ERROR","location":"[access_token_to_hsmtoken:272] data_ws","message":{"type":"cn","code":-99,"message":"Token is expired","s":"error"},"timestamp":"2026-01-31 13:34:13,059+0530","service":"FyersDataSocket"}
{"level":"ERROR","location":"[access_token_to_hsmtoken:272] data_ws","message":{"type":"cn","code":-99,"message":"Token is expired","s":"error"},"timestamp":"2026-01-31 13:34:33,056+0530","service":"FyersDataSocket"}
{"level":"ERROR","location":"[access_token_to_hsmtoken:272] data_ws","message":{"type":"cn","code":-99,"message":"Token is expired","s":"error"},"timestamp":"2026-01-31 13:34:48,076+0530","service":"FyersDataSocket"}
{"level":"ERROR","location":"[access_token_to_hsmtoken:272] data_ws","message":{"type":"cn","code":-99,"message":"Token is expired","s":"error"},"timestamp":"2026-01-31 13:35:03,095+0530","service":"FyersDataSocket"}
{"level":"ERROR","location":"[access_token_to_hsmtoken:272] data_ws","message":{"type":"cn","code":-99,"message":"Token is expired","s":"error"},"timestamp":"2026-01-31 13:35:18,113+0530","service":"FyersDataSocket"}
{"level":"ERROR","location":"[access_token_to_hsmtoken:272] data_ws","message":{"type":"cn","code":-99,"message":"Token is expired","s":"error"},"timestamp":"2026-01-31 13:35:33,142+0530","service":"FyersDataSocket"}
{"level":"ERROR","location":"[access_token_to_hsmtoken:272] data_ws","message":{"type":"cn","code":-99,"message":"Token is expired","s":"error"},"timestamp":"2026-01-31 13:35:48,187+0530","service":"FyersDataSocket"}
{"level":"ERROR","location":"[access_token_to_hsmtoken:272] data_ws","message":{"type":"cn","code":-99,"message":"Token is expired","s":"error"},"timestamp":"2026-01-31 13:36:08,169+0530","service":"FyersDataSocket"}
{"level":"ERROR","location":"[access_token_to_hsmtoken:272] data_ws","message":{"type":"cn","code":-99,"message":"Token is expired","s":"error"},"timestamp":"2026-01-31 13:36:23,179+0530","service":"FyersDataSocket"}
{"level":"ERROR","location":"[access_token_to_hsmtoken:272] data_ws","message":{"type":"cn","code":-99,"message":"Token is expired","s":"error"},"timestamp":"2026-01-31 13:36:43,169+0530","service":"FyersDataSocket"}
{"level":"ERROR","location":"[access_token_to_hsmtoken:272] data_ws","message":{"type":"cn","code":-99,"message":"Token is expired","s":"error"},"timestamp":"2026-01-31 13:36:58,177+0530","service":"FyersDataSocket"}
{"level":"ERROR","location":"[access_token_to_hsmtoken:272] data_ws","message":{"type":"cn","code":-99,"message":"Token is expired","s":"error"},"timestamp":"2026-01-31 13:37:18,178+0530","service":"FyersDataSocket"}
{"level":"ERROR","location":"[access_token_to_hsmtoken:272] data_ws","message":{"type":"cn","code":-99,"message":"Token is expired","s":"error"},"timestamp":"2026-01-31 13:37:33,198+0530","service":"FyersDataSocket"}
{"level":"ERROR","location":"[access_token_to_hsmtoken:272] data_ws","message":{"type":"cn","code":-99,"message":"Token is expired","s":"error"},"timestamp":"2026-01-31 13:37:48,222+0530","service":"FyersDataSocket"}
{"level":"ERROR","location":"[access_token_to_hsmtoken:272] data_ws","message":{"type":"cn","code":-99,"message":"Token is expired","s":"error"},"timestamp":"2026-01-31 13:38:03,279+0530","service":"FyersDataSocket"}
{"level":"ERROR","location":"[access_token_to_hsmtoken:272] data_ws","message":{"type":"cn","code":-99,"message":"Token is expired","s":"error"},"timestamp":"2026-01-31 13:38:23,275+0530","service":"FyersDataSocket"}
{"level":"ERROR","location":"[access_token_to_hsmtoken:272] data_ws","message":{"type":"cn","code":-99,"message":"Token is expired","s":"error"},"timestamp":"2026-01-31 13:38:38,278+0530","service":"FyersDataSocket"}
{"level":"ERROR","location":"[access_token_to_hsmtoken:272] data_ws","message":{"type":"cn","code":-99,"message":"Token is expired","s":"error"},"timestamp":"2026-01-31 13:38:53,288+0530","service":"FyersDataSocket"}
{"level":"ERROR","location":"[access_token_to_hsmtoken:272] data_ws","message":{"type":"cn","code":-99,"message":"Token is expired","s":"error"},"timestamp":"2026-01-31 13:39:13,298+0530","service":"FyersDataSocket"}
{"level":"ERROR","location":"[access_token_to_hsmtoken:272] data_ws","message":{"type":"cn","code":-99,"message":"Token is expired","s":"error"},"timestamp":"2026-01-31 13:39:33,304+0530","service":"FyersDataSocket"}
{"level":"ERROR","location":"[access_token_to_hsmtoken:272] data_ws","message":{"type":"cn","code":-99,"message":"Token is expired","s":"error"},"timestamp":"2026-01-31 13:39:53,314+0530","service":"FyersDataSocket"}
{"level":"ERROR","location":"[access_token_to_hsmtoken:272] data_ws","message":{"type":"cn","code":-99,"message":"Token is expired","s":"error"},"timestamp":"2026-01-31 13:40:08,347+0530","service":"FyersDataSocket"}
{"level":"ERROR","location":"[access_token_to_hsmtoken:272] data_ws","message":{"type":"cn","code":-99,"message":"Token is expired","s":"error"},"timestamp":"2026-01-31 13:40:23,379+0530","service":"FyersDataSocket"}
{"level":"ERROR","location":"[access_token_to_hsmtoken:272] data_ws","message":{"type":"cn","code":-99,"message":"Token is expired","s":"error"},"timestamp":"2026-01-31 13:40:38,401+0530","service":"FyersDataSocket"}
{"level":"ERROR","location":"[access_token_to_hsmtoken:272] data_ws","message":{"type":"cn","code":-99,"message":"Token is expired","s":"error"},"timestamp":"2026-01-31 13:40:58,376+0530","service":"FyersDataSocket"}
{"level":"ERROR","location":"[access_token_to_hsmtoken:272] data_ws","message":{"type":"cn","code":-99,"message":"Token is expired","s":"error"},"timestamp":"2026-01-31 13:41:13,404+0530","service":"FyersDataSocket"}
{"level":"ERROR","location":"[access_token_to_hsmtoken:272] data_ws","message":{"type":"cn","code":-99,"message":"Token is expired","s":"error"},"timestamp":"2026-01-31 13:41:33,407+0530","service":"FyersDataSocket"}
{"level":"ERROR","location":"[access_token_to_hsmtoken:272] data_ws","message":{"type":"cn","code":-99,"message":"Token is expired","s":"error"},"timestamp":"2026-01-31 13:41:48,428+0530","service":"FyersDataSocket"}
{"level":"ERROR","location":"[access_token_to_hsmtoken:272] data_ws","message":{"type":"cn","code":-99,"message":"Token is expired","s":"error"},"timestamp":"2026-01-31 13:42:03,538+0530","service":"FyersDataSocket"}
{"level":"ERROR","location":"[access_token_to_hsmtoken:272] data_ws","message":{"type":"cn","code":-99,"message":"Token is expired","s":"error"},"timestamp":"2026-01-31 13:42:18,557+0530","service":"FyersDataSocket"}
{"level":"ERROR","location":"[access_token_to_hsmtoken:272] data_ws","message":{"type":"cn","code":-99,"message":"Token is expired","s":"error"},"timestamp":"2026-01-31 13:42:38,562+0530","service":"FyersDataSocket"}
{"level":"ERROR","location":"[access_token_to_hsmtoken:272] data_ws","message":{"type":"cn","code":-99,"message":"Token is expired","s":"error"},"timestamp":"2026-01-31 13:42:58,547+0530","service":"FyersDataSocket"}
{"level":"ERROR","location":"[access_token_to_hsmtoken:272] data_ws","message":{"type":"cn","code":-99,"message":"Token is expired","s":"error"},"timestamp":"2026-01-31 13:43:13,557+0530","service":"FyersDataSocket"}
{"level":"ERROR","location":"[access_token_to_hsmtoken:272] data_ws","message":{"type":"cn","code":-99,"message":"Token is expired","s":"error"},"timestamp":"2026-01-31 13:43:33,547+0530","service":"FyersDataSocket"}
{"level":"ERROR","location":"[access_token_to_hsmtoken:272] data_ws","message":{"type":"cn","code":-99,"message":"Token is expired","s":"error"},"timestamp":"2026-01-31 13:43:48,557+0530","service":"FyersDataSocket"}
{"level":"ERROR","location":"[access_token_to_hsmtoken:272] data_ws","message":{"type":"cn","code":-99,"message":"Token is expired","s":"error"},"timestamp":"2026-01-31 13:44:08,565+0530","service":"FyersDataSocket"}
{"level":"ERROR","location":"[access_token_to_hsmtoken:272] data_ws","message":{"type":"cn","code":-99,"message":"Token is expired","s":"error"},"timestamp":"2026-01-31 13:44:23,596+0530","service":"FyersDataSocket"}
{"level":"ERROR","location":"[access_token_to_hsmtoken:272] data_ws","message":{"type":"cn","code":-99,"message":"Token is expired","s":"error"},"timestamp":"2026-01-31 13:44:38,622+0530","service":"FyersDataSocket"}
{"level":"ERROR","location":"[access_token_to_hsmtoken:272] data_ws","message":{"type":"cn","code":-99,"message":"Token is expired","s":"error"},"timestamp":"2026-01-31 13:44:53,631+0530","service":"FyersDataSocket"}
{"level":"ERROR","location":"[access_token_to_hsmtoken:272] data_ws","message":{"type":"cn","code":-99,"message":"Token is expired","s":"error"},"timestamp":"2026-01-31 13:45:08,658+0530","service":"FyersDataSocket"}
{"level":"ERROR","location":"[access_token_to_hsmtoken:272] data_ws","message":{"type":"cn","code":-99,"message":"Token is expired","s":"error"},"timestamp":"2026-01-31 13:45:23,681+0530","service":"FyersDataSocket"}
{"level":"ERROR","location":"[access_token_to_hsmtoken:272] data_ws","message":{"type":"cn","code":-99,"message":"Token is expired","s":"error"},"timestamp":"2026-01-31 13:45:38,727+0530","service":"FyersDataSocket"}
{"level":"ERROR","location":"[access_token_to_hsmtoken:272] data_ws","message":{"type":"cn","code":-99,"message":"Token is expired","s":"error"},"timestamp":"2026-01-31 13:45:58,720+0530","service":"FyersDataSocket"}
{"level":"ERROR","location":"[access_token_to_hsmtoken:272] data_ws","message":{"type":"cn","code":-99,"message":"Token is expired","s":"error"},"timestamp":"2026-01-31 13:46:13,727+0530","service":"FyersDataSocket"}
{"level":"ERROR","location":"[access_token_to_hsmtoken:272] data_ws","message":{"type":"cn","code":-99,"message":"Token is expired","s":"error"},"timestamp":"2026-01-31 13:46:28,737+0530","service":"FyersDataSocket"}
{"level":"ERROR","location":"[access_token_to_hsmtoken:272] data_ws","message":{"type":"cn","code":-99,"message":"Token is expired","s":"error"},"timestamp":"2026-01-31 13:46:43,772+0530","service":"FyersDataSocket"}
{"level":"ERROR","location":"[access_token_to_hsmtoken:272] data_ws","message":{"type":"cn","code":-99,"message":"Token is expired","s":"error"},"timestamp":"2026-01-31 13:46:58,795+0530","service":"FyersDataSocket"}
{"level":"ERROR","location":"[access_token_to_hsmtoken:272] data_ws","message":{"type":"cn","code":-99,"message":"Token is expired","s":"error"},"timestamp":"2026-01-31 13:47:13,804+0530","service":"FyersDataSocket"}
{"level":"ERROR","location":"[access_token_to_hsmtoken:272] data_ws","message":{"type":"cn","code":-99,"message":"Token is expired","s":"error"},"timestamp":"2026-01-31 13:47:29,175+0530","service":"FyersDataSocket"}
{"level":"ERROR","location":"[access_token_to_hsmtoken:272] data_ws","message":{"type":"cn","code":-99,"message":"Token is expired","s":"error"},"timestamp":"2026-01-31 13:47:44,204+0530","service":"FyersDataSocket"}
{"level":"ERROR","location":"[access_token_to_hsmtoken:272] data_ws","message":{"type":"cn","code":-99,"message":"Token is expired","s":"error"},"timestamp":"2026-01-31 13:47:59,194+0530","service":"FyersDataSocket"}
{"level":"ERROR","location":"[access_token_to_hsmtoken:272] data_ws","message":{"type":"cn","code":-99,"message":"Token is expired","s":"error"},"timestamp":"2026-01-31 13:48:14,195+0530","service":"FyersDataSocket"}
{"level":"ERROR","location":"[access_token_to_hsmtoken:272] data_ws","message":{"type":"cn","code":-99,"message":"Token is expired","s":"error"},"timestamp":"2026-01-31 13:48:29,215+0530","service":"FyersDataSocket"}
{"level":"ERROR","location":"[access_token_to_hsmtoken:272] data_ws","message":{"type":"cn","code":-99,"message":"Token is expired","s":"error"},"timestamp":"2026-01-31 13:48:44,243+0530","service":"FyersDataSocket"}
{"level":"ERROR","location":"[access_token_to_hsmtoken:272] data_ws","message":{"type":"cn","code":-99,"message":"Token is expired","s":"error"},"timestamp":"2026-01-31 13:48:59,263+0530","service":"FyersDataSocket"}
{"level":"ERROR","location":"[access_token_to_hsmtoken:272] data_ws","message":{"type":"cn","code":-99,"message":"Token is expired","s":"error"},"timestamp":"2026-01-31 13:49:14,284+0530","service":"FyersDataSocket"}
{"level":"ERROR","location":"[access_token_to_hsmtoken:272] data_ws","message":{"type":"cn","code":-99,"message":"Token is expired","s":"error"},"timestamp":"2026-01-31 13:49:29,308+0530","service":"FyersDataSocket"}
{"level":"ERROR","location":"[access_token_to_hsmtoken:272] data_ws","message":{"type":"cn","code":-99,"message":"Token is expired","s":"error"},"timestamp":"2026-01-31 13:49:49,312+0530","service":"FyersDataSocket"}
{"level":"ERROR","location":"[access_token_to_hsmtoken:272] data_ws","message":{"type":"cn","code":-99,"message":"Token is expired","s":"error"},"timestamp":"2026-01-31 13:50:04,335+0530","service":"FyersDataSocket"}
{"level":"ERROR","location":"[access_token_to_hsmtoken:272] data_ws","message":{"type":"cn","code":-99,"message":"Token is expired","s":"error"},"timestamp":"2026-01-31 13:50:19,339+0530","service":"FyersDataSocket"}
{"level":"ERROR","location":"[access_token_to_hsmtoken:272] data_ws","message":{"type":"cn","code":-99,"message":"Token is expired","s":"error"},"timestamp":"2026-01-31 13:50:34,345+0530","service":"FyersDataSocket"}
{"level":"ERROR","location":"[access_token_to_hsmtoken:272] data_ws","message":{"type":"cn","code":-99,"message":"Token is expired","s":"error"},"timestamp":"2026-01-31 13:50:49,354+0530","service":"FyersDataSocket"}
{"level":"ERROR","location":"[access_token_to_hsmtoken:272] data_ws","message":{"type":"cn","code":-99,"message":"Token is expired","s":"error"},"timestamp":"2026-01-31 13:51:04,364+0530","service":"FyersDataSocket"}
{"level":"ERROR","location":"[access_token_to_hsmtoken:272] data_ws","message":{"type":"cn","code":-99,"message":"Token is expired","s":"error"},"timestamp":"2026-01-31 13:51:19,404+0530","service":"FyersDataSocket"}
{"level":"ERROR","location":"[access_token_to_hsmtoken:272] data_ws","message":{"type":"cn","code":-99,"message":"Token is expired","s":"error"},"timestamp":"2026-01-31 13:51:34,420+0530","service":"FyersDataSocket"}
{"level":"ERROR","location":"[access_token_to_hsmtoken:272] data_ws","message":{"type":"cn","code":-99,"message":"Token is expired","s":"error"},"timestamp":"2026-01-31 13:51:49,437+0530","service":"FyersDataSocket"}
{"level":"ERROR","location":"[access_token_to_hsmtoken:272] data_ws","message":{"type":"cn","code":-99,"message":"Token is expired","s":"error"},"timestamp":"2026-01-31 13:52:04,458+0530","service":"FyersDataSocket"}
{"level":"ERROR","location":"[access_token_to_hsmtoken:272] data_ws","message":{"type":"cn","code":-99,"message":"Token is expired","s":"error"},"timestamp":"2026-01-31 13:52:19,489+0530","service":"FyersDataSocket"}
{"level":"ERROR","location":"[access_token_to_hsmtoken:272] data_ws","message":{"type":"cn","code":-99,"message":"Token is expired","s":"error"},"timestamp":"2026-01-31 13:52:34,502+0530","service":"FyersDataSocket"}
{"level":"ERROR","location":"[access_token_to_hsmtoken:272] data_ws","message":{"type":"cn","code":-99,"message":"Token is expired","s":"error"},"timestamp":"2026-01-31 13:52:49,520+0530","service":"FyersDataSocket"}
{"level":"ERROR","location":"[access_token_to_hsmtoken:272] data_ws","message":{"type":"cn","code":-99,"message":"Token is expired","s":"error"},"timestamp":"2026-01-31 13:53:04,521+0530","service":"FyersDataSocket"}
{"level":"ERROR","location":"[access_token_to_hsmtoken:272] data_ws","message":{"type":"cn","code":-99,"message":"Token is expired","s":"error"},"timestamp":"2026-01-31 13:53:19,532+0530","service":"FyersDataSocket"}
{"level":"ERROR","location":"[access_token_to_hsmtoken:272] data_ws","message":{"type":"cn","code":-99,"message":"Token is expired","s":"error"},"timestamp":"2026-01-31 13:53:34,542+0530","service":"FyersDataSocket"}
{"level":"ERROR","location":"[access_token_to_hsmtoken:272] data_ws","message":{"type":"cn","code":-99,"message":"Token is expired","s":"error"},"timestamp":"2026-01-31 13:53:49,547+0530","service":"FyersDataSocket"}
{"level":"ERROR","location":"[access_token_to_hsmtoken:272] data_ws","message":{"type":"cn","code":-99,"message":"Token is expired","s":"error"},"timestamp":"2026-01-31 13:54:04,574+0530","service":"FyersDataSocket"}
{"level":"ERROR","location":"[access_token_to_hsmtoken:272] data_ws","message":{"type":"cn","code":-99,"message":"Token is expired","s":"error"},"timestamp":"2026-01-31 13:54:19,605+0530","service":"FyersDataSocket"}
{"level":"ERROR","location":"[access_token_to_hsmtoken:272] data_ws","message":{"type":"cn","code":-99,"message":"Token is expired","s":"error"},"timestamp":"2026-01-31 13:54:39,615+0530","service":"FyersDataSocket"}
{"level":"ERROR","location":"[access_token_to_hsmtoken:272] data_ws","message":{"type":"cn","code":-99,"message":"Token is expired","s":"error"},"timestamp":"2026-01-31 13:54:54,639+0530","service":"FyersDataSocket"}
{"level":"ERROR","location":"[access_token_to_hsmtoken:272] data_ws","message":{"type":"cn","code":-99,"message":"Token is expired","s":"error"},"timestamp":"2026-01-31 13:55:10,941+0530","service":"FyersDataSocket"}
{"level":"ERROR","location":"[access_token_to_hsmtoken:272] data_ws","message":{"type":"cn","code":-99,"message":"Token is expired","s":"error"},"timestamp":"2026-01-31 13:55:25,979+0530","service":"FyersDataSocket"}
{"level":"ERROR","location":"[access_token_to_hsmtoken:272] data_ws","message":{"type":"cn","code":-99,"message":"Token is expired","s":"error"},"timestamp":"2026-01-31 13:55:41,026+0530","service":"FyersDataSocket"}
{"level":"ERROR","location":"[access_token_to_hsmtoken:272] data_ws","message":{"type":"cn","code":-99,"message":"Token is expired","s":"error"},"timestamp":"2026-01-31 13:56:01,011+0530","service":"FyersDataSocket"}
{"level":"ERROR","location":"[access_token_to_hsmtoken:272] data_ws","message":{"type":"cn","code":-99,"message":"Token is expired","s":"error"},"timestamp":"2026-01-31 13:56:21,005+0530","service":"FyersDataSocket"}
{"level":"ERROR","location":"[access_token_to_hsmtoken:272] data_ws","message":{"type":"cn","code":-99,"message":"Token is expired","s":"error"},"timestamp":"2026-01-31 13:56:36,012+0530","service":"FyersDataSocket"}
{"level":"ERROR","location":"[access_token_to_hsmtoken:272] data_ws","message":{"type":"cn","code":-99,"message":"Token is expired","s":"error"},"timestamp":"2026-01-31 13:56:51,020+0530","service":"FyersDataSocket"}
{"level":"ERROR","location":"[access_token_to_hsmtoken:272] data_ws","message":{"type":"cn","code":-99,"message":"Token is expired","s":"error"},"timestamp":"2026-01-31 13:57:06,031+0530","service":"FyersDataSocket"}
{"level":"ERROR","location":"[access_token_to_hsmtoken:272] data_ws","message":{"type":"cn","code":-99,"message":"Token is expired","s":"error"},"timestamp":"2026-01-31 13:57:21,056+0530","service":"FyersDataSocket"}
{"level":"ERROR","location":"[access_token_to_hsmtoken:272] data_ws","message":{"type":"cn","code":-99,"message":"Token is expired","s":"error"},"timestamp":"2026-01-31 13:57:36,094+0530","service":"FyersDataSocket"}
{"level":"ERROR","location":"[access_token_to_hsmtoken:272] data_ws","message":{"type":"cn","code":-99,"message":"Token is expired","s":"error"},"timestamp":"2026-01-31 13:57:51,570+0530","service":"FyersDataSocket"}
{"level":"ERROR","location":"[access_token_to_hsmtoken:272] data_ws","message":{"type":"cn","code":-99,"message":"Token is expired","s":"error"},"timestamp":"2026-01-31 13:58:06,587+0530","service":"FyersDataSocket"}
{"level":"ERROR","location":"[access_token_to_hsmtoken:272] data_ws","message":{"type":"cn","code":-99,"message":"Token is expired","s":"error"},"timestamp":"2026-01-31 13:58:21,601+0530","service":"FyersDataSocket"}
{"level":"ERROR","location":"[access_token_to_hsmtoken:272] data_ws","message":{"type":"cn","code":-99,"message":"Token is expired","s":"error"},"timestamp":"2026-01-31 13:58:36,656+0530","service":"FyersDataSocket"}
{"level":"ERROR","location":"[access_token_to_hsmtoken:272] data_ws","message":{"type":"cn","code":-99,"message":"Token is expired","s":"error"},"timestamp":"2026-01-31 13:58:51,677+0530","service":"FyersDataSocket"}
{"level":"ERROR","location":"[access_token_to_hsmtoken:272] data_ws","message":{"type":"cn","code":-99,"message":"Token is expired","s":"error"},"timestamp":"2026-01-31 13:59:11,691+0530","service":"FyersDataSocket"}
{"level":"ERROR","location":"[access_token_to_hsmtoken:272] data_ws","message":{"type":"cn","code":-99,"message":"Token is expired","s":"error"},"timestamp":"2026-01-31 13:59:31,676+0530","service":"FyersDataSocket"}
{"level":"ERROR","location":"[access_token_to_hsmtoken:272] data_ws","message":{"type":"cn","code":-99,"message":"Token is expired","s":"error"},"timestamp":"2026-01-31 13:59:51,670+0530","service":"FyersDataSocket"}
{"level":"ERROR","location":"[access_token_to_hsmtoken:272] data_ws","message":{"type":"cn","code":-99,"message":"Token is expired","s":"error"},"timestamp":"2026-01-31 14:00:06,696+0530","service":"FyersDataSocket"}
{"level":"ERROR","location":"[access_token_to_hsmtoken:272] data_ws","message":{"type":"cn","code":-99,"message":"Token is expired","s":"error"},"timestamp":"2026-01-31 14:00:21,705+0530","service":"FyersDataSocket"}
{"level":"ERROR","location":"[access_token_to_hsmtoken:272] data_ws","message":{"type":"cn","code":-99,"message":"Token is expired","s":"error"},"timestamp":"2026-01-31 14:00:36,729+0530","service":"FyersDataSocket"}
{"level":"ERROR","location":"[access_token_to_hsmtoken:272] data_ws","message":{"type":"cn","code":-99,"message":"Token is expired","s":"error"},"timestamp":"2026-01-31 14:00:56,714+0530","service":"FyersDataSocket"}
{"level":"ERROR","location":"[access_token_to_hsmtoken:272] data_ws","message":{"type":"cn","code":-99,"message":"Token is expired","s":"error"},"timestamp":"2026-01-31 14:01:11,738+0530","service":"FyersDataSocket"}
{"level":"ERROR","location":"[access_token_to_hsmtoken:272] data_ws","message":{"type":"cn","code":-99,"message":"Token is expired","s":"error"},"timestamp":"2026-01-31 14:01:26,765+0530","service":"FyersDataSocket"}
{"level":"ERROR","location":"[access_token_to_hsmtoken:272] data_ws","message":{"type":"cn","code":-99,"message":"Token is expired","s":"error"},"timestamp":"2026-01-31 14:01:41,811+0530","service":"FyersDataSocket"}
{"level":"ERROR","location":"[access_token_to_hsmtoken:272] data_ws","message":{"type":"cn","code":-99,"message":"Token is expired","s":"error"},"timestamp":"2026-01-31 14:01:56,859+0530","service":"FyersDataSocket"}
{"level":"ERROR","location":"[access_token_to_hsmtoken:272] data_ws","message":{"type":"cn","code":-99,"message":"Token is expired","s":"error"},"timestamp":"2026-01-31 14:02:11,873+0530","service":"FyersDataSocket"}
{"level":"ERROR","location":"[access_token_to_hsmtoken:272] data_ws","message":{"type":"cn","code":-99,"message":"Token is expired","s":"error"},"timestamp":"2026-01-31 14:02:26,893+0530","service":"FyersDataSocket"}
{"level":"ERROR","location":"[access_token_to_hsmtoken:272] data_ws","message":{"type":"cn","code":-99,"message":"Token is expired","s":"error"},"timestamp":"2026-01-31 14:02:41,952+0530","service":"FyersDataSocket"}
{"level":"ERROR","location":"[access_token_to_hsmtoken:272] data_ws","message":{"type":"cn","code":-99,"message":"Token is expired","s":"error"},"timestamp":"2026-01-31 14:02:56,966+0530","service":"FyersDataSocket"}
{"level":"ERROR","location":"[access_token_to_hsmtoken:272] data_ws","message":{"type":"cn","code":-99,"message":"Token is expired","s":"error"},"timestamp":"2026-01-31 14:03:11,984+0530","service":"FyersDataSocket"}
{"level":"ERROR","location":"[access_token_to_hsmtoken:272] data_ws","message":{"type":"cn","code":-99,"message":"Token is expired","s":"error"},"timestamp":"2026-01-31 14:03:27,041+0530","service":"FyersDataSocket"}
{"level":"ERROR","location":"[access_token_to_hsmtoken:272] data_ws","message":{"type":"cn","code":-99,"message":"Token is expired","s":"error"},"timestamp":"2026-01-31 14:03:42,041+0530","service":"FyersDataSocket"}
{"level":"ERROR","location":"[access_token_to_hsmtoken:272] data_ws","message":{"type":"cn","code":-99,"message":"Token is expired","s":"error"},"timestamp":"2026-01-31 14:03:57,070+0530","service":"FyersDataSocket"}
{"level":"ERROR","location":"[access_token_to_hsmtoken:272] data_ws","message":{"type":"cn","code":-99,"message":"Token is expired","s":"error"},"timestamp":"2026-01-31 14:04:12,088+0530","service":"FyersDataSocket"}
{"level":"ERROR","location":"[access_token_to_hsmtoken:272] data_ws","message":{"type":"cn","code":-99,"message":"Token is expired","s":"error"},"timestamp":"2026-01-31 14:04:32,090+0530","service":"FyersDataSocket"}
{"level":"ERROR","location":"[access_token_to_hsmtoken:272] data_ws","message":{"type":"cn","code":-99,"message":"Token is expired","s":"error"},"timestamp":"2026-01-31 14:04:47,127+0530","service":"FyersDataSocket"}
{"level":"ERROR","location":"[access_token_to_hsmtoken:272] data_ws","message":{"type":"cn","code":-99,"message":"Token is expired","s":"error"},"timestamp":"2026-01-31 14:05:02,155+0530","service":"FyersDataSocket"}
{"level":"ERROR","location":"[access_token_to_hsmtoken:272] data_ws","message":{"type":"cn","code":-99,"message":"Token is expired","s":"error"},"timestamp":"2026-01-31 14:05:22,130+0530","service":"FyersDataSocket"}
{"level":"ERROR","location":"[access_token_to_hsmtoken:272] data_ws","message":{"type":"cn","code":-99,"message":"Token is expired","s":"error"},"timestamp":"2026-01-31 14:05:37,170+0530","service":"FyersDataSocket"}
{"level":"ERROR","location":"[access_token_to_hsmtoken:272] data_ws","message":{"type":"cn","code":-99,"message":"Token is expired","s":"error"},"timestamp":"2026-01-31 14:05:52,184+0530","service":"FyersDataSocket"}
{"level":"ERROR","location":"[access_token_to_hsmtoken:272] data_ws","message":{"type":"cn","code":-99,"message":"Token is expired","s":"error"},"timestamp":"2026-01-31 14:06:07,187+0530","service":"FyersDataSocket"}
{"level":"ERROR","location":"[access_token_to_hsmtoken:272] data_ws","message":{"type":"cn","code":-99,"message":"Token is expired","s":"error"},"timestamp":"2026-01-31 14:06:22,223+0530","service":"FyersDataSocket"}
{"level":"ERROR","location":"[access_token_to_hsmtoken:272] data_ws","message":{"type":"cn","code":-99,"message":"Token is expired","s":"error"},"timestamp":"2026-01-31 14:06:37,223+0530","service":"FyersDataSocket"}
{"level":"ERROR","location":"[access_token_to_hsmtoken:272] data_ws","message":{"type":"cn","code":-99,"message":"Token is expired","s":"error"},"timestamp":"2026-01-31 14:06:52,226+0530","service":"FyersDataSocket"}
{"level":"ERROR","location":"[access_token_to_hsmtoken:272] data_ws","message":{"type":"cn","code":-99,"message":"Token is expired","s":"error"},"timestamp":"2026-01-31 14:07:12,205+0530","service":"FyersDataSocket"}
{"level":"ERROR","location":"[access_token_to_hsmtoken:272] data_ws","message":{"type":"cn","code":-99,"message":"Token is expired","s":"error"},"timestamp":"2026-01-31 14:07:27,217+0530","service":"FyersDataSocket"}
{"level":"ERROR","location":"[access_token_to_hsmtoken:272] data_ws","message":{"type":"cn","code":-99,"message":"Token is expired","s":"error"},"timestamp":"2026-01-31 14:07:42,228+0530","service":"FyersDataSocket"}
{"level":"ERROR","location":"[access_token_to_hsmtoken:272] data_ws","message":{"type":"cn","code":-99,"message":"Token is expired","s":"error"},"timestamp":"2026-01-31 14:08:02,213+0530","service":"FyersDataSocket"}
{"level":"ERROR","location":"[access_token_to_hsmtoken:272] data_ws","message":{"type":"cn","code":-99,"message":"Token is expired","s":"error"},"timestamp":"2026-01-31 14:08:17,224+0530","service":"FyersDataSocket"}
{"level":"ERROR","location":"[access_token_to_hsmtoken:272] data_ws","message":{"type":"cn","code":-99,"message":"Token is expired","s":"error"},"timestamp":"2026-01-31 14:08:32,240+0530","service":"FyersDataSocket"}
{"level":"ERROR","location":"[access_token_to_hsmtoken:272] data_ws","message":{"type":"cn","code":-99,"message":"Token is expired","s":"error"},"timestamp":"2026-01-31 14:08:47,279+0530","service":"FyersDataSocket"}
{"level":"ERROR","location":"[access_token_to_hsmtoken:272] data_ws","message":{"type":"cn","code":-99,"message":"Token is expired","s":"error"},"timestamp":"2026-01-31 14:09:02,314+0530","service":"FyersDataSocket"}
{"level":"ERROR","location":"[access_token_to_hsmtoken:272] data_ws","message":{"type":"cn","code":-99,"message":"Token is expired","s":"error"},"timestamp":"2026-01-31 14:09:17,328+0530","service":"FyersDataSocket"}
{"level":"ERROR","location":"[access_token_to_hsmtoken:272] data_ws","message":{"type":"cn","code":-99,"message":"Token is expired","s":"error"},"timestamp":"2026-01-31 14:09:32,360+0530","service":"FyersDataSocket"}
{"level":"ERROR","location":"[access_token_to_hsmtoken:272] data_ws","message":{"type":"cn","code":-99,"message":"Token is expired","s":"error"},"timestamp":"2026-01-31 14:09:47,411+0530","service":"FyersDataSocket"}
{"level":"ERROR","location":"[access_token_to_hsmtoken:272] data_ws","message":{"type":"cn","code":-99,"message":"Token is expired","s":"error"},"timestamp":"2026-01-31 14:10:02,430+0530","service":"FyersDataSocket"}
{"level":"ERROR","location":"[access_token_to_hsmtoken:272] data_ws","message":{"type":"cn","code":-99,"message":"Token is expired","s":"error"},"timestamp":"2026-01-31 14:10:22,441+0530","service":"FyersDataSocket"}
{"level":"ERROR","location":"[access_token_to_hsmtoken:272] data_ws","message":{"type":"cn","code":-99,"message":"Token is expired","s":"error"},"timestamp":"2026-01-31 14:10:37,458+0530","service":"FyersDataSocket"}
{"level":"ERROR","location":"[access_token_to_hsmtoken:272] data_ws","message":{"type":"cn","code":-99,"message":"Token is expired","s":"error"},"timestamp":"2026-01-31 14:10:52,460+0530","service":"FyersDataSocket"}
{"level":"ERROR","location":"[access_token_to_hsmtoken:272] data_ws","message":{"type":"cn","code":-99,"message":"Token is expired","s":"error"},"timestamp":"2026-01-31 14:11:07,473+0530","service":"FyersDataSocket"}
{"level":"ERROR","location":"[access_token_to_hsmtoken:272] data_ws","message":{"type":"cn","code":-99,"message":"Token is expired","s":"error"},"timestamp":"2026-01-31 14:11:22,493+0530","service":"FyersDataSocket"}
{"level":"ERROR","location":"[access_token_to_hsmtoken:272] data_ws","message":{"type":"cn","code":-99,"message":"Token is expired","s":"error"},"timestamp":"2026-01-31 14:11:37,522+0530","service":"FyersDataSocket"}
{"level":"ERROR","location":"[access_token_to_hsmtoken:272] data_ws","message":{"type":"cn","code":-99,"message":"Token is expired","s":"error"},"timestamp":"2026-01-31 14:11:52,544+0530","service":"FyersDataSocket"}
{"level":"ERROR","location":"[access_token_to_hsmtoken:272] data_ws","message":{"type":"cn","code":-99,"message":"Token is expired","s":"error"},"timestamp":"2026-01-31 14:12:12,563+0530","service":"FyersDataSocket"}
{"level":"ERROR","location":"[access_token_to_hsmtoken:272] data_ws","message":{"type":"cn","code":-99,"message":"Token is expired","s":"error"},"timestamp":"2026-01-31 14:12:27,602+0530","service":"FyersDataSocket"}
{"level":"ERROR","location":"[access_token_to_hsmtoken:272] data_ws","message":{"type":"cn","code":-99,"message":"Token is expired","s":"error"},"timestamp":"2026-01-31 14:12:42,621+0530","service":"FyersDataSocket"}
{"level":"ERROR","location":"[access_token_to_hsmtoken:272] data_ws","message":{"type":"cn","code":-99,"message":"Token is expired","s":"error"},"timestamp":"2026-01-31 14:12:57,705+0530","service":"FyersDataSocket"}
{"level":"ERROR","location":"[access_token_to_hsmtoken:272] data_ws","message":{"type":"cn","code":-99,"message":"Token is expired","s":"error"},"timestamp":"2026-01-31 14:13:12,736+0530","service":"FyersDataSocket"}
{"level":"ERROR","location":"[access_token_to_hsmtoken:272] data_ws","message":{"type":"cn","code":-99,"message":"Token is expired","s":"error"},"timestamp":"2026-01-31 14:13:27,772+0530","service":"FyersDataSocket"}
{"level":"ERROR","location":"[access_token_to_hsmtoken:272] data_ws","message":{"type":"cn","code":-99,"message":"Token is expired","s":"error"},"timestamp":"2026-01-31 14:13:42,776+0530","service":"FyersDataSocket"}
{"level":"ERROR","location":"[access_token_to_hsmtoken:272] data_ws","message":{"type":"cn","code":-99,"message":"Token is expired","s":"error"},"timestamp":"2026-01-31 14:13:58,007+0530","service":"FyersDataSocket"}
{"level":"ERROR","location":"[access_token_to_hsmtoken:272] data_ws","message":{"type":"cn","code":-99,"message":"Token is expired","s":"error"},"timestamp":"2026-01-31 14:14:13,037+0530","service":"FyersDataSocket"}
{"level":"ERROR","location":"[access_token_to_hsmtoken:272] data_ws","message":{"type":"cn","code":-99,"message":"Token is expired","s":"error"},"timestamp":"2026-01-31 14:14:28,073+0530","service":"FyersDataSocket"}
{"level":"ERROR","location":"[access_token_to_hsmtoken:272] data_ws","message":{"type":"cn","code":-99,"message":"Token is expired","s":"error"},"timestamp":"2026-01-31 14:14:43,085+0530","service":"FyersDataSocket"}
{"level":"ERROR","location":"[access_token_to_hsmtoken:272] data_ws","message":{"type":"cn","code":-99,"message":"Token is expired","s":"error"},"timestamp":"2026-01-31 14:14:58,439+0530","service":"FyersDataSocket"}
{"level":"ERROR","location":"[access_token_to_hsmtoken:272] data_ws","message":{"type":"cn","code":-99,"message":"Token is expired","s":"error"},"timestamp":"2026-01-31 14:15:13,458+0530","service":"FyersDataSocket"}
{"level":"ERROR","location":"[access_token_to_hsmtoken:272] data_ws","message":{"type":"cn","code":-99,"message":"Token is expired","s":"error"},"timestamp":"2026-01-31 14:15:28,470+0530","service":"FyersDataSocket"}
{"level":"ERROR","location":"[access_token_to_hsmtoken:272] data_ws","message":{"type":"cn","code":-99,"message":"Token is expired","s":"error"},"timestamp":"2026-01-31 14:15:43,529+0530","service":"FyersDataSocket"}
{"level":"ERROR","location":"[access_token_to_hsmtoken:272] data_ws","message":{"type":"cn","code":-99,"message":"Token is expired","s":"error"},"timestamp":"2026-01-31 14:15:58,531+0530","service":"FyersDataSocket"}
{"level":"ERROR","location":"[access_token_to_hsmtoken:272] data_ws","message":{"type":"cn","code":-99,"message":"Token is expired","s":"error"},"timestamp":"2026-01-31 14:16:13,548+0530","service":"FyersDataSocket"}
{"level":"ERROR","location":"[access_token_to_hsmtoken:272] data_ws","message":{"type":"cn","code":-99,"message":"Token is expired","s":"error"},"timestamp":"2026-01-31 14:16:28,563+0530","service":"FyersDataSocket"}
{"level":"ERROR","location":"[access_token_to_hsmtoken:272] data_ws","message":{"type":"cn","code":-99,"message":"Token is expired","s":"error"},"timestamp":"2026-01-31 14:16:43,603+0530","service":"FyersDataSocket"}
{"level":"ERROR","location":"[access_token_to_hsmtoken:272] data_ws","message":{"type":"cn","code":-99,"message":"Token is expired","s":"error"},"timestamp":"2026-01-31 14:16:58,768+0530","service":"FyersDataSocket"}
{"level":"ERROR","location":"[access_token_to_hsmtoken:272] data_ws","message":{"type":"cn","code":-99,"message":"Token is expired","s":"error"},"timestamp":"2026-01-31 14:17:13,805+0530","service":"FyersDataSocket"}
{"level":"ERROR","location":"[access_token_to_hsmtoken:272] data_ws","message":{"type":"cn","code":-99,"message":"Token is expired","s":"error"},"timestamp":"2026-01-31 14:17:33,784+0530","service":"FyersDataSocket"}
{"level":"ERROR","location":"[access_token_to_hsmtoken:272] data_ws","message":{"type":"cn","code":-99,"message":"Token is expired","s":"error"},"timestamp":"2026-01-31 14:17:48,809+0530","service":"FyersDataSocket"}
{"level":"ERROR","location":"[access_token_to_hsmtoken:272] data_ws","message":{"type":"cn","code":-99,"message":"Token is expired","s":"error"},"timestamp":"2026-01-31 14:18:08,811+0530","service":"FyersDataSocket"}
{"level":"ERROR","location":"[access_token_to_hsmtoken:272] data_ws","message":{"type":"cn","code":-99,"message":"Token is expired","s":"error"},"timestamp":"2026-01-31 14:18:28,799+0530","service":"FyersDataSocket"}
{"level":"ERROR","location":"[access_token_to_hsmtoken:272] data_ws","message":{"type":"cn","code":-99,"message":"Token is expired","s":"error"},"timestamp":"2026-01-31 14:18:43,848+0530","service":"FyersDataSocket"}
{"level":"ERROR","location":"[access_token_to_hsmtoken:272] data_ws","message":{"type":"cn","code":-99,"message":"Token is expired","s":"error"},"timestamp":"2026-01-31 14:18:59,043+0530","service":"FyersDataSocket"}
{"level":"ERROR","location":"[access_token_to_hsmtoken:272] data_ws","message":{"type":"cn","code":-99,"message":"Token is expired","s":"error"},"timestamp":"2026-01-31 14:19:14,061+0530","service":"FyersDataSocket"}
{"level":"ERROR","location":"[access_token_to_hsmtoken:272] data_ws","message":{"type":"cn","code":-99,"message":"Token is expired","s":"error"},"timestamp":"2026-01-31 14:19:34,050+0530","service":"FyersDataSocket"}
{"level":"ERROR","location":"[access_token_to_hsmtoken:272] data_ws","message":{"type":"cn","code":-99,"message":"Token is expired","s":"error"},"timestamp":"2026-01-31 14:19:49,062+0530","service":"FyersDataSocket"}
{"level":"ERROR","location":"[access_token_to_hsmtoken:272] data_ws","message":{"type":"cn","code":-99,"message":"Token is expired","s":"error"},"timestamp":"2026-01-31 14:20:04,065+0530","service":"FyersDataSocket"}
{"level":"ERROR","location":"[access_token_to_hsmtoken:272] data_ws","message":{"type":"cn","code":-99,"message":"Token is expired","s":"error"},"timestamp":"2026-01-31 14:20:19,121+0530","service":"FyersDataSocket"}
{"level":"ERROR","location":"[access_token_to_hsmtoken:272] data_ws","message":{"type":"cn","code":-99,"message":"Token is expired","s":"error"},"timestamp":"2026-01-31 14:20:34,146+0530","service":"FyersDataSocket"}
{"level":"ERROR","location":"[access_token_to_hsmtoken:272] data_ws","message":{"type":"cn","code":-99,"message":"Token is expired","s":"error"},"timestamp":"2026-01-31 14:20:49,157+0530","service":"FyersDataSocket"}
{"level":"ERROR","location":"[access_token_to_hsmtoken:272] data_ws","message":{"type":"cn","code":-99,"message":"Token is expired","s":"error"},"timestamp":"2026-01-31 14:21:04,183+0530","service":"FyersDataSocket"}
{"level":"ERROR","location":"[access_token_to_hsmtoken:272] data_ws","message":{"type":"cn","code":-99,"message":"Token is expired","s":"error"},"timestamp":"2026-01-31 14:21:24,176+0530","service":"FyersDataSocket"}
{"level":"ERROR","location":"[access_token_to_hsmtoken:272] data_ws","message":{"type":"cn","code":-99,"message":"Token is expired","s":"error"},"timestamp":"2026-01-31 14:21:39,189+0530","service":"FyersDataSocket"}
{"level":"ERROR","location":"[access_token_to_hsmtoken:272] data_ws","message":{"type":"cn","code":-99,"message":"Token is expired","s":"error"},"timestamp":"2026-01-31 14:21:54,232+0530","service":"FyersDataSocket"}
{"level":"ERROR","location":"[access_token_to_hsmtoken:272] data_ws","message":{"type":"cn","code":-99,"message":"Token is expired","s":"error"},"timestamp":"2026-01-31 14:22:14,222+0530","service":"FyersDataSocket"}
{"level":"ERROR","location":"[access_token_to_hsmtoken:272] data_ws","message":{"type":"cn","code":-99,"message":"Token is expired","s":"error"},"timestamp":"2026-01-31 14:22:29,224+0530","service":"FyersDataSocket"}
{"level":"ERROR","location":"[access_token_to_hsmtoken:272] data_ws","message":{"type":"cn","code":-99,"message":"Token is expired","s":"error"},"timestamp":"2026-01-31 14:22:44,235+0530","service":"FyersDataSocket"}
{"level":"ERROR","location":"[access_token_to_hsmtoken:272] data_ws","message":{"type":"cn","code":-99,"message":"Token is expired","s":"error"},"timestamp":"2026-01-31 14:22:59,462+0530","service":"FyersDataSocket"}
{"level":"ERROR","location":"[access_token_to_hsmtoken:272] data_ws","message":{"type":"cn","code":-99,"message":"Token is expired","s":"error"},"timestamp":"2026-01-31 14:23:14,471+0530","service":"FyersDataSocket"}
{"level":"ERROR","location":"[access_token_to_hsmtoken:272] data_ws","message":{"type":"cn","code":-99,"message":"Token is expired","s":"error"},"timestamp":"2026-01-31 14:23:34,461+0530","service":"FyersDataSocket"}
{"level":"ERROR","location":"[access_token_to_hsmtoken:272] data_ws","message":{"type":"cn","code":-99,"message":"Token is expired","s":"error"},"timestamp":"2026-01-31 14:23:49,470+0530","service":"FyersDataSocket"}
{"level":"ERROR","location":"[access_token_to_hsmtoken:272] data_ws","message":{"type":"cn","code":-99,"message":"Token is expired","s":"error"},"timestamp":"2026-01-31 14:24:04,474+0530","service":"FyersDataSocket"}
{"level":"ERROR","location":"[access_token_to_hsmtoken:272] data_ws","message":{"type":"cn","code":-99,"message":"Token is expired","s":"error"},"timestamp":"2026-01-31 14:24:19,515+0530","service":"FyersDataSocket"}
{"level":"ERROR","location":"[access_token_to_hsmtoken:272] data_ws","message":{"type":"cn","code":-99,"message":"Token is expired","s":"error"},"timestamp":"2026-01-31 14:24:34,555+0530","service":"FyersDataSocket"}
{"level":"ERROR","location":"[access_token_to_hsmtoken:272] data_ws","message":{"type":"cn","code":-99,"message":"Token is expired","s":"error"},"timestamp":"2026-01-31 14:24:49,598+0530","service":"FyersDataSocket"}
{"level":"ERROR","location":"[access_token_to_hsmtoken:272] data_ws","message":{"type":"cn","code":-99,"message":"Token is expired","s":"error"},"timestamp":"2026-01-31 14:25:04,664+0530","service":"FyersDataSocket"}
{"level":"ERROR","location":"[access_token_to_hsmtoken:272] data_ws","message":{"type":"cn","code":-99,"message":"Token is expired","s":"error"},"timestamp":"2026-01-31 14:25:21,100+0530","service":"FyersDataSocket"}
{"level":"ERROR","location":"[access_token_to_hsmtoken:272] data_ws","message":{"type":"cn","code":-99,"message":"Token is expired","s":"error"},"timestamp":"2026-01-31 14:25:37,620+0530","service":"FyersDataSocket"}
{"level":"ERROR","location":"[access_token_to_hsmtoken:272] data_ws","message":{"type":"cn","code":-99,"message":"Token is expired","s":"error"},"timestamp":"2026-01-31 14:25:53,377+0530","service":"FyersDataSocket"}
{"level":"ERROR","location":"[access_token_to_hsmtoken:272] data_ws","message":{"type":"cn","code":-99,"message":"Token is expired","s":"error"},"timestamp":"2026-01-31 14:26:11,260+0530","service":"FyersDataSocket"}
{"level":"ERROR","location":"[access_token_to_hsmtoken:272] data_ws","message":{"type":"cn","code":-99,"message":"Token is expired","s":"error"},"timestamp":"2026-01-31 14:26:28,794+0530","service":"FyersDataSocket"}
{"level":"ERROR","location":"[access_token_to_hsmtoken:272] data_ws","message":{"type":"cn","code":-99,"message":"Token is expired","s":"error"},"timestamp":"2026-01-31 14:26:46,253+0530","service":"FyersDataSocket"}
{"level":"ERROR","location":"[access_token_to_hsmtoken:272] data_ws","message":{"type":"cn","code":-99,"message":"Token is expired","s":"error"},"timestamp":"2026-01-31 14:27:01,818+0530","service":"FyersDataSocket"}
{"level":"ERROR","location":"[access_token_to_hsmtoken:272] data_ws","message":{"type":"cn","code":-99,"message":"Token is expired","s":"error"},"timestamp":"2026-01-31 14:27:16,997+0530","service":"FyersDataSocket"}
{"level":"ERROR","location":"[access_token_to_hsmtoken:272] data_ws","message":{"type":"cn","code":-99,"message":"Token is expired","s":"error"},"timestamp":"2026-01-31 14:27:32,015+0530","service":"FyersDataSocket"}
{"level":"ERROR","location":"[access_token_to_hsmtoken:272] data_ws","message":{"type":"cn","code":-99,"message":"Token is expired","s":"error"},"timestamp":"2026-01-31 14:27:47,042+0530","service":"FyersDataSocket"}
{"level":"ERROR","location":"[access_token_to_hsmtoken:272] data_ws","message":{"type":"cn","code":-99,"message":"Token is expired","s":"error"},"timestamp":"2026-01-31 14:28:02,416+0530","service":"FyersDataSocket"}
{"level":"ERROR","location":"[access_token_to_hsmtoken:272] data_ws","message":{"type":"cn","code":-99,"message":"Token is expired","s":"error"},"timestamp":"2026-01-31 14:28:22,415+0530","service":"FyersDataSocket"}
{"level":"ERROR","location":"[access_token_to_hsmtoken:272] data_ws","message":{"type":"cn","code":-99,"message":"Token is expired","s":"error"},"timestamp":"2026-01-31 14:28:37,422+0530","service":"FyersDataSocket"}
{"level":"ERROR","location":"[access_token_to_hsmtoken:272] data_ws","message":{"type":"cn","code":-99,"message":"Token is expired","s":"error"},"timestamp":"2026-01-31 14:28:52,488+0530","service":"FyersDataSocket"}
{"level":"ERROR","location":"[access_token_to_hsmtoken:272] data_ws","message":{"type":"cn","code":-99,"message":"Token is expired","s":"error"},"timestamp":"2026-01-31 14:29:12,426+0530","service":"FyersDataSocket"}
{"level":"ERROR","location":"[access_token_to_hsmtoken:272] data_ws","message":{"type":"cn","code":-99,"message":"Token is expired","s":"error"},"timestamp":"2026-01-31 14:29:27,474+0530","service":"FyersDataSocket"}
{"level":"ERROR","location":"[access_token_to_hsmtoken:272] data_ws","message":{"type":"cn","code":-99,"message":"Token is expired","s":"error"},"timestamp":"2026-01-31 14:29:44,564+0530","service":"FyersDataSocket"}
{"level":"ERROR","location":"[access_token_to_hsmtoken:272] data_ws","message":{"type":"cn","code":-99,"message":"Token is expired","s":"error"},"timestamp":"2026-01-31 14:29:59,850+0530","service":"FyersDataSocket"}
{"level":"ERROR","location":"[access_token_to_hsmtoken:272] data_ws","message":{"type":"cn","code":-99,"message":"Token is expired","s":"error"},"timestamp":"2026-01-31 14:30:14,833+0530","service":"FyersDataSocket"}
{"level":"ERROR","location":"[access_token_to_hsmtoken:272] data_ws","message":{"type":"cn","code":-99,"message":"Token is expired","s":"error"},"timestamp":"2026-01-31 14:30:29,806+0530","service":"FyersDataSocket"}
{"level":"ERROR","location":"[access_token_to_hsmtoken:272] data_ws","message":{"type":"cn","code":-99,"message":"Token is expired","s":"error"},"timestamp":"2026-01-31 14:30:49,806+0530","service":"FyersDataSocket"}
{"level":"ERROR","location":"[access_token_to_hsmtoken:272] data_ws","message":{"type":"cn","code":-99,"message":"Token is expired","s":"error"},"timestamp":"2026-01-31 14:31:04,829+0530","service":"FyersDataSocket"}
{"level":"ERROR","location":"[access_token_to_hsmtoken:272] data_ws","message":{"type":"cn","code":-99,"message":"Token is expired","s":"error"},"timestamp":"2026-01-31 14:31:19,841+0530","service":"FyersDataSocket"}
{"level":"ERROR","location":"[access_token_to_hsmtoken:272] data_ws","message":{"type":"cn","code":-99,"message":"Token is expired","s":"error"},"timestamp":"2026-01-31 14:31:34,847+0530","service":"FyersDataSocket"}
{"level":"ERROR","location":"[access_token_to_hsmtoken:272] data_ws","message":{"type":"cn","code":-99,"message":"Token is expired","s":"error"},"timestamp":"2026-01-31 14:31:49,954+0530","service":"FyersDataSocket"}
{"level":"ERROR","location":"[access_token_to_hsmtoken:272] data_ws","message":{"type":"cn","code":-99,"message":"Token is expired","s":"error"},"timestamp":"2026-01-31 14:32:04,983+0530","service":"FyersDataSocket"}
{"level":"ERROR","location":"[access_token_to_hsmtoken:272] data_ws","message":{"type":"cn","code":-99,"message":"Token is expired","s":"error"},"timestamp":"2026-01-31 14:32:19,997+0530","service":"FyersDataSocket"}
{"level":"ERROR","location":"[access_token_to_hsmtoken:272] data_ws","message":{"type":"cn","code":-99,"message":"Token is expired","s":"error"},"timestamp":"2026-01-31 14:32:35,033+0530","service":"FyersDataSocket"}
{"level":"ERROR","location":"[access_token_to_hsmtoken:272] data_ws","message":{"type":"cn","code":-99,"message":"Token is expired","s":"error"},"timestamp":"2026-01-31 14:32:50,060+0530","service":"FyersDataSocket"}
{"level":"ERROR","location":"[access_token_to_hsmtoken:272] data_ws","message":{"type":"cn","code":-99,"message":"Token is expired","s":"error"},"timestamp":"2026-01-31 14:33:10,047+0530","service":"FyersDataSocket"}
{"level":"ERROR","location":"[access_token_to_hsmtoken:272] data_ws","message":{"type":"cn","code":-99,"message":"Token is expired","s":"error"},"timestamp":"2026-01-31 14:33:25,098+0530","service":"FyersDataSocket"}
{"level":"ERROR","location":"[access_token_to_hsmtoken:272] data_ws","message":{"type":"cn","code":-99,"message":"Token is expired","s":"error"},"timestamp":"2026-01-31 14:33:45,100+0530","service":"FyersDataSocket"}
{"level":"ERROR","location":"[access_token_to_hsmtoken:272] data_ws","message":{"type":"cn","code":-99,"message":"Token is expired","s":"error"},"timestamp":"2026-01-31 14:34:00,104+0530","service":"FyersDataSocket"}
{"level":"ERROR","location":"[access_token_to_hsmtoken:272] data_ws","message":{"type":"cn","code":-99,"message":"Token is expired","s":"error"},"timestamp":"2026-01-31 14:34:20,103+0530","service":"FyersDataSocket"}
{"level":"ERROR","location":"[access_token_to_hsmtoken:272] data_ws","message":{"type":"cn","code":-99,"message":"Token is expired","s":"error"},"timestamp":"2026-01-31 14:34:35,108+0530","service":"FyersDataSocket"}
{"level":"ERROR","location":"[access_token_to_hsmtoken:272] data_ws","message":{"type":"cn","code":-99,"message":"Token is expired","s":"error"},"timestamp":"2026-01-31 14:34:50,121+0530","service":"FyersDataSocket"}
{"level":"ERROR","location":"[access_token_to_hsmtoken:272] data_ws","message":{"type":"cn","code":-99,"message":"Token is expired","s":"error"},"timestamp":"2026-01-31 14:35:05,153+0530","service":"FyersDataSocket"}
{"level":"ERROR","location":"[access_token_to_hsmtoken:272] data_ws","message":{"type":"cn","code":-99,"message":"Token is expired","s":"error"},"timestamp":"2026-01-31 14:35:25,126+0530","service":"FyersDataSocket"}
{"level":"ERROR","location":"[access_token_to_hsmtoken:272] data_ws","message":{"type":"cn","code":-99,"message":"Token is expired","s":"error"},"timestamp":"2026-01-31 14:35:40,147+0530","service":"FyersDataSocket"}
{"level":"ERROR","location":"[access_token_to_hsmtoken:272] data_ws","message":{"type":"cn","code":-99,"message":"Token is expired","s":"error"},"timestamp":"2026-01-31 14:35:55,175+0530","service":"FyersDataSocket"}
{"level":"ERROR","location":"[access_token_to_hsmtoken:272] data_ws","message":{"type":"cn","code":-99,"message":"Token is expired","s":"error"},"timestamp":"2026-01-31 14:36:10,187+0530","service":"FyersDataSocket"}
{"level":"ERROR","location":"[access_token_to_hsmtoken:272] data_ws","message":{"type":"cn","code":-99,"message":"Token is expired","s":"error"},"timestamp":"2026-01-31 14:36:30,157+0530","service":"FyersDataSocket"}
{"level":"ERROR","location":"[access_token_to_hsmtoken:272] data_ws","message":{"type":"cn","code":-99,"message":"Token is expired","s":"error"},"timestamp":"2026-01-31 14:36:45,183+0530","service":"FyersDataSocket"}
{"level":"ERROR","location":"[access_token_to_hsmtoken:272] data_ws","message":{"type":"cn","code":-99,"message":"Token is expired","s":"error"},"timestamp":"2026-01-31 14:37:05,186+0530","service":"FyersDataSocket"}
{"level":"ERROR","location":"[access_token_to_hsmtoken:272] data_ws","message":{"type":"cn","code":-99,"message":"Token is expired","s":"error"},"timestamp":"2026-01-31 14:37:25,175+0530","service":"FyersDataSocket"}
